2025-05-02 09:10:38,099 - app - INFO - Database initialized successfully
2025-05-02 09:10:38,180 - werkzeug - INFO - [31m[1mWARNING: This is a development server. Do not use it in a production deployment. Use a production WSGI server instead.[0m
 * Running on http://127.0.0.1:5000
2025-05-02 09:10:38,181 - werkzeug - INFO - [33mPress CTRL+C to quit[0m
2025-05-02 09:10:44,024 - app - ERROR - Exception on / [GET]
Traceback (most recent call last):
  File "C:\Python313\Lib\site-packages\flask\app.py", line 1511, in wsgi_app
    response = self.full_dispatch_request()
  File "C:\Python313\Lib\site-packages\flask\app.py", line 919, in full_dispatch_request
    rv = self.handle_user_exception(e)
  File "C:\Python313\Lib\site-packages\flask\app.py", line 917, in full_dispatch_request
    rv = self.dispatch_request()
  File "C:\Python313\Lib\site-packages\flask\app.py", line 902, in dispatch_request
    return self.ensure_sync(self.view_functions[rule.endpoint])(**view_args)  # type: ignore[no-any-return]
           ~~~~~~~~~~~~~~~~~~~~~~~~~~~~~~~~~~~~~~~~~~~~~~~~~~~~^^^^^^^^^^^^^
  File "C:\Users\pc\Desktop\UTU_Hack\Chatbot\app.py", line 288, in home
    return render_template('home.html')
  File "C:\Python313\Lib\site-packages\flask\templating.py", line 149, in render_template
    template = app.jinja_env.get_or_select_template(template_name_or_list)
  File "C:\Python313\Lib\site-packages\jinja2\environment.py", line 1087, in get_or_select_template
    return self.get_template(template_name_or_list, parent, globals)
           ~~~~~~~~~~~~~~~~~^^^^^^^^^^^^^^^^^^^^^^^^^^^^^^^^^^^^^^^^
  File "C:\Python313\Lib\site-packages\jinja2\environment.py", line 1016, in get_template
    return self._load_template(name, globals)
           ~~~~~~~~~~~~~~~~~~~^^^^^^^^^^^^^^^
  File "C:\Python313\Lib\site-packages\jinja2\environment.py", line 975, in _load_template
    template = self.loader.load(self, name, self.make_globals(globals))
  File "C:\Python313\Lib\site-packages\jinja2\loaders.py", line 126, in load
    source, filename, uptodate = self.get_source(environment, name)
                                 ~~~~~~~~~~~~~~~^^^^^^^^^^^^^^^^^^^
  File "C:\Python313\Lib\site-packages\flask\templating.py", line 65, in get_source
    return self._get_source_fast(environment, template)
           ~~~~~~~~~~~~~~~~~~~~~^^^^^^^^^^^^^^^^^^^^^^^
  File "C:\Python313\Lib\site-packages\flask\templating.py", line 99, in _get_source_fast
    raise TemplateNotFound(template)
jinja2.exceptions.TemplateNotFound: home.html
2025-05-02 09:10:44,060 - werkzeug - INFO - 127.0.0.1 - - [02/May/2025 09:10:44] "[35m[1mGET / HTTP/1.1[0m" 500 -
2025-05-02 09:10:44,134 - app - ERROR - Exception on /favicon.ico [GET]
Traceback (most recent call last):
  File "C:\Python313\Lib\site-packages\flask\app.py", line 917, in full_dispatch_request
    rv = self.dispatch_request()
  File "C:\Python313\Lib\site-packages\flask\app.py", line 891, in dispatch_request
    self.raise_routing_exception(req)
    ~~~~~~~~~~~~~~~~~~~~~~~~~~~~^^^^^
  File "C:\Python313\Lib\site-packages\flask\app.py", line 500, in raise_routing_exception
    raise request.routing_exception  # type: ignore[misc]
    ^^^^^^^^^^^^^^^^^^^^^^^^^^^^^^^
  File "C:\Python313\Lib\site-packages\flask\ctx.py", line 362, in match_request
    result = self.url_adapter.match(return_rule=True)  # type: ignore
  File "C:\Python313\Lib\site-packages\werkzeug\routing\map.py", line 629, in match
    raise NotFound() from None
werkzeug.exceptions.NotFound: 404 Not Found: The requested URL was not found on the server. If you entered the URL manually please check your spelling and try again.

During handling of the above exception, another exception occurred:

Traceback (most recent call last):
  File "C:\Python313\Lib\site-packages\flask\app.py", line 1511, in wsgi_app
    response = self.full_dispatch_request()
  File "C:\Python313\Lib\site-packages\flask\app.py", line 919, in full_dispatch_request
    rv = self.handle_user_exception(e)
  File "C:\Python313\Lib\site-packages\flask\app.py", line 802, in handle_user_exception
    return self.handle_http_exception(e)
           ~~~~~~~~~~~~~~~~~~~~~~~~~~^^^
  File "C:\Python313\Lib\site-packages\flask\app.py", line 777, in handle_http_exception
    return self.ensure_sync(handler)(e)  # type: ignore[no-any-return]
           ~~~~~~~~~~~~~~~~~~~~~~~~~^^^
  File "C:\Users\pc\Desktop\UTU_Hack\Chatbot\app.py", line 313, in page_not_found
    return render_template('errors/404.html'), 404
           ~~~~~~~~~~~~~~~^^^^^^^^^^^^^^^^^^^
  File "C:\Python313\Lib\site-packages\flask\templating.py", line 149, in render_template
    template = app.jinja_env.get_or_select_template(template_name_or_list)
  File "C:\Python313\Lib\site-packages\jinja2\environment.py", line 1087, in get_or_select_template
    return self.get_template(template_name_or_list, parent, globals)
           ~~~~~~~~~~~~~~~~~^^^^^^^^^^^^^^^^^^^^^^^^^^^^^^^^^^^^^^^^
  File "C:\Python313\Lib\site-packages\jinja2\environment.py", line 1016, in get_template
    return self._load_template(name, globals)
           ~~~~~~~~~~~~~~~~~~~^^^^^^^^^^^^^^^
  File "C:\Python313\Lib\site-packages\jinja2\environment.py", line 975, in _load_template
    template = self.loader.load(self, name, self.make_globals(globals))
  File "C:\Python313\Lib\site-packages\jinja2\loaders.py", line 126, in load
    source, filename, uptodate = self.get_source(environment, name)
                                 ~~~~~~~~~~~~~~~^^^^^^^^^^^^^^^^^^^
  File "C:\Python313\Lib\site-packages\flask\templating.py", line 65, in get_source
    return self._get_source_fast(environment, template)
           ~~~~~~~~~~~~~~~~~~~~~^^^^^^^^^^^^^^^^^^^^^^^
  File "C:\Python313\Lib\site-packages\flask\templating.py", line 99, in _get_source_fast
    raise TemplateNotFound(template)
jinja2.exceptions.TemplateNotFound: errors/404.html
2025-05-02 09:10:44,201 - werkzeug - INFO - 127.0.0.1 - - [02/May/2025 09:10:44] "[35m[1mGET /favicon.ico HTTP/1.1[0m" 500 -
2025-05-02 09:10:44,328 - werkzeug - ERROR - Error on request:
Traceback (most recent call last):
  File "C:\Python313\Lib\site-packages\flask\app.py", line 1511, in wsgi_app
    response = self.full_dispatch_request()
  File "C:\Python313\Lib\site-packages\flask\app.py", line 919, in full_dispatch_request
    rv = self.handle_user_exception(e)
  File "C:\Python313\Lib\site-packages\flask\app.py", line 917, in full_dispatch_request
    rv = self.dispatch_request()
  File "C:\Python313\Lib\site-packages\flask\app.py", line 902, in dispatch_request
    return self.ensure_sync(self.view_functions[rule.endpoint])(**view_args)  # type: ignore[no-any-return]
           ~~~~~~~~~~~~~~~~~~~~~~~~~~~~~~~~~~~~~~~~~~~~~~~~~~~~^^^^^^^^^^^^^
  File "C:\Users\pc\Desktop\UTU_Hack\Chatbot\app.py", line 288, in home
    return render_template('home.html')
  File "C:\Python313\Lib\site-packages\flask\templating.py", line 149, in render_template
    template = app.jinja_env.get_or_select_template(template_name_or_list)
  File "C:\Python313\Lib\site-packages\jinja2\environment.py", line 1087, in get_or_select_template
    return self.get_template(template_name_or_list, parent, globals)
           ~~~~~~~~~~~~~~~~~^^^^^^^^^^^^^^^^^^^^^^^^^^^^^^^^^^^^^^^^
  File "C:\Python313\Lib\site-packages\jinja2\environment.py", line 1016, in get_template
    return self._load_template(name, globals)
           ~~~~~~~~~~~~~~~~~~~^^^^^^^^^^^^^^^
  File "C:\Python313\Lib\site-packages\jinja2\environment.py", line 975, in _load_template
    template = self.loader.load(self, name, self.make_globals(globals))
  File "C:\Python313\Lib\site-packages\jinja2\loaders.py", line 126, in load
    source, filename, uptodate = self.get_source(environment, name)
                                 ~~~~~~~~~~~~~~~^^^^^^^^^^^^^^^^^^^
  File "C:\Python313\Lib\site-packages\flask\templating.py", line 65, in get_source
    return self._get_source_fast(environment, template)
           ~~~~~~~~~~~~~~~~~~~~~^^^^^^^^^^^^^^^^^^^^^^^
  File "C:\Python313\Lib\site-packages\flask\templating.py", line 99, in _get_source_fast
    raise TemplateNotFound(template)
jinja2.exceptions.TemplateNotFound: home.html

During handling of the above exception, another exception occurred:

Traceback (most recent call last):
  File "C:\Python313\Lib\site-packages\werkzeug\serving.py", line 370, in run_wsgi
    execute(self.server.app)
    ~~~~~~~^^^^^^^^^^^^^^^^^
  File "C:\Python313\Lib\site-packages\werkzeug\serving.py", line 331, in execute
    application_iter = app(environ, start_response)
  File "C:\Python313\Lib\site-packages\flask\app.py", line 1536, in __call__
    return self.wsgi_app(environ, start_response)
           ~~~~~~~~~~~~~^^^^^^^^^^^^^^^^^^^^^^^^^
  File "C:\Python313\Lib\site-packages\flask\app.py", line 1514, in wsgi_app
    response = self.handle_exception(e)
  File "C:\Python313\Lib\site-packages\flask\app.py", line 860, in handle_exception
    server_error = self.ensure_sync(handler)(server_error)
  File "C:\Users\pc\Desktop\UTU_Hack\Chatbot\app.py", line 321, in internal_error
    return render_template('errors/500.html'), 500
           ~~~~~~~~~~~~~~~^^^^^^^^^^^^^^^^^^^
  File "C:\Python313\Lib\site-packages\flask\templating.py", line 149, in render_template
    template = app.jinja_env.get_or_select_template(template_name_or_list)
  File "C:\Python313\Lib\site-packages\jinja2\environment.py", line 1087, in get_or_select_template
    return self.get_template(template_name_or_list, parent, globals)
           ~~~~~~~~~~~~~~~~~^^^^^^^^^^^^^^^^^^^^^^^^^^^^^^^^^^^^^^^^
  File "C:\Python313\Lib\site-packages\jinja2\environment.py", line 1016, in get_template
    return self._load_template(name, globals)
           ~~~~~~~~~~~~~~~~~~~^^^^^^^^^^^^^^^
  File "C:\Python313\Lib\site-packages\jinja2\environment.py", line 975, in _load_template
    template = self.loader.load(self, name, self.make_globals(globals))
  File "C:\Python313\Lib\site-packages\jinja2\loaders.py", line 126, in load
    source, filename, uptodate = self.get_source(environment, name)
                                 ~~~~~~~~~~~~~~~^^^^^^^^^^^^^^^^^^^
  File "C:\Python313\Lib\site-packages\flask\templating.py", line 65, in get_source
    return self._get_source_fast(environment, template)
           ~~~~~~~~~~~~~~~~~~~~~^^^^^^^^^^^^^^^^^^^^^^^
  File "C:\Python313\Lib\site-packages\flask\templating.py", line 99, in _get_source_fast
    raise TemplateNotFound(template)
jinja2.exceptions.TemplateNotFound: errors/500.html
2025-05-02 09:10:44,351 - werkzeug - ERROR - Error on request:
Traceback (most recent call last):
  File "C:\Python313\Lib\site-packages\flask\app.py", line 917, in full_dispatch_request
    rv = self.dispatch_request()
  File "C:\Python313\Lib\site-packages\flask\app.py", line 891, in dispatch_request
    self.raise_routing_exception(req)
    ~~~~~~~~~~~~~~~~~~~~~~~~~~~~^^^^^
  File "C:\Python313\Lib\site-packages\flask\app.py", line 500, in raise_routing_exception
    raise request.routing_exception  # type: ignore[misc]
    ^^^^^^^^^^^^^^^^^^^^^^^^^^^^^^^
  File "C:\Python313\Lib\site-packages\flask\ctx.py", line 362, in match_request
    result = self.url_adapter.match(return_rule=True)  # type: ignore
  File "C:\Python313\Lib\site-packages\werkzeug\routing\map.py", line 629, in match
    raise NotFound() from None
werkzeug.exceptions.NotFound: 404 Not Found: The requested URL was not found on the server. If you entered the URL manually please check your spelling and try again.

During handling of the above exception, another exception occurred:

Traceback (most recent call last):
  File "C:\Python313\Lib\site-packages\flask\app.py", line 1511, in wsgi_app
    response = self.full_dispatch_request()
  File "C:\Python313\Lib\site-packages\flask\app.py", line 919, in full_dispatch_request
    rv = self.handle_user_exception(e)
  File "C:\Python313\Lib\site-packages\flask\app.py", line 802, in handle_user_exception
    return self.handle_http_exception(e)
           ~~~~~~~~~~~~~~~~~~~~~~~~~~^^^
  File "C:\Python313\Lib\site-packages\flask\app.py", line 777, in handle_http_exception
    return self.ensure_sync(handler)(e)  # type: ignore[no-any-return]
           ~~~~~~~~~~~~~~~~~~~~~~~~~^^^
  File "C:\Users\pc\Desktop\UTU_Hack\Chatbot\app.py", line 313, in page_not_found
    return render_template('errors/404.html'), 404
           ~~~~~~~~~~~~~~~^^^^^^^^^^^^^^^^^^^
  File "C:\Python313\Lib\site-packages\flask\templating.py", line 149, in render_template
    template = app.jinja_env.get_or_select_template(template_name_or_list)
  File "C:\Python313\Lib\site-packages\jinja2\environment.py", line 1087, in get_or_select_template
    return self.get_template(template_name_or_list, parent, globals)
           ~~~~~~~~~~~~~~~~~^^^^^^^^^^^^^^^^^^^^^^^^^^^^^^^^^^^^^^^^
  File "C:\Python313\Lib\site-packages\jinja2\environment.py", line 1016, in get_template
    return self._load_template(name, globals)
           ~~~~~~~~~~~~~~~~~~~^^^^^^^^^^^^^^^
  File "C:\Python313\Lib\site-packages\jinja2\environment.py", line 975, in _load_template
    template = self.loader.load(self, name, self.make_globals(globals))
  File "C:\Python313\Lib\site-packages\jinja2\loaders.py", line 126, in load
    source, filename, uptodate = self.get_source(environment, name)
                                 ~~~~~~~~~~~~~~~^^^^^^^^^^^^^^^^^^^
  File "C:\Python313\Lib\site-packages\flask\templating.py", line 65, in get_source
    return self._get_source_fast(environment, template)
           ~~~~~~~~~~~~~~~~~~~~~^^^^^^^^^^^^^^^^^^^^^^^
  File "C:\Python313\Lib\site-packages\flask\templating.py", line 99, in _get_source_fast
    raise TemplateNotFound(template)
jinja2.exceptions.TemplateNotFound: errors/404.html

During handling of the above exception, another exception occurred:

Traceback (most recent call last):
  File "C:\Python313\Lib\site-packages\werkzeug\serving.py", line 370, in run_wsgi
    execute(self.server.app)
    ~~~~~~~^^^^^^^^^^^^^^^^^
  File "C:\Python313\Lib\site-packages\werkzeug\serving.py", line 331, in execute
    application_iter = app(environ, start_response)
  File "C:\Python313\Lib\site-packages\flask\app.py", line 1536, in __call__
    return self.wsgi_app(environ, start_response)
           ~~~~~~~~~~~~~^^^^^^^^^^^^^^^^^^^^^^^^^
  File "C:\Python313\Lib\site-packages\flask\app.py", line 1514, in wsgi_app
    response = self.handle_exception(e)
  File "C:\Python313\Lib\site-packages\flask\app.py", line 860, in handle_exception
    server_error = self.ensure_sync(handler)(server_error)
  File "C:\Users\pc\Desktop\UTU_Hack\Chatbot\app.py", line 321, in internal_error
    return render_template('errors/500.html'), 500
           ~~~~~~~~~~~~~~~^^^^^^^^^^^^^^^^^^^
  File "C:\Python313\Lib\site-packages\flask\templating.py", line 149, in render_template
    template = app.jinja_env.get_or_select_template(template_name_or_list)
  File "C:\Python313\Lib\site-packages\jinja2\environment.py", line 1087, in get_or_select_template
    return self.get_template(template_name_or_list, parent, globals)
           ~~~~~~~~~~~~~~~~~^^^^^^^^^^^^^^^^^^^^^^^^^^^^^^^^^^^^^^^^
  File "C:\Python313\Lib\site-packages\jinja2\environment.py", line 1016, in get_template
    return self._load_template(name, globals)
           ~~~~~~~~~~~~~~~~~~~^^^^^^^^^^^^^^^
  File "C:\Python313\Lib\site-packages\jinja2\environment.py", line 975, in _load_template
    template = self.loader.load(self, name, self.make_globals(globals))
  File "C:\Python313\Lib\site-packages\jinja2\loaders.py", line 126, in load
    source, filename, uptodate = self.get_source(environment, name)
                                 ~~~~~~~~~~~~~~~^^^^^^^^^^^^^^^^^^^
  File "C:\Python313\Lib\site-packages\flask\templating.py", line 65, in get_source
    return self._get_source_fast(environment, template)
           ~~~~~~~~~~~~~~~~~~~~~^^^^^^^^^^^^^^^^^^^^^^^
  File "C:\Python313\Lib\site-packages\flask\templating.py", line 99, in _get_source_fast
    raise TemplateNotFound(template)
jinja2.exceptions.TemplateNotFound: errors/500.html
2025-05-02 09:11:01,721 - app - INFO - Database initialized successfully
2025-05-02 09:11:01,735 - werkzeug - INFO - [31m[1mWARNING: This is a development server. Do not use it in a production deployment. Use a production WSGI server instead.[0m
 * Running on http://127.0.0.1:5000
2025-05-02 09:11:01,735 - werkzeug - INFO - [33mPress CTRL+C to quit[0m
2025-05-02 09:11:06,581 - app - ERROR - Exception on / [GET]
Traceback (most recent call last):
  File "C:\Python313\Lib\site-packages\flask\app.py", line 1511, in wsgi_app
    response = self.full_dispatch_request()
  File "C:\Python313\Lib\site-packages\flask\app.py", line 919, in full_dispatch_request
    rv = self.handle_user_exception(e)
  File "C:\Python313\Lib\site-packages\flask\app.py", line 917, in full_dispatch_request
    rv = self.dispatch_request()
  File "C:\Python313\Lib\site-packages\flask\app.py", line 902, in dispatch_request
    return self.ensure_sync(self.view_functions[rule.endpoint])(**view_args)  # type: ignore[no-any-return]
           ~~~~~~~~~~~~~~~~~~~~~~~~~~~~~~~~~~~~~~~~~~~~~~~~~~~~^^^^^^^^^^^^^
  File "C:\Users\pc\Desktop\UTU_Hack\Chatbot\app.py", line 288, in home
    return render_template('home.html')
  File "C:\Python313\Lib\site-packages\flask\templating.py", line 149, in render_template
    template = app.jinja_env.get_or_select_template(template_name_or_list)
  File "C:\Python313\Lib\site-packages\jinja2\environment.py", line 1087, in get_or_select_template
    return self.get_template(template_name_or_list, parent, globals)
           ~~~~~~~~~~~~~~~~~^^^^^^^^^^^^^^^^^^^^^^^^^^^^^^^^^^^^^^^^
  File "C:\Python313\Lib\site-packages\jinja2\environment.py", line 1016, in get_template
    return self._load_template(name, globals)
           ~~~~~~~~~~~~~~~~~~~^^^^^^^^^^^^^^^
  File "C:\Python313\Lib\site-packages\jinja2\environment.py", line 975, in _load_template
    template = self.loader.load(self, name, self.make_globals(globals))
  File "C:\Python313\Lib\site-packages\jinja2\loaders.py", line 126, in load
    source, filename, uptodate = self.get_source(environment, name)
                                 ~~~~~~~~~~~~~~~^^^^^^^^^^^^^^^^^^^
  File "C:\Python313\Lib\site-packages\flask\templating.py", line 65, in get_source
    return self._get_source_fast(environment, template)
           ~~~~~~~~~~~~~~~~~~~~~^^^^^^^^^^^^^^^^^^^^^^^
  File "C:\Python313\Lib\site-packages\flask\templating.py", line 99, in _get_source_fast
    raise TemplateNotFound(template)
jinja2.exceptions.TemplateNotFound: home.html
2025-05-02 09:11:06,596 - werkzeug - INFO - 127.0.0.1 - - [02/May/2025 09:11:06] "[35m[1mGET / HTTP/1.1[0m" 500 -
2025-05-02 09:11:06,668 - app - ERROR - Exception on /favicon.ico [GET]
Traceback (most recent call last):
  File "C:\Python313\Lib\site-packages\flask\app.py", line 917, in full_dispatch_request
    rv = self.dispatch_request()
  File "C:\Python313\Lib\site-packages\flask\app.py", line 891, in dispatch_request
    self.raise_routing_exception(req)
    ~~~~~~~~~~~~~~~~~~~~~~~~~~~~^^^^^
  File "C:\Python313\Lib\site-packages\flask\app.py", line 500, in raise_routing_exception
    raise request.routing_exception  # type: ignore[misc]
    ^^^^^^^^^^^^^^^^^^^^^^^^^^^^^^^
  File "C:\Python313\Lib\site-packages\flask\ctx.py", line 362, in match_request
    result = self.url_adapter.match(return_rule=True)  # type: ignore
  File "C:\Python313\Lib\site-packages\werkzeug\routing\map.py", line 629, in match
    raise NotFound() from None
werkzeug.exceptions.NotFound: 404 Not Found: The requested URL was not found on the server. If you entered the URL manually please check your spelling and try again.

During handling of the above exception, another exception occurred:

Traceback (most recent call last):
  File "C:\Python313\Lib\site-packages\flask\app.py", line 1511, in wsgi_app
    response = self.full_dispatch_request()
  File "C:\Python313\Lib\site-packages\flask\app.py", line 919, in full_dispatch_request
    rv = self.handle_user_exception(e)
  File "C:\Python313\Lib\site-packages\flask\app.py", line 802, in handle_user_exception
    return self.handle_http_exception(e)
           ~~~~~~~~~~~~~~~~~~~~~~~~~~^^^
  File "C:\Python313\Lib\site-packages\flask\app.py", line 777, in handle_http_exception
    return self.ensure_sync(handler)(e)  # type: ignore[no-any-return]
           ~~~~~~~~~~~~~~~~~~~~~~~~~^^^
  File "C:\Users\pc\Desktop\UTU_Hack\Chatbot\app.py", line 313, in page_not_found
    return render_template('errors/404.html'), 404
           ~~~~~~~~~~~~~~~^^^^^^^^^^^^^^^^^^^
  File "C:\Python313\Lib\site-packages\flask\templating.py", line 149, in render_template
    template = app.jinja_env.get_or_select_template(template_name_or_list)
  File "C:\Python313\Lib\site-packages\jinja2\environment.py", line 1087, in get_or_select_template
    return self.get_template(template_name_or_list, parent, globals)
           ~~~~~~~~~~~~~~~~~^^^^^^^^^^^^^^^^^^^^^^^^^^^^^^^^^^^^^^^^
  File "C:\Python313\Lib\site-packages\jinja2\environment.py", line 1016, in get_template
    return self._load_template(name, globals)
           ~~~~~~~~~~~~~~~~~~~^^^^^^^^^^^^^^^
  File "C:\Python313\Lib\site-packages\jinja2\environment.py", line 975, in _load_template
    template = self.loader.load(self, name, self.make_globals(globals))
  File "C:\Python313\Lib\site-packages\jinja2\loaders.py", line 126, in load
    source, filename, uptodate = self.get_source(environment, name)
                                 ~~~~~~~~~~~~~~~^^^^^^^^^^^^^^^^^^^
  File "C:\Python313\Lib\site-packages\flask\templating.py", line 65, in get_source
    return self._get_source_fast(environment, template)
           ~~~~~~~~~~~~~~~~~~~~~^^^^^^^^^^^^^^^^^^^^^^^
  File "C:\Python313\Lib\site-packages\flask\templating.py", line 99, in _get_source_fast
    raise TemplateNotFound(template)
jinja2.exceptions.TemplateNotFound: errors/404.html
2025-05-02 09:11:06,673 - werkzeug - ERROR - Error on request:
Traceback (most recent call last):
  File "C:\Python313\Lib\site-packages\flask\app.py", line 1511, in wsgi_app
    response = self.full_dispatch_request()
  File "C:\Python313\Lib\site-packages\flask\app.py", line 919, in full_dispatch_request
    rv = self.handle_user_exception(e)
  File "C:\Python313\Lib\site-packages\flask\app.py", line 917, in full_dispatch_request
    rv = self.dispatch_request()
  File "C:\Python313\Lib\site-packages\flask\app.py", line 902, in dispatch_request
    return self.ensure_sync(self.view_functions[rule.endpoint])(**view_args)  # type: ignore[no-any-return]
           ~~~~~~~~~~~~~~~~~~~~~~~~~~~~~~~~~~~~~~~~~~~~~~~~~~~~^^^^^^^^^^^^^
  File "C:\Users\pc\Desktop\UTU_Hack\Chatbot\app.py", line 288, in home
    return render_template('home.html')
  File "C:\Python313\Lib\site-packages\flask\templating.py", line 149, in render_template
    template = app.jinja_env.get_or_select_template(template_name_or_list)
  File "C:\Python313\Lib\site-packages\jinja2\environment.py", line 1087, in get_or_select_template
    return self.get_template(template_name_or_list, parent, globals)
           ~~~~~~~~~~~~~~~~~^^^^^^^^^^^^^^^^^^^^^^^^^^^^^^^^^^^^^^^^
  File "C:\Python313\Lib\site-packages\jinja2\environment.py", line 1016, in get_template
    return self._load_template(name, globals)
           ~~~~~~~~~~~~~~~~~~~^^^^^^^^^^^^^^^
  File "C:\Python313\Lib\site-packages\jinja2\environment.py", line 975, in _load_template
    template = self.loader.load(self, name, self.make_globals(globals))
  File "C:\Python313\Lib\site-packages\jinja2\loaders.py", line 126, in load
    source, filename, uptodate = self.get_source(environment, name)
                                 ~~~~~~~~~~~~~~~^^^^^^^^^^^^^^^^^^^
  File "C:\Python313\Lib\site-packages\flask\templating.py", line 65, in get_source
    return self._get_source_fast(environment, template)
           ~~~~~~~~~~~~~~~~~~~~~^^^^^^^^^^^^^^^^^^^^^^^
  File "C:\Python313\Lib\site-packages\flask\templating.py", line 99, in _get_source_fast
    raise TemplateNotFound(template)
jinja2.exceptions.TemplateNotFound: home.html

During handling of the above exception, another exception occurred:

Traceback (most recent call last):
  File "C:\Python313\Lib\site-packages\werkzeug\serving.py", line 370, in run_wsgi
    execute(self.server.app)
    ~~~~~~~^^^^^^^^^^^^^^^^^
  File "C:\Python313\Lib\site-packages\werkzeug\serving.py", line 331, in execute
    application_iter = app(environ, start_response)
  File "C:\Python313\Lib\site-packages\flask\app.py", line 1536, in __call__
    return self.wsgi_app(environ, start_response)
           ~~~~~~~~~~~~~^^^^^^^^^^^^^^^^^^^^^^^^^
  File "C:\Python313\Lib\site-packages\flask\app.py", line 1514, in wsgi_app
    response = self.handle_exception(e)
  File "C:\Python313\Lib\site-packages\flask\app.py", line 860, in handle_exception
    server_error = self.ensure_sync(handler)(server_error)
  File "C:\Users\pc\Desktop\UTU_Hack\Chatbot\app.py", line 321, in internal_error
    return render_template('errors/500.html'), 500
           ~~~~~~~~~~~~~~~^^^^^^^^^^^^^^^^^^^
  File "C:\Python313\Lib\site-packages\flask\templating.py", line 149, in render_template
    template = app.jinja_env.get_or_select_template(template_name_or_list)
  File "C:\Python313\Lib\site-packages\jinja2\environment.py", line 1087, in get_or_select_template
    return self.get_template(template_name_or_list, parent, globals)
           ~~~~~~~~~~~~~~~~~^^^^^^^^^^^^^^^^^^^^^^^^^^^^^^^^^^^^^^^^
  File "C:\Python313\Lib\site-packages\jinja2\environment.py", line 1016, in get_template
    return self._load_template(name, globals)
           ~~~~~~~~~~~~~~~~~~~^^^^^^^^^^^^^^^
  File "C:\Python313\Lib\site-packages\jinja2\environment.py", line 975, in _load_template
    template = self.loader.load(self, name, self.make_globals(globals))
  File "C:\Python313\Lib\site-packages\jinja2\loaders.py", line 126, in load
    source, filename, uptodate = self.get_source(environment, name)
                                 ~~~~~~~~~~~~~~~^^^^^^^^^^^^^^^^^^^
  File "C:\Python313\Lib\site-packages\flask\templating.py", line 65, in get_source
    return self._get_source_fast(environment, template)
           ~~~~~~~~~~~~~~~~~~~~~^^^^^^^^^^^^^^^^^^^^^^^
  File "C:\Python313\Lib\site-packages\flask\templating.py", line 99, in _get_source_fast
    raise TemplateNotFound(template)
jinja2.exceptions.TemplateNotFound: errors/500.html
2025-05-02 09:11:06,678 - werkzeug - INFO - 127.0.0.1 - - [02/May/2025 09:11:06] "[35m[1mGET /favicon.ico HTTP/1.1[0m" 500 -
2025-05-02 09:11:06,688 - werkzeug - ERROR - Error on request:
Traceback (most recent call last):
  File "C:\Python313\Lib\site-packages\flask\app.py", line 917, in full_dispatch_request
    rv = self.dispatch_request()
  File "C:\Python313\Lib\site-packages\flask\app.py", line 891, in dispatch_request
    self.raise_routing_exception(req)
    ~~~~~~~~~~~~~~~~~~~~~~~~~~~~^^^^^
  File "C:\Python313\Lib\site-packages\flask\app.py", line 500, in raise_routing_exception
    raise request.routing_exception  # type: ignore[misc]
    ^^^^^^^^^^^^^^^^^^^^^^^^^^^^^^^
  File "C:\Python313\Lib\site-packages\flask\ctx.py", line 362, in match_request
    result = self.url_adapter.match(return_rule=True)  # type: ignore
  File "C:\Python313\Lib\site-packages\werkzeug\routing\map.py", line 629, in match
    raise NotFound() from None
werkzeug.exceptions.NotFound: 404 Not Found: The requested URL was not found on the server. If you entered the URL manually please check your spelling and try again.

During handling of the above exception, another exception occurred:

Traceback (most recent call last):
  File "C:\Python313\Lib\site-packages\flask\app.py", line 1511, in wsgi_app
    response = self.full_dispatch_request()
  File "C:\Python313\Lib\site-packages\flask\app.py", line 919, in full_dispatch_request
    rv = self.handle_user_exception(e)
  File "C:\Python313\Lib\site-packages\flask\app.py", line 802, in handle_user_exception
    return self.handle_http_exception(e)
           ~~~~~~~~~~~~~~~~~~~~~~~~~~^^^
  File "C:\Python313\Lib\site-packages\flask\app.py", line 777, in handle_http_exception
    return self.ensure_sync(handler)(e)  # type: ignore[no-any-return]
           ~~~~~~~~~~~~~~~~~~~~~~~~~^^^
  File "C:\Users\pc\Desktop\UTU_Hack\Chatbot\app.py", line 313, in page_not_found
    return render_template('errors/404.html'), 404
           ~~~~~~~~~~~~~~~^^^^^^^^^^^^^^^^^^^
  File "C:\Python313\Lib\site-packages\flask\templating.py", line 149, in render_template
    template = app.jinja_env.get_or_select_template(template_name_or_list)
  File "C:\Python313\Lib\site-packages\jinja2\environment.py", line 1087, in get_or_select_template
    return self.get_template(template_name_or_list, parent, globals)
           ~~~~~~~~~~~~~~~~~^^^^^^^^^^^^^^^^^^^^^^^^^^^^^^^^^^^^^^^^
  File "C:\Python313\Lib\site-packages\jinja2\environment.py", line 1016, in get_template
    return self._load_template(name, globals)
           ~~~~~~~~~~~~~~~~~~~^^^^^^^^^^^^^^^
  File "C:\Python313\Lib\site-packages\jinja2\environment.py", line 975, in _load_template
    template = self.loader.load(self, name, self.make_globals(globals))
  File "C:\Python313\Lib\site-packages\jinja2\loaders.py", line 126, in load
    source, filename, uptodate = self.get_source(environment, name)
                                 ~~~~~~~~~~~~~~~^^^^^^^^^^^^^^^^^^^
  File "C:\Python313\Lib\site-packages\flask\templating.py", line 65, in get_source
    return self._get_source_fast(environment, template)
           ~~~~~~~~~~~~~~~~~~~~~^^^^^^^^^^^^^^^^^^^^^^^
  File "C:\Python313\Lib\site-packages\flask\templating.py", line 99, in _get_source_fast
    raise TemplateNotFound(template)
jinja2.exceptions.TemplateNotFound: errors/404.html

During handling of the above exception, another exception occurred:

Traceback (most recent call last):
  File "C:\Python313\Lib\site-packages\werkzeug\serving.py", line 370, in run_wsgi
    execute(self.server.app)
    ~~~~~~~^^^^^^^^^^^^^^^^^
  File "C:\Python313\Lib\site-packages\werkzeug\serving.py", line 331, in execute
    application_iter = app(environ, start_response)
  File "C:\Python313\Lib\site-packages\flask\app.py", line 1536, in __call__
    return self.wsgi_app(environ, start_response)
           ~~~~~~~~~~~~~^^^^^^^^^^^^^^^^^^^^^^^^^
  File "C:\Python313\Lib\site-packages\flask\app.py", line 1514, in wsgi_app
    response = self.handle_exception(e)
  File "C:\Python313\Lib\site-packages\flask\app.py", line 860, in handle_exception
    server_error = self.ensure_sync(handler)(server_error)
  File "C:\Users\pc\Desktop\UTU_Hack\Chatbot\app.py", line 321, in internal_error
    return render_template('errors/500.html'), 500
           ~~~~~~~~~~~~~~~^^^^^^^^^^^^^^^^^^^
  File "C:\Python313\Lib\site-packages\flask\templating.py", line 149, in render_template
    template = app.jinja_env.get_or_select_template(template_name_or_list)
  File "C:\Python313\Lib\site-packages\jinja2\environment.py", line 1087, in get_or_select_template
    return self.get_template(template_name_or_list, parent, globals)
           ~~~~~~~~~~~~~~~~~^^^^^^^^^^^^^^^^^^^^^^^^^^^^^^^^^^^^^^^^
  File "C:\Python313\Lib\site-packages\jinja2\environment.py", line 1016, in get_template
    return self._load_template(name, globals)
           ~~~~~~~~~~~~~~~~~~~^^^^^^^^^^^^^^^
  File "C:\Python313\Lib\site-packages\jinja2\environment.py", line 975, in _load_template
    template = self.loader.load(self, name, self.make_globals(globals))
  File "C:\Python313\Lib\site-packages\jinja2\loaders.py", line 126, in load
    source, filename, uptodate = self.get_source(environment, name)
                                 ~~~~~~~~~~~~~~~^^^^^^^^^^^^^^^^^^^
  File "C:\Python313\Lib\site-packages\flask\templating.py", line 65, in get_source
    return self._get_source_fast(environment, template)
           ~~~~~~~~~~~~~~~~~~~~~^^^^^^^^^^^^^^^^^^^^^^^
  File "C:\Python313\Lib\site-packages\flask\templating.py", line 99, in _get_source_fast
    raise TemplateNotFound(template)
jinja2.exceptions.TemplateNotFound: errors/500.html
2025-05-02 09:14:01,551 - app - INFO - Database initialized successfully
2025-05-02 09:14:01,565 - werkzeug - INFO - [31m[1mWARNING: This is a development server. Do not use it in a production deployment. Use a production WSGI server instead.[0m
 * Running on http://127.0.0.1:5000
2025-05-02 09:14:01,565 - werkzeug - INFO - [33mPress CTRL+C to quit[0m
2025-05-02 09:14:05,007 - werkzeug - INFO - 127.0.0.1 - - [02/May/2025 09:14:05] "GET / HTTP/1.1" 200 -
2025-05-02 09:14:05,147 - werkzeug - INFO - 127.0.0.1 - - [02/May/2025 09:14:05] "[36mGET /static/css/style.css HTTP/1.1[0m" 304 -
2025-05-02 09:14:05,215 - werkzeug - INFO - 127.0.0.1 - - [02/May/2025 09:14:05] "[33mGET /favicon.ico HTTP/1.1[0m" 404 -
2025-05-02 09:14:07,341 - werkzeug - INFO - 127.0.0.1 - - [02/May/2025 09:14:07] "GET /signup HTTP/1.1" 200 -
2025-05-02 09:14:07,394 - werkzeug - INFO - 127.0.0.1 - - [02/May/2025 09:14:07] "GET /static/css/auth.css HTTP/1.1" 200 -
2025-05-02 09:14:07,408 - werkzeug - INFO - 127.0.0.1 - - [02/May/2025 09:14:07] "GET /static/js/auth.js HTTP/1.1" 200 -
2025-05-02 09:14:24,502 - app - INFO - New user registered: ayush
2025-05-02 09:14:24,506 - werkzeug - INFO - 127.0.0.1 - - [02/May/2025 09:14:24] "POST /signup HTTP/1.1" 200 -
2025-05-02 09:14:24,569 - werkzeug - INFO - 127.0.0.1 - - [02/May/2025 09:14:24] "GET /dashboard HTTP/1.1" 200 -
2025-05-02 09:14:24,591 - werkzeug - INFO - 127.0.0.1 - - [02/May/2025 09:14:24] "[36mGET /static/css/style.css HTTP/1.1[0m" 304 -
2025-05-02 09:14:24,639 - werkzeug - INFO - 127.0.0.1 - - [02/May/2025 09:14:24] "GET /static/js/dashboard.js HTTP/1.1" 200 -
2025-05-02 09:14:24,942 - werkzeug - INFO - 127.0.0.1 - - [02/May/2025 09:14:24] "[33mGET /api/get_analytics HTTP/1.1[0m" 404 -
2025-05-02 09:14:37,746 - werkzeug - INFO - 127.0.0.1 - - [02/May/2025 09:14:37] "[33mGET /chatbot?topic=math HTTP/1.1[0m" 404 -
2025-05-02 09:14:37,772 - werkzeug - INFO - 127.0.0.1 - - [02/May/2025 09:14:37] "[36mGET /static/css/style.css HTTP/1.1[0m" 304 -
2025-05-02 09:15:06,886 - werkzeug - INFO - 127.0.0.1 - - [02/May/2025 09:15:06] "[32mGET / HTTP/1.1[0m" 302 -
2025-05-02 09:15:06,897 - werkzeug - INFO - 127.0.0.1 - - [02/May/2025 09:15:06] "GET /dashboard HTTP/1.1" 200 -
2025-05-02 09:15:06,932 - werkzeug - INFO - 127.0.0.1 - - [02/May/2025 09:15:06] "[36mGET /static/css/style.css HTTP/1.1[0m" 304 -
2025-05-02 09:15:06,945 - werkzeug - INFO - 127.0.0.1 - - [02/May/2025 09:15:06] "[36mGET /static/js/dashboard.js HTTP/1.1[0m" 304 -
2025-05-02 09:15:06,960 - werkzeug - INFO - 127.0.0.1 - - [02/May/2025 09:15:06] "[33mGET /api/get_analytics HTTP/1.1[0m" 404 -
2025-05-02 09:22:55,536 - app - INFO - Database initialized successfully
2025-05-02 09:22:55,550 - werkzeug - INFO - [31m[1mWARNING: This is a development server. Do not use it in a production deployment. Use a production WSGI server instead.[0m
 * Running on http://127.0.0.1:5000
2025-05-02 09:22:55,550 - werkzeug - INFO - [33mPress CTRL+C to quit[0m
2025-05-02 09:22:59,056 - werkzeug - INFO - 127.0.0.1 - - [02/May/2025 09:22:59] "GET / HTTP/1.1" 200 -
2025-05-02 09:22:59,206 - werkzeug - INFO - 127.0.0.1 - - [02/May/2025 09:22:59] "[36mGET /static/css/style.css HTTP/1.1[0m" 304 -
2025-05-02 09:23:00,580 - app - ERROR - Exception on /login [GET]
Traceback (most recent call last):
  File "C:\Python313\Lib\site-packages\flask\app.py", line 1511, in wsgi_app
    response = self.full_dispatch_request()
  File "C:\Python313\Lib\site-packages\flask\app.py", line 919, in full_dispatch_request
    rv = self.handle_user_exception(e)
  File "C:\Python313\Lib\site-packages\flask\app.py", line 917, in full_dispatch_request
    rv = self.dispatch_request()
  File "C:\Python313\Lib\site-packages\flask\app.py", line 902, in dispatch_request
    return self.ensure_sync(self.view_functions[rule.endpoint])(**view_args)  # type: ignore[no-any-return]
           ~~~~~~~~~~~~~~~~~~~~~~~~~~~~~~~~~~~~~~~~~~~~~~~~~~~~^^^^^^^^^^^^^
  File "C:\Users\pc\Desktop\UTU_Hack\Chatbot\app.py", line 220, in login
    return render_template('auth/login.html')
  File "C:\Python313\Lib\site-packages\flask\templating.py", line 150, in render_template
    return _render(app, template, context)
  File "C:\Python313\Lib\site-packages\flask\templating.py", line 131, in _render
    rv = template.render(context)
  File "C:\Python313\Lib\site-packages\jinja2\environment.py", line 1295, in render
    self.environment.handle_exception()
    ~~~~~~~~~~~~~~~~~~~~~~~~~~~~~~~~~^^
  File "C:\Python313\Lib\site-packages\jinja2\environment.py", line 942, in handle_exception
    raise rewrite_traceback_stack(source=source)
  File "C:\Users\pc\Desktop\UTU_Hack\Chatbot\templates\auth\login.html", line 24, in top-level template code
    <a href="{{ url_for('reset_password_request') }}">Forgot password?</a>
    ^
  File "C:\Python313\Lib\site-packages\flask\app.py", line 1121, in url_for
    return self.handle_url_build_error(error, endpoint, values)
           ~~~~~~~~~~~~~~~~~~~~~~~~~~~^^^^^^^^^^^^^^^^^^^^^^^^^
  File "C:\Python313\Lib\site-packages\flask\app.py", line 1110, in url_for
    rv = url_adapter.build(  # type: ignore[union-attr]
        endpoint,
    ...<3 lines>...
        force_external=_external,
    )
  File "C:\Python313\Lib\site-packages\werkzeug\routing\map.py", line 924, in build
    raise BuildError(endpoint, values, method, self)
werkzeug.routing.exceptions.BuildError: Could not build url for endpoint 'reset_password_request'. Did you mean 'get_questions' instead?
2025-05-02 09:23:00,611 - werkzeug - INFO - 127.0.0.1 - - [02/May/2025 09:23:00] "[35m[1mGET /login HTTP/1.1[0m" 500 -
2025-05-02 09:23:00,644 - werkzeug - INFO - 127.0.0.1 - - [02/May/2025 09:23:00] "[36mGET /static/css/style.css HTTP/1.1[0m" 304 -
2025-05-02 09:23:06,081 - werkzeug - INFO - 127.0.0.1 - - [02/May/2025 09:23:06] "GET / HTTP/1.1" 200 -
2025-05-02 09:23:06,130 - werkzeug - INFO - 127.0.0.1 - - [02/May/2025 09:23:06] "[36mGET /static/css/style.css HTTP/1.1[0m" 304 -
2025-05-02 09:23:27,677 - werkzeug - INFO - 127.0.0.1 - - [02/May/2025 09:23:27] "[32mGET /dashboard HTTP/1.1[0m" 302 -
2025-05-02 09:23:27,682 - app - ERROR - Exception on /login [GET]
Traceback (most recent call last):
  File "C:\Python313\Lib\site-packages\flask\app.py", line 1511, in wsgi_app
    response = self.full_dispatch_request()
  File "C:\Python313\Lib\site-packages\flask\app.py", line 919, in full_dispatch_request
    rv = self.handle_user_exception(e)
  File "C:\Python313\Lib\site-packages\flask\app.py", line 917, in full_dispatch_request
    rv = self.dispatch_request()
  File "C:\Python313\Lib\site-packages\flask\app.py", line 902, in dispatch_request
    return self.ensure_sync(self.view_functions[rule.endpoint])(**view_args)  # type: ignore[no-any-return]
           ~~~~~~~~~~~~~~~~~~~~~~~~~~~~~~~~~~~~~~~~~~~~~~~~~~~~^^^^^^^^^^^^^
  File "C:\Users\pc\Desktop\UTU_Hack\Chatbot\app.py", line 220, in login
    return render_template('auth/login.html')
  File "C:\Python313\Lib\site-packages\flask\templating.py", line 150, in render_template
    return _render(app, template, context)
  File "C:\Python313\Lib\site-packages\flask\templating.py", line 131, in _render
    rv = template.render(context)
  File "C:\Python313\Lib\site-packages\jinja2\environment.py", line 1295, in render
    self.environment.handle_exception()
    ~~~~~~~~~~~~~~~~~~~~~~~~~~~~~~~~~^^
  File "C:\Python313\Lib\site-packages\jinja2\environment.py", line 942, in handle_exception
    raise rewrite_traceback_stack(source=source)
  File "C:\Users\pc\Desktop\UTU_Hack\Chatbot\templates\auth\login.html", line 24, in top-level template code
    <a href="{{ url_for('reset_password_request') }}">Forgot password?</a>
    ^
  File "C:\Python313\Lib\site-packages\flask\app.py", line 1121, in url_for
    return self.handle_url_build_error(error, endpoint, values)
           ~~~~~~~~~~~~~~~~~~~~~~~~~~~^^^^^^^^^^^^^^^^^^^^^^^^^
  File "C:\Python313\Lib\site-packages\flask\app.py", line 1110, in url_for
    rv = url_adapter.build(  # type: ignore[union-attr]
        endpoint,
    ...<3 lines>...
        force_external=_external,
    )
  File "C:\Python313\Lib\site-packages\werkzeug\routing\map.py", line 924, in build
    raise BuildError(endpoint, values, method, self)
werkzeug.routing.exceptions.BuildError: Could not build url for endpoint 'reset_password_request'. Did you mean 'get_questions' instead?
2025-05-02 09:23:27,688 - werkzeug - INFO - 127.0.0.1 - - [02/May/2025 09:23:27] "[35m[1mGET /login HTTP/1.1[0m" 500 -
2025-05-02 09:23:27,741 - werkzeug - INFO - 127.0.0.1 - - [02/May/2025 09:23:27] "[36mGET /static/css/style.css HTTP/1.1[0m" 304 -
2025-05-02 09:25:13,651 - app - INFO - Database initialized successfully
2025-05-02 09:25:13,666 - werkzeug - INFO - [31m[1mWARNING: This is a development server. Do not use it in a production deployment. Use a production WSGI server instead.[0m
 * Running on http://127.0.0.1:5000
2025-05-02 09:25:13,666 - werkzeug - INFO - [33mPress CTRL+C to quit[0m
2025-05-02 09:25:20,853 - werkzeug - INFO - 127.0.0.1 - - [02/May/2025 09:25:20] "GET / HTTP/1.1" 200 -
2025-05-02 09:25:20,979 - werkzeug - INFO - 127.0.0.1 - - [02/May/2025 09:25:20] "[36mGET /static/css/style.css HTTP/1.1[0m" 304 -
2025-05-02 09:25:22,839 - werkzeug - INFO - 127.0.0.1 - - [02/May/2025 09:25:22] "GET /login HTTP/1.1" 200 -
2025-05-02 09:25:22,873 - werkzeug - INFO - 127.0.0.1 - - [02/May/2025 09:25:22] "[36mGET /static/css/auth.css HTTP/1.1[0m" 304 -
2025-05-02 09:25:22,883 - werkzeug - INFO - 127.0.0.1 - - [02/May/2025 09:25:22] "[36mGET /static/js/auth.js HTTP/1.1[0m" 304 -
2025-05-02 09:25:26,637 - app - INFO - User logged in: ayush
2025-05-02 09:25:26,638 - werkzeug - INFO - 127.0.0.1 - - [02/May/2025 09:25:26] "POST /login HTTP/1.1" 200 -
2025-05-02 09:25:26,680 - werkzeug - INFO - 127.0.0.1 - - [02/May/2025 09:25:26] "GET /dashboard HTTP/1.1" 200 -
2025-05-02 09:25:26,702 - werkzeug - INFO - 127.0.0.1 - - [02/May/2025 09:25:26] "[36mGET /static/css/style.css HTTP/1.1[0m" 304 -
2025-05-02 09:25:26,771 - werkzeug - INFO - 127.0.0.1 - - [02/May/2025 09:25:26] "GET /static/js/dashboard.js HTTP/1.1" 200 -
2025-05-02 09:25:26,794 - werkzeug - INFO - 127.0.0.1 - - [02/May/2025 09:25:26] "[33mGET /api/get_analytics HTTP/1.1[0m" 404 -
2025-05-02 09:25:32,303 - werkzeug - INFO - 127.0.0.1 - - [02/May/2025 09:25:32] "[33mGET /chatbot?topic=math HTTP/1.1[0m" 404 -
2025-05-02 09:25:32,326 - werkzeug - INFO - 127.0.0.1 - - [02/May/2025 09:25:32] "[36mGET /static/css/style.css HTTP/1.1[0m" 304 -
2025-05-02 09:29:47,548 - app - INFO - Database initialized successfully
2025-05-02 09:29:47,563 - werkzeug - INFO - [31m[1mWARNING: This is a development server. Do not use it in a production deployment. Use a production WSGI server instead.[0m
 * Running on http://127.0.0.1:5000
2025-05-02 09:29:47,564 - werkzeug - INFO - [33mPress CTRL+C to quit[0m
2025-05-02 09:29:57,903 - werkzeug - INFO - 127.0.0.1 - - [02/May/2025 09:29:57] "GET / HTTP/1.1" 200 -
2025-05-02 09:29:58,058 - werkzeug - INFO - 127.0.0.1 - - [02/May/2025 09:29:58] "[36mGET /static/css/style.css HTTP/1.1[0m" 304 -
2025-05-02 09:29:59,567 - werkzeug - INFO - 127.0.0.1 - - [02/May/2025 09:29:59] "GET /login HTTP/1.1" 200 -
2025-05-02 09:29:59,604 - werkzeug - INFO - 127.0.0.1 - - [02/May/2025 09:29:59] "[36mGET /static/css/auth.css HTTP/1.1[0m" 304 -
2025-05-02 09:29:59,612 - werkzeug - INFO - 127.0.0.1 - - [02/May/2025 09:29:59] "[36mGET /static/js/auth.js HTTP/1.1[0m" 304 -
2025-05-02 09:30:01,150 - app - INFO - User logged in: ayush
2025-05-02 09:30:01,151 - werkzeug - INFO - 127.0.0.1 - - [02/May/2025 09:30:01] "POST /login HTTP/1.1" 200 -
2025-05-02 09:30:01,169 - werkzeug - INFO - 127.0.0.1 - - [02/May/2025 09:30:01] "GET /dashboard HTTP/1.1" 200 -
2025-05-02 09:30:01,196 - werkzeug - INFO - 127.0.0.1 - - [02/May/2025 09:30:01] "[36mGET /static/css/style.css HTTP/1.1[0m" 304 -
2025-05-02 09:30:01,210 - werkzeug - INFO - 127.0.0.1 - - [02/May/2025 09:30:01] "[36mGET /static/js/dashboard.js HTTP/1.1[0m" 304 -
2025-05-02 09:30:01,262 - werkzeug - INFO - 127.0.0.1 - - [02/May/2025 09:30:01] "GET /api/get_analytics HTTP/1.1" 200 -
2025-05-02 09:30:05,279 - app - ERROR - Exception on /chatbot [GET]
Traceback (most recent call last):
  File "C:\Python313\Lib\site-packages\flask\app.py", line 1511, in wsgi_app
    response = self.full_dispatch_request()
  File "C:\Python313\Lib\site-packages\flask\app.py", line 919, in full_dispatch_request
    rv = self.handle_user_exception(e)
  File "C:\Python313\Lib\site-packages\flask\app.py", line 917, in full_dispatch_request
    rv = self.dispatch_request()
  File "C:\Python313\Lib\site-packages\flask\app.py", line 902, in dispatch_request
    return self.ensure_sync(self.view_functions[rule.endpoint])(**view_args)  # type: ignore[no-any-return]
           ~~~~~~~~~~~~~~~~~~~~~~~~~~~~~~~~~~~~~~~~~~~~~~~~~~~~^^^^^^^^^^^^^
  File "C:\Users\pc\Desktop\UTU_Hack\Chatbot\app.py", line 316, in chatbot
    if topic not in SUBJECT_MODELS:
                    ^^^^^^^^^^^^^^
NameError: name 'SUBJECT_MODELS' is not defined
2025-05-02 09:30:05,286 - werkzeug - INFO - 127.0.0.1 - - [02/May/2025 09:30:05] "[35m[1mGET /chatbot?topic=math HTTP/1.1[0m" 500 -
2025-05-02 09:30:05,322 - werkzeug - INFO - 127.0.0.1 - - [02/May/2025 09:30:05] "[36mGET /static/css/style.css HTTP/1.1[0m" 304 -
2025-05-02 09:30:07,832 - app - ERROR - Exception on /chatbot [GET]
Traceback (most recent call last):
  File "C:\Python313\Lib\site-packages\flask\app.py", line 1511, in wsgi_app
    response = self.full_dispatch_request()
  File "C:\Python313\Lib\site-packages\flask\app.py", line 919, in full_dispatch_request
    rv = self.handle_user_exception(e)
  File "C:\Python313\Lib\site-packages\flask\app.py", line 917, in full_dispatch_request
    rv = self.dispatch_request()
  File "C:\Python313\Lib\site-packages\flask\app.py", line 902, in dispatch_request
    return self.ensure_sync(self.view_functions[rule.endpoint])(**view_args)  # type: ignore[no-any-return]
           ~~~~~~~~~~~~~~~~~~~~~~~~~~~~~~~~~~~~~~~~~~~~~~~~~~~~^^^^^^^^^^^^^
  File "C:\Users\pc\Desktop\UTU_Hack\Chatbot\app.py", line 316, in chatbot
    if topic not in SUBJECT_MODELS:
                    ^^^^^^^^^^^^^^
NameError: name 'SUBJECT_MODELS' is not defined
2025-05-02 09:30:07,838 - werkzeug - INFO - 127.0.0.1 - - [02/May/2025 09:30:07] "[35m[1mGET /chatbot?topic=science HTTP/1.1[0m" 500 -
2025-05-02 09:30:07,872 - werkzeug - INFO - 127.0.0.1 - - [02/May/2025 09:30:07] "[36mGET /static/css/style.css HTTP/1.1[0m" 304 -
2025-05-02 09:30:12,687 - app - ERROR - Exception on /chatbot [GET]
Traceback (most recent call last):
  File "C:\Python313\Lib\site-packages\flask\app.py", line 1511, in wsgi_app
    response = self.full_dispatch_request()
  File "C:\Python313\Lib\site-packages\flask\app.py", line 919, in full_dispatch_request
    rv = self.handle_user_exception(e)
  File "C:\Python313\Lib\site-packages\flask\app.py", line 917, in full_dispatch_request
    rv = self.dispatch_request()
  File "C:\Python313\Lib\site-packages\flask\app.py", line 902, in dispatch_request
    return self.ensure_sync(self.view_functions[rule.endpoint])(**view_args)  # type: ignore[no-any-return]
           ~~~~~~~~~~~~~~~~~~~~~~~~~~~~~~~~~~~~~~~~~~~~~~~~~~~~^^^^^^^^^^^^^
  File "C:\Users\pc\Desktop\UTU_Hack\Chatbot\app.py", line 316, in chatbot
    if topic not in SUBJECT_MODELS:
                    ^^^^^^^^^^^^^^
NameError: name 'SUBJECT_MODELS' is not defined
2025-05-02 09:30:12,694 - werkzeug - INFO - 127.0.0.1 - - [02/May/2025 09:30:12] "[35m[1mGET /chatbot?topic=history HTTP/1.1[0m" 500 -
2025-05-02 09:30:12,719 - werkzeug - INFO - 127.0.0.1 - - [02/May/2025 09:30:12] "[36mGET /static/css/style.css HTTP/1.1[0m" 304 -
2025-05-02 09:30:15,223 - app - ERROR - Exception on /chatbot [GET]
Traceback (most recent call last):
  File "C:\Python313\Lib\site-packages\flask\app.py", line 1511, in wsgi_app
    response = self.full_dispatch_request()
  File "C:\Python313\Lib\site-packages\flask\app.py", line 919, in full_dispatch_request
    rv = self.handle_user_exception(e)
  File "C:\Python313\Lib\site-packages\flask\app.py", line 917, in full_dispatch_request
    rv = self.dispatch_request()
  File "C:\Python313\Lib\site-packages\flask\app.py", line 902, in dispatch_request
    return self.ensure_sync(self.view_functions[rule.endpoint])(**view_args)  # type: ignore[no-any-return]
           ~~~~~~~~~~~~~~~~~~~~~~~~~~~~~~~~~~~~~~~~~~~~~~~~~~~~^^^^^^^^^^^^^
  File "C:\Users\pc\Desktop\UTU_Hack\Chatbot\app.py", line 316, in chatbot
    if topic not in SUBJECT_MODELS:
                    ^^^^^^^^^^^^^^
NameError: name 'SUBJECT_MODELS' is not defined
2025-05-02 09:30:15,232 - werkzeug - INFO - 127.0.0.1 - - [02/May/2025 09:30:15] "[35m[1mGET /chatbot?topic=english HTTP/1.1[0m" 500 -
2025-05-02 09:30:15,253 - werkzeug - INFO - 127.0.0.1 - - [02/May/2025 09:30:15] "[36mGET /static/css/style.css HTTP/1.1[0m" 304 -
2025-05-02 09:30:17,394 - app - ERROR - Exception on /chatbot [GET]
Traceback (most recent call last):
  File "C:\Python313\Lib\site-packages\flask\app.py", line 1511, in wsgi_app
    response = self.full_dispatch_request()
  File "C:\Python313\Lib\site-packages\flask\app.py", line 919, in full_dispatch_request
    rv = self.handle_user_exception(e)
  File "C:\Python313\Lib\site-packages\flask\app.py", line 917, in full_dispatch_request
    rv = self.dispatch_request()
  File "C:\Python313\Lib\site-packages\flask\app.py", line 902, in dispatch_request
    return self.ensure_sync(self.view_functions[rule.endpoint])(**view_args)  # type: ignore[no-any-return]
           ~~~~~~~~~~~~~~~~~~~~~~~~~~~~~~~~~~~~~~~~~~~~~~~~~~~~^^^^^^^^^^^^^
  File "C:\Users\pc\Desktop\UTU_Hack\Chatbot\app.py", line 316, in chatbot
    if topic not in SUBJECT_MODELS:
                    ^^^^^^^^^^^^^^
NameError: name 'SUBJECT_MODELS' is not defined
2025-05-02 09:30:17,402 - werkzeug - INFO - 127.0.0.1 - - [02/May/2025 09:30:17] "[35m[1mGET /chatbot?topic=gk HTTP/1.1[0m" 500 -
2025-05-02 09:30:17,422 - werkzeug - INFO - 127.0.0.1 - - [02/May/2025 09:30:17] "[36mGET /static/css/style.css HTTP/1.1[0m" 304 -
2025-05-02 09:48:52,663 - app - INFO - Database initialized successfully
2025-05-02 09:48:52,681 - werkzeug - INFO - [31m[1mWARNING: This is a development server. Do not use it in a production deployment. Use a production WSGI server instead.[0m
 * Running on http://127.0.0.1:5000
2025-05-02 09:48:52,682 - werkzeug - INFO - [33mPress CTRL+C to quit[0m
2025-05-02 09:48:57,026 - werkzeug - INFO - 127.0.0.1 - - [02/May/2025 09:48:57] "GET / HTTP/1.1" 200 -
2025-05-02 09:48:57,185 - werkzeug - INFO - 127.0.0.1 - - [02/May/2025 09:48:57] "[36mGET /static/css/style.css HTTP/1.1[0m" 304 -
2025-05-02 09:48:58,600 - werkzeug - INFO - 127.0.0.1 - - [02/May/2025 09:48:58] "GET /login HTTP/1.1" 200 -
2025-05-02 09:48:58,635 - werkzeug - INFO - 127.0.0.1 - - [02/May/2025 09:48:58] "[36mGET /static/css/auth.css HTTP/1.1[0m" 304 -
2025-05-02 09:48:58,641 - werkzeug - INFO - 127.0.0.1 - - [02/May/2025 09:48:58] "[36mGET /static/js/auth.js HTTP/1.1[0m" 304 -
2025-05-02 09:49:00,071 - app - ERROR - Login error: no such column: password_hash
2025-05-02 09:49:00,072 - werkzeug - INFO - 127.0.0.1 - - [02/May/2025 09:49:00] "[31m[1mPOST /login HTTP/1.1[0m" 401 -
2025-05-02 09:49:06,156 - app - ERROR - Login error: no such column: password_hash
2025-05-02 09:49:06,157 - werkzeug - INFO - 127.0.0.1 - - [02/May/2025 09:49:06] "[31m[1mPOST /login HTTP/1.1[0m" 401 -
2025-05-02 09:49:09,844 - app - ERROR - Login error: no such column: password_hash
2025-05-02 09:49:09,844 - werkzeug - INFO - 127.0.0.1 - - [02/May/2025 09:49:09] "[31m[1mPOST /login HTTP/1.1[0m" 401 -
2025-05-02 09:49:13,027 - werkzeug - INFO - 127.0.0.1 - - [02/May/2025 09:49:13] "GET /signup HTTP/1.1" 200 -
2025-05-02 09:49:13,067 - werkzeug - INFO - 127.0.0.1 - - [02/May/2025 09:49:13] "[36mGET /static/css/auth.css HTTP/1.1[0m" 304 -
2025-05-02 09:49:13,074 - werkzeug - INFO - 127.0.0.1 - - [02/May/2025 09:49:13] "[36mGET /static/js/auth.js HTTP/1.1[0m" 304 -
2025-05-02 09:49:29,437 - app - ERROR - Signup error: no such column: email
2025-05-02 09:49:29,438 - werkzeug - INFO - 127.0.0.1 - - [02/May/2025 09:49:29] "[31m[1mPOST /signup HTTP/1.1[0m" 400 -
2025-05-02 10:07:13,271 - app - INFO - Database initialized successfully
2025-05-02 10:07:13,272 - app - INFO - Model configured: mistral-7b-instruct
2025-05-02 10:07:13,272 - app - INFO - Model configured: wizard-math:7b
2025-05-02 10:07:13,273 - app - INFO - Model configured: dolphin-mistral:latest
2025-05-02 10:07:13,273 - app - INFO - Model configured: mistral-7b-openorca
2025-05-02 10:07:13,339 - werkzeug - INFO - [31m[1mWARNING: This is a development server. Do not use it in a production deployment. Use a production WSGI server instead.[0m
 * Running on http://127.0.0.1:5000
2025-05-02 10:07:13,340 - werkzeug - INFO - [33mPress CTRL+C to quit[0m
2025-05-02 10:07:21,161 - werkzeug - INFO - 127.0.0.1 - - [02/May/2025 10:07:21] "GET / HTTP/1.1" 200 -
2025-05-02 10:07:21,356 - werkzeug - INFO - 127.0.0.1 - - [02/May/2025 10:07:21] "[36mGET /static/css/style.css HTTP/1.1[0m" 304 -
2025-05-02 10:07:25,815 - werkzeug - INFO - 127.0.0.1 - - [02/May/2025 10:07:25] "GET /login HTTP/1.1" 200 -
2025-05-02 10:07:25,862 - werkzeug - INFO - 127.0.0.1 - - [02/May/2025 10:07:25] "[36mGET /static/css/auth.css HTTP/1.1[0m" 304 -
2025-05-02 10:07:26,087 - werkzeug - INFO - 127.0.0.1 - - [02/May/2025 10:07:26] "GET /static/js/auth.js HTTP/1.1" 200 -
2025-05-02 10:07:27,743 - app - INFO - User logged in: ayush
2025-05-02 10:07:27,744 - werkzeug - INFO - 127.0.0.1 - - [02/May/2025 10:07:27] "POST /login HTTP/1.1" 200 -
2025-05-02 10:07:27,789 - werkzeug - INFO - 127.0.0.1 - - [02/May/2025 10:07:27] "GET /dashboard HTTP/1.1" 200 -
2025-05-02 10:07:27,836 - werkzeug - INFO - 127.0.0.1 - - [02/May/2025 10:07:27] "[36mGET /static/css/style.css HTTP/1.1[0m" 304 -
2025-05-02 10:07:27,911 - werkzeug - INFO - 127.0.0.1 - - [02/May/2025 10:07:27] "GET /static/js/dashboard.js HTTP/1.1" 200 -
2025-05-02 10:07:27,927 - werkzeug - INFO - 127.0.0.1 - - [02/May/2025 10:07:27] "GET /api/get_analytics HTTP/1.1" 200 -
2025-05-02 10:07:30,493 - werkzeug - INFO - 127.0.0.1 - - [02/May/2025 10:07:30] "GET /chatbot?topic=math HTTP/1.1" 200 -
2025-05-02 10:07:30,560 - werkzeug - INFO - 127.0.0.1 - - [02/May/2025 10:07:30] "[36mGET /static/css/style.css HTTP/1.1[0m" 304 -
2025-05-02 10:07:30,602 - werkzeug - INFO - 127.0.0.1 - - [02/May/2025 10:07:30] "POST /api/get_questions HTTP/1.1" 200 -
2025-05-02 10:07:46,943 - werkzeug - INFO - 127.0.0.1 - - [02/May/2025 10:07:46] "POST /api/chat HTTP/1.1" 200 -
2025-05-02 10:07:49,964 - werkzeug - INFO - 127.0.0.1 - - [02/May/2025 10:07:49] "POST /api/get_questions HTTP/1.1" 200 -
2025-05-02 10:07:59,245 - werkzeug - INFO - 127.0.0.1 - - [02/May/2025 10:07:59] "GET /dashboard HTTP/1.1" 200 -
2025-05-02 10:07:59,292 - werkzeug - INFO - 127.0.0.1 - - [02/May/2025 10:07:59] "[36mGET /static/css/style.css HTTP/1.1[0m" 304 -
2025-05-02 10:07:59,296 - werkzeug - INFO - 127.0.0.1 - - [02/May/2025 10:07:59] "[36mGET /static/js/dashboard.js HTTP/1.1[0m" 304 -
2025-05-02 10:07:59,352 - werkzeug - INFO - 127.0.0.1 - - [02/May/2025 10:07:59] "GET /api/get_analytics HTTP/1.1" 200 -
2025-05-02 10:22:11,984 - app - INFO - Database initialized successfully
2025-05-02 10:22:11,984 - app - INFO - Model configured: mistral-7b-instruct
2025-05-02 10:22:11,985 - app - INFO - Model configured: wizard-math:7b
2025-05-02 10:22:11,985 - app - INFO - Model configured: mistral-7b-openorca
2025-05-02 10:22:11,985 - app - INFO - Model configured: dolphin-mistral:latest
2025-05-02 10:22:12,019 - werkzeug - INFO - [31m[1mWARNING: This is a development server. Do not use it in a production deployment. Use a production WSGI server instead.[0m
 * Running on http://127.0.0.1:5000
2025-05-02 10:22:12,020 - werkzeug - INFO - [33mPress CTRL+C to quit[0m
2025-05-02 10:22:14,770 - werkzeug - INFO - 127.0.0.1 - - [02/May/2025 10:22:14] "GET / HTTP/1.1" 200 -
2025-05-02 10:22:14,939 - werkzeug - INFO - 127.0.0.1 - - [02/May/2025 10:22:14] "[36mGET /static/css/style.css HTTP/1.1[0m" 304 -
2025-05-02 10:22:16,369 - werkzeug - INFO - 127.0.0.1 - - [02/May/2025 10:22:16] "GET /login HTTP/1.1" 200 -
2025-05-02 10:22:16,398 - werkzeug - INFO - 127.0.0.1 - - [02/May/2025 10:22:16] "[36mGET /static/css/auth.css HTTP/1.1[0m" 304 -
2025-05-02 10:22:16,413 - werkzeug - INFO - 127.0.0.1 - - [02/May/2025 10:22:16] "[36mGET /static/js/auth.js HTTP/1.1[0m" 304 -
2025-05-02 10:22:18,017 - app - INFO - User logged in: ayush
2025-05-02 10:22:18,018 - werkzeug - INFO - 127.0.0.1 - - [02/May/2025 10:22:18] "POST /login HTTP/1.1" 200 -
2025-05-02 10:22:18,056 - werkzeug - INFO - 127.0.0.1 - - [02/May/2025 10:22:18] "GET /dashboard HTTP/1.1" 200 -
2025-05-02 10:22:18,083 - werkzeug - INFO - 127.0.0.1 - - [02/May/2025 10:22:18] "[36mGET /static/css/style.css HTTP/1.1[0m" 304 -
2025-05-02 10:22:18,099 - werkzeug - INFO - 127.0.0.1 - - [02/May/2025 10:22:18] "[36mGET /static/js/dashboard.js HTTP/1.1[0m" 304 -
2025-05-02 10:22:18,158 - werkzeug - INFO - 127.0.0.1 - - [02/May/2025 10:22:18] "GET /api/get_analytics HTTP/1.1" 200 -
2025-05-02 10:22:19,635 - werkzeug - INFO - 127.0.0.1 - - [02/May/2025 10:22:19] "GET /chatbot?topic=math HTTP/1.1" 200 -
2025-05-02 10:22:19,678 - werkzeug - INFO - 127.0.0.1 - - [02/May/2025 10:22:19] "[36mGET /static/css/style.css HTTP/1.1[0m" 304 -
2025-05-02 10:22:19,697 - app - ERROR - Question generation error: name 'LLMHandler' is not defined
2025-05-02 10:22:19,698 - werkzeug - INFO - 127.0.0.1 - - [02/May/2025 10:22:19] "[35m[1mPOST /api/get_questions HTTP/1.1[0m" 500 -
2025-05-02 10:25:57,033 - app - INFO - Database initialized successfully
2025-05-02 10:25:57,033 - app - INFO - Model configured: mistral-7b-openorca
2025-05-02 10:25:57,033 - app - INFO - Model configured: mistral-7b-instruct
2025-05-02 10:25:57,034 - app - INFO - Model configured: wizard-math:7b
2025-05-02 10:25:57,034 - app - INFO - Model configured: dolphin-mistral:latest
2025-05-02 10:25:57,048 - werkzeug - INFO - [31m[1mWARNING: This is a development server. Do not use it in a production deployment. Use a production WSGI server instead.[0m
 * Running on http://127.0.0.1:5000
2025-05-02 10:25:57,048 - werkzeug - INFO - [33mPress CTRL+C to quit[0m
2025-05-02 10:26:02,593 - werkzeug - INFO - 127.0.0.1 - - [02/May/2025 10:26:02] "GET / HTTP/1.1" 200 -
2025-05-02 10:26:02,750 - werkzeug - INFO - 127.0.0.1 - - [02/May/2025 10:26:02] "[36mGET /static/css/style.css HTTP/1.1[0m" 304 -
2025-05-02 10:26:04,138 - werkzeug - INFO - 127.0.0.1 - - [02/May/2025 10:26:04] "GET /login HTTP/1.1" 200 -
2025-05-02 10:26:04,173 - werkzeug - INFO - 127.0.0.1 - - [02/May/2025 10:26:04] "[36mGET /static/css/auth.css HTTP/1.1[0m" 304 -
2025-05-02 10:26:04,181 - werkzeug - INFO - 127.0.0.1 - - [02/May/2025 10:26:04] "[36mGET /static/js/auth.js HTTP/1.1[0m" 304 -
2025-05-02 10:26:05,511 - app - INFO - User logged in: ayush
2025-05-02 10:26:05,514 - werkzeug - INFO - 127.0.0.1 - - [02/May/2025 10:26:05] "POST /login HTTP/1.1" 200 -
2025-05-02 10:26:05,543 - werkzeug - INFO - 127.0.0.1 - - [02/May/2025 10:26:05] "GET /dashboard HTTP/1.1" 200 -
2025-05-02 10:26:05,566 - werkzeug - INFO - 127.0.0.1 - - [02/May/2025 10:26:05] "[36mGET /static/css/style.css HTTP/1.1[0m" 304 -
2025-05-02 10:26:05,581 - werkzeug - INFO - 127.0.0.1 - - [02/May/2025 10:26:05] "[36mGET /static/js/dashboard.js HTTP/1.1[0m" 304 -
2025-05-02 10:26:05,641 - werkzeug - INFO - 127.0.0.1 - - [02/May/2025 10:26:05] "GET /api/get_analytics HTTP/1.1" 200 -
2025-05-02 10:26:08,420 - werkzeug - INFO - 127.0.0.1 - - [02/May/2025 10:26:08] "GET /chatbot?topic=math HTTP/1.1" 200 -
2025-05-02 10:26:08,452 - werkzeug - INFO - 127.0.0.1 - - [02/May/2025 10:26:08] "[36mGET /static/css/style.css HTTP/1.1[0m" 304 -
2025-05-02 10:26:08,507 - app - ERROR - Question generation error: type object 'LLMHandler' has no attribute 'format_prompt'
2025-05-02 10:26:08,508 - werkzeug - INFO - 127.0.0.1 - - [02/May/2025 10:26:08] "[35m[1mPOST /api/get_questions HTTP/1.1[0m" 500 -
2025-05-02 10:31:29,463 - app - INFO - Database initialized successfully
2025-05-02 10:31:29,465 - app - INFO - Model configured: dolphin-mistral:latest
2025-05-02 10:31:29,466 - app - INFO - Model configured: mistral-7b-instruct
2025-05-02 10:31:29,466 - app - INFO - Model configured: mistral-7b-openorca
2025-05-02 10:31:29,467 - app - INFO - Model configured: wizard-math:7b
2025-05-02 10:31:29,489 - werkzeug - INFO - [31m[1mWARNING: This is a development server. Do not use it in a production deployment. Use a production WSGI server instead.[0m
 * Running on http://127.0.0.1:5000
2025-05-02 10:31:29,489 - werkzeug - INFO - [33mPress CTRL+C to quit[0m
2025-05-02 10:31:31,821 - werkzeug - INFO - 127.0.0.1 - - [02/May/2025 10:31:31] "GET / HTTP/1.1" 200 -
2025-05-02 10:31:31,997 - werkzeug - INFO - 127.0.0.1 - - [02/May/2025 10:31:31] "[36mGET /static/css/style.css HTTP/1.1[0m" 304 -
2025-05-02 10:31:33,026 - werkzeug - INFO - 127.0.0.1 - - [02/May/2025 10:31:33] "GET /login HTTP/1.1" 200 -
2025-05-02 10:31:33,067 - werkzeug - INFO - 127.0.0.1 - - [02/May/2025 10:31:33] "[36mGET /static/css/auth.css HTTP/1.1[0m" 304 -
2025-05-02 10:31:33,072 - werkzeug - INFO - 127.0.0.1 - - [02/May/2025 10:31:33] "[36mGET /static/js/auth.js HTTP/1.1[0m" 304 -
2025-05-02 10:31:34,304 - app - INFO - User logged in: ayush
2025-05-02 10:31:34,305 - werkzeug - INFO - 127.0.0.1 - - [02/May/2025 10:31:34] "POST /login HTTP/1.1" 200 -
2025-05-02 10:31:34,328 - werkzeug - INFO - 127.0.0.1 - - [02/May/2025 10:31:34] "GET /dashboard HTTP/1.1" 200 -
2025-05-02 10:31:34,352 - werkzeug - INFO - 127.0.0.1 - - [02/May/2025 10:31:34] "[36mGET /static/css/style.css HTTP/1.1[0m" 304 -
2025-05-02 10:31:34,356 - werkzeug - INFO - 127.0.0.1 - - [02/May/2025 10:31:34] "[36mGET /static/js/dashboard.js HTTP/1.1[0m" 304 -
2025-05-02 10:31:34,378 - werkzeug - INFO - 127.0.0.1 - - [02/May/2025 10:31:34] "GET /api/get_analytics HTTP/1.1" 200 -
2025-05-02 10:31:35,625 - werkzeug - INFO - 127.0.0.1 - - [02/May/2025 10:31:35] "GET /chatbot?topic=math HTTP/1.1" 200 -
2025-05-02 10:31:35,669 - werkzeug - INFO - 127.0.0.1 - - [02/May/2025 10:31:35] "[36mGET /static/css/style.css HTTP/1.1[0m" 304 -
2025-05-02 10:32:09,822 - modules.llm_handler - ERROR - LLM API request failed: HTTPConnectionPool(host='localhost', port=11434): Read timed out. (read timeout=30)
2025-05-02 10:32:09,825 - app - ERROR - Question generation error: name 'json' is not defined
2025-05-02 10:32:09,826 - werkzeug - INFO - 127.0.0.1 - - [02/May/2025 10:32:09] "[35m[1mPOST /api/get_questions HTTP/1.1[0m" 500 -
2025-05-02 10:35:06,895 - app - INFO - Database initialized successfully
2025-05-02 10:35:06,896 - app - INFO - Model configured: dolphin-mistral:latest
2025-05-02 10:35:06,896 - app - INFO - Model configured: mistral-7b-instruct
2025-05-02 10:35:06,897 - app - INFO - Model configured: wizard-math:7b
2025-05-02 10:35:06,897 - app - INFO - Model configured: mistral-7b-openorca
2025-05-02 10:35:06,951 - werkzeug - INFO - [31m[1mWARNING: This is a development server. Do not use it in a production deployment. Use a production WSGI server instead.[0m
 * Running on http://127.0.0.1:5000
2025-05-02 10:35:06,951 - werkzeug - INFO - [33mPress CTRL+C to quit[0m
2025-05-02 10:35:09,689 - werkzeug - INFO - 127.0.0.1 - - [02/May/2025 10:35:09] "GET / HTTP/1.1" 200 -
2025-05-02 10:35:09,831 - werkzeug - INFO - 127.0.0.1 - - [02/May/2025 10:35:09] "[36mGET /static/css/style.css HTTP/1.1[0m" 304 -
2025-05-02 10:35:11,143 - werkzeug - INFO - 127.0.0.1 - - [02/May/2025 10:35:11] "GET /login HTTP/1.1" 200 -
2025-05-02 10:35:11,201 - werkzeug - INFO - 127.0.0.1 - - [02/May/2025 10:35:11] "[36mGET /static/css/auth.css HTTP/1.1[0m" 304 -
2025-05-02 10:35:11,214 - werkzeug - INFO - 127.0.0.1 - - [02/May/2025 10:35:11] "[36mGET /static/js/auth.js HTTP/1.1[0m" 304 -
2025-05-02 10:35:12,823 - app - INFO - User logged in: ayush
2025-05-02 10:35:12,824 - werkzeug - INFO - 127.0.0.1 - - [02/May/2025 10:35:12] "POST /login HTTP/1.1" 200 -
2025-05-02 10:35:12,845 - werkzeug - INFO - 127.0.0.1 - - [02/May/2025 10:35:12] "GET /dashboard HTTP/1.1" 200 -
2025-05-02 10:35:12,869 - werkzeug - INFO - 127.0.0.1 - - [02/May/2025 10:35:12] "[36mGET /static/css/style.css HTTP/1.1[0m" 304 -
2025-05-02 10:35:12,876 - werkzeug - INFO - 127.0.0.1 - - [02/May/2025 10:35:12] "[36mGET /static/js/dashboard.js HTTP/1.1[0m" 304 -
2025-05-02 10:35:12,917 - werkzeug - INFO - 127.0.0.1 - - [02/May/2025 10:35:12] "GET /api/get_analytics HTTP/1.1" 200 -
2025-05-02 10:35:18,124 - werkzeug - INFO - 127.0.0.1 - - [02/May/2025 10:35:18] "GET /chatbot?topic=math HTTP/1.1" 200 -
2025-05-02 10:35:18,157 - werkzeug - INFO - 127.0.0.1 - - [02/May/2025 10:35:18] "[36mGET /static/css/style.css HTTP/1.1[0m" 304 -
2025-05-02 10:35:18,198 - werkzeug - INFO - 127.0.0.1 - - [02/May/2025 10:35:18] "[33mPOST /api/get_questions HTTP/1.1[0m" 404 -
2025-05-02 10:35:45,835 - app - INFO - Database initialized successfully
2025-05-02 10:35:45,836 - app - INFO - Model configured: wizard-math:7b
2025-05-02 10:35:45,837 - app - INFO - Model configured: mistral-7b-openorca
2025-05-02 10:35:45,838 - app - INFO - Model configured: mistral-7b-instruct
2025-05-02 10:35:45,838 - app - INFO - Model configured: dolphin-mistral:latest
2025-05-02 10:35:45,866 - werkzeug - INFO - [31m[1mWARNING: This is a development server. Do not use it in a production deployment. Use a production WSGI server instead.[0m
 * Running on http://127.0.0.1:5000
2025-05-02 10:35:45,866 - werkzeug - INFO - [33mPress CTRL+C to quit[0m
2025-05-02 10:35:48,694 - werkzeug - INFO - 127.0.0.1 - - [02/May/2025 10:35:48] "GET / HTTP/1.1" 200 -
2025-05-02 10:35:48,829 - werkzeug - INFO - 127.0.0.1 - - [02/May/2025 10:35:48] "[36mGET /static/css/style.css HTTP/1.1[0m" 304 -
2025-05-02 10:35:50,095 - werkzeug - INFO - 127.0.0.1 - - [02/May/2025 10:35:50] "GET /login HTTP/1.1" 200 -
2025-05-02 10:35:50,141 - werkzeug - INFO - 127.0.0.1 - - [02/May/2025 10:35:50] "[36mGET /static/css/auth.css HTTP/1.1[0m" 304 -
2025-05-02 10:35:50,150 - werkzeug - INFO - 127.0.0.1 - - [02/May/2025 10:35:50] "[36mGET /static/js/auth.js HTTP/1.1[0m" 304 -
2025-05-02 10:35:55,208 - app - INFO - User logged in: ayush
2025-05-02 10:35:55,209 - werkzeug - INFO - 127.0.0.1 - - [02/May/2025 10:35:55] "POST /login HTTP/1.1" 200 -
2025-05-02 10:35:55,233 - werkzeug - INFO - 127.0.0.1 - - [02/May/2025 10:35:55] "GET /dashboard HTTP/1.1" 200 -
2025-05-02 10:35:55,262 - werkzeug - INFO - 127.0.0.1 - - [02/May/2025 10:35:55] "[36mGET /static/css/style.css HTTP/1.1[0m" 304 -
2025-05-02 10:35:55,267 - werkzeug - INFO - 127.0.0.1 - - [02/May/2025 10:35:55] "[36mGET /static/js/dashboard.js HTTP/1.1[0m" 304 -
2025-05-02 10:35:55,296 - werkzeug - INFO - 127.0.0.1 - - [02/May/2025 10:35:55] "GET /api/get_analytics HTTP/1.1" 200 -
2025-05-02 10:35:56,457 - werkzeug - INFO - 127.0.0.1 - - [02/May/2025 10:35:56] "GET /chatbot?topic=math HTTP/1.1" 200 -
2025-05-02 10:35:56,485 - werkzeug - INFO - 127.0.0.1 - - [02/May/2025 10:35:56] "[36mGET /static/css/style.css HTTP/1.1[0m" 304 -
2025-05-02 10:36:36,350 - app - ERROR - Question generation error: name 'json' is not defined
2025-05-02 10:36:36,351 - werkzeug - INFO - 127.0.0.1 - - [02/May/2025 10:36:36] "[35m[1mPOST /api/get_questions HTTP/1.1[0m" 500 -
2025-05-02 10:39:28,999 - app - INFO - Database initialized successfully
2025-05-02 10:39:28,999 - app - INFO - Model configured: mistral-7b-openorca
2025-05-02 10:39:29,000 - app - INFO - Model configured: wizard-math:7b
2025-05-02 10:39:29,000 - app - INFO - Model configured: mistral-7b-instruct
2025-05-02 10:39:29,000 - app - INFO - Model configured: dolphin-mistral:latest
2025-05-02 10:39:29,013 - werkzeug - INFO - [31m[1mWARNING: This is a development server. Do not use it in a production deployment. Use a production WSGI server instead.[0m
 * Running on http://127.0.0.1:5000
2025-05-02 10:39:29,014 - werkzeug - INFO - [33mPress CTRL+C to quit[0m
2025-05-02 10:39:32,608 - werkzeug - INFO - 127.0.0.1 - - [02/May/2025 10:39:32] "[32mGET /chatbot?topic=math HTTP/1.1[0m" 302 -
2025-05-02 10:39:32,617 - werkzeug - INFO - 127.0.0.1 - - [02/May/2025 10:39:32] "GET /login HTTP/1.1" 200 -
2025-05-02 10:39:32,741 - werkzeug - INFO - 127.0.0.1 - - [02/May/2025 10:39:32] "[36mGET /static/js/auth.js HTTP/1.1[0m" 304 -
2025-05-02 10:39:32,743 - werkzeug - INFO - 127.0.0.1 - - [02/May/2025 10:39:32] "[36mGET /static/css/auth.css HTTP/1.1[0m" 304 -
2025-05-02 10:39:34,297 - app - INFO - User logged in: ayush
2025-05-02 10:39:34,298 - werkzeug - INFO - 127.0.0.1 - - [02/May/2025 10:39:34] "POST /login HTTP/1.1" 200 -
2025-05-02 10:39:34,320 - werkzeug - INFO - 127.0.0.1 - - [02/May/2025 10:39:34] "GET /dashboard HTTP/1.1" 200 -
2025-05-02 10:39:34,342 - werkzeug - INFO - 127.0.0.1 - - [02/May/2025 10:39:34] "[36mGET /static/css/style.css HTTP/1.1[0m" 304 -
2025-05-02 10:39:34,347 - werkzeug - INFO - 127.0.0.1 - - [02/May/2025 10:39:34] "[36mGET /static/js/dashboard.js HTTP/1.1[0m" 304 -
2025-05-02 10:39:34,364 - werkzeug - INFO - 127.0.0.1 - - [02/May/2025 10:39:34] "GET /api/get_analytics HTTP/1.1" 200 -
2025-05-02 10:39:35,612 - werkzeug - INFO - 127.0.0.1 - - [02/May/2025 10:39:35] "GET /chatbot?topic=math HTTP/1.1" 200 -
2025-05-02 10:39:35,633 - werkzeug - INFO - 127.0.0.1 - - [02/May/2025 10:39:35] "[36mGET /static/css/style.css HTTP/1.1[0m" 304 -
2025-05-02 10:40:54,010 - app - ERROR - JSON parse error: Extra data: line 9 column 1 (char 296). Response: ```json
{
  "question": "What is the area of a square with side length 4?",
  "options": ["16", "12", "4", "8"],
  "correct_answer": "16",
  "explanation": "The area of a square is calculated by squaring the length of one of its sides. In this case, the side length is 4, so the area is $4^2 = 16$."
}
```

The answer is: {"question": "What is the area of a square with side length 4?", "options": ["16", "12", "4", "8"], "correct_answer": "16", "explanation": "The area of a square is calculated by squaring the length of one of its sides. In this case, the side length is 4, so the area is $4^2 = 16$."}.
2025-05-02 10:40:54,011 - werkzeug - INFO - 127.0.0.1 - - [02/May/2025 10:40:54] "[35m[1mPOST /api/get_questions HTTP/1.1[0m" 502 -
2025-05-02 12:06:28,446 - app - INFO - Database initialized successfully
2025-05-02 12:06:28,447 - app - INFO - Model configured: mistral-7b-instruct
2025-05-02 12:06:28,447 - app - INFO - Model configured: mistral-7b-openorca
2025-05-02 12:06:28,447 - app - INFO - Model configured: dolphin-mistral:latest
2025-05-02 12:06:28,447 - app - INFO - Model configured: wizard-math:7b
2025-05-02 12:06:28,459 - werkzeug - INFO - [31m[1mWARNING: This is a development server. Do not use it in a production deployment. Use a production WSGI server instead.[0m
 * Running on http://127.0.0.1:5000
2025-05-02 12:06:28,460 - werkzeug - INFO - [33mPress CTRL+C to quit[0m
2025-05-02 12:06:32,880 - werkzeug - INFO - 127.0.0.1 - - [02/May/2025 12:06:32] "GET / HTTP/1.1" 200 -
2025-05-02 12:06:32,978 - werkzeug - INFO - 127.0.0.1 - - [02/May/2025 12:06:32] "[36mGET /static/css/style.css HTTP/1.1[0m" 304 -
2025-05-02 12:06:40,084 - werkzeug - INFO - 127.0.0.1 - - [02/May/2025 12:06:40] "GET /login HTTP/1.1" 200 -
2025-05-02 12:06:40,107 - werkzeug - INFO - 127.0.0.1 - - [02/May/2025 12:06:40] "[36mGET /static/css/auth.css HTTP/1.1[0m" 304 -
2025-05-02 12:06:40,111 - werkzeug - INFO - 127.0.0.1 - - [02/May/2025 12:06:40] "[36mGET /static/js/auth.js HTTP/1.1[0m" 304 -
2025-05-02 12:06:42,606 - app - INFO - User logged in: ayush
2025-05-02 12:06:42,607 - werkzeug - INFO - 127.0.0.1 - - [02/May/2025 12:06:42] "POST /login HTTP/1.1" 200 -
2025-05-02 12:06:42,628 - werkzeug - INFO - 127.0.0.1 - - [02/May/2025 12:06:42] "GET /dashboard HTTP/1.1" 200 -
2025-05-02 12:06:42,651 - werkzeug - INFO - 127.0.0.1 - - [02/May/2025 12:06:42] "[36mGET /static/css/style.css HTTP/1.1[0m" 304 -
2025-05-02 12:06:42,679 - werkzeug - INFO - 127.0.0.1 - - [02/May/2025 12:06:42] "[36mGET /static/js/dashboard.js HTTP/1.1[0m" 304 -
2025-05-02 12:06:42,699 - werkzeug - INFO - 127.0.0.1 - - [02/May/2025 12:06:42] "GET /api/get_analytics HTTP/1.1" 200 -
2025-05-02 12:07:20,178 - werkzeug - INFO - 127.0.0.1 - - [02/May/2025 12:07:20] "GET /chatbot?topic=math HTTP/1.1" 200 -
2025-05-02 12:07:20,197 - werkzeug - INFO - 127.0.0.1 - - [02/May/2025 12:07:20] "[36mGET /static/css/style.css HTTP/1.1[0m" 304 -
2025-05-02 12:08:37,021 - app - ERROR - JSON parse error: Extra data: line 9 column 1 (char 231). Response: ```json
{
  "question": "Which of the following is equal to 1/2?",
  "options": ["1", "2", "0.5", "0.25"],
  "correct_answer": "0.5",
  "explanation": "To find 1/2, we can divide 1 by 2, which gives us 0.5. The correct answer is 0.5."
}
```

This question tests the student's understanding of fractions and division. The correct answer is 0.5, which is the result of dividing 1 by 2. It's important to encourage the student to think about the problem and understand the concept behind it, rather than just providing a quick answer.
2025-05-02 12:08:37,022 - werkzeug - INFO - 127.0.0.1 - - [02/May/2025 12:08:37] "[35m[1mPOST /api/get_questions HTTP/1.1[0m" 502 -
2025-05-02 12:27:44,275 - app - INFO - Database initialized successfully
2025-05-02 12:27:44,275 - app - INFO - Model configured: dolphin-mistral:latest
2025-05-02 12:27:44,275 - app - INFO - Model configured: mistral-7b-instruct
2025-05-02 12:27:44,275 - app - INFO - Model configured: mistral-7b-openorca
2025-05-02 12:27:44,276 - app - INFO - Model configured: wizard-math:7b
2025-05-02 12:27:44,314 - werkzeug - INFO - [31m[1mWARNING: This is a development server. Do not use it in a production deployment. Use a production WSGI server instead.[0m
 * Running on http://127.0.0.1:5000
2025-05-02 12:27:44,315 - werkzeug - INFO - [33mPress CTRL+C to quit[0m
2025-05-02 12:27:55,080 - werkzeug - INFO - 127.0.0.1 - - [02/May/2025 12:27:55] "GET / HTTP/1.1" 200 -
2025-05-02 12:27:55,195 - werkzeug - INFO - 127.0.0.1 - - [02/May/2025 12:27:55] "[36mGET /static/css/style.css HTTP/1.1[0m" 304 -
2025-05-02 12:28:04,876 - werkzeug - INFO - 127.0.0.1 - - [02/May/2025 12:28:04] "GET /login HTTP/1.1" 200 -
2025-05-02 12:28:04,904 - werkzeug - INFO - 127.0.0.1 - - [02/May/2025 12:28:04] "[36mGET /static/css/auth.css HTTP/1.1[0m" 304 -
2025-05-02 12:28:04,910 - werkzeug - INFO - 127.0.0.1 - - [02/May/2025 12:28:04] "[36mGET /static/js/auth.js HTTP/1.1[0m" 304 -
2025-05-02 12:28:10,241 - app - INFO - User logged in: ayush
2025-05-02 12:28:10,241 - werkzeug - INFO - 127.0.0.1 - - [02/May/2025 12:28:10] "POST /login HTTP/1.1" 200 -
2025-05-02 12:28:10,263 - werkzeug - INFO - 127.0.0.1 - - [02/May/2025 12:28:10] "GET /dashboard HTTP/1.1" 200 -
2025-05-02 12:28:10,286 - werkzeug - INFO - 127.0.0.1 - - [02/May/2025 12:28:10] "[36mGET /static/css/style.css HTTP/1.1[0m" 304 -
2025-05-02 12:28:10,295 - werkzeug - INFO - 127.0.0.1 - - [02/May/2025 12:28:10] "[36mGET /static/js/dashboard.js HTTP/1.1[0m" 304 -
2025-05-02 12:28:10,328 - werkzeug - INFO - 127.0.0.1 - - [02/May/2025 12:28:10] "GET /api/get_analytics HTTP/1.1" 200 -
2025-05-02 12:28:42,456 - werkzeug - INFO - 127.0.0.1 - - [02/May/2025 12:28:42] "GET /chatbot?topic=math HTTP/1.1" 200 -
2025-05-02 12:28:42,482 - werkzeug - INFO - 127.0.0.1 - - [02/May/2025 12:28:42] "[36mGET /static/css/style.css HTTP/1.1[0m" 304 -
2025-05-02 12:30:46,574 - modules.llm_handler - WARNING - Attempt 1 failed, retrying in 5 seconds...
2025-05-02 12:31:39,762 - app - INFO - Database initialized successfully
2025-05-02 12:31:39,763 - app - INFO - Model configured: mistral-7b-openorca
2025-05-02 12:31:39,763 - app - INFO - Model configured: mistral-7b-instruct
2025-05-02 12:31:39,763 - app - INFO - Model configured: wizard-math:7b
2025-05-02 12:31:39,763 - app - INFO - Model configured: dolphin-mistral:latest
2025-05-02 12:31:39,803 - werkzeug - INFO - [31m[1mWARNING: This is a development server. Do not use it in a production deployment. Use a production WSGI server instead.[0m
 * Running on http://127.0.0.1:5000
2025-05-02 12:31:39,804 - werkzeug - INFO - [33mPress CTRL+C to quit[0m
2025-05-02 12:31:49,395 - werkzeug - INFO - 127.0.0.1 - - [02/May/2025 12:31:49] "GET / HTTP/1.1" 200 -
2025-05-02 12:31:49,539 - werkzeug - INFO - 127.0.0.1 - - [02/May/2025 12:31:49] "[36mGET /static/css/style.css HTTP/1.1[0m" 304 -
2025-05-02 12:31:51,319 - werkzeug - INFO - 127.0.0.1 - - [02/May/2025 12:31:51] "GET /login HTTP/1.1" 200 -
2025-05-02 12:31:51,341 - werkzeug - INFO - 127.0.0.1 - - [02/May/2025 12:31:51] "[36mGET /static/css/auth.css HTTP/1.1[0m" 304 -
2025-05-02 12:31:51,346 - werkzeug - INFO - 127.0.0.1 - - [02/May/2025 12:31:51] "[36mGET /static/js/auth.js HTTP/1.1[0m" 304 -
2025-05-02 12:31:53,026 - app - INFO - User logged in: ayush
2025-05-02 12:31:53,027 - werkzeug - INFO - 127.0.0.1 - - [02/May/2025 12:31:53] "POST /login HTTP/1.1" 200 -
2025-05-02 12:31:53,047 - werkzeug - INFO - 127.0.0.1 - - [02/May/2025 12:31:53] "GET /dashboard HTTP/1.1" 200 -
2025-05-02 12:31:53,075 - werkzeug - INFO - 127.0.0.1 - - [02/May/2025 12:31:53] "[36mGET /static/css/style.css HTTP/1.1[0m" 304 -
2025-05-02 12:31:53,078 - werkzeug - INFO - 127.0.0.1 - - [02/May/2025 12:31:53] "[36mGET /static/js/dashboard.js HTTP/1.1[0m" 304 -
2025-05-02 12:31:53,103 - werkzeug - INFO - 127.0.0.1 - - [02/May/2025 12:31:53] "GET /api/get_analytics HTTP/1.1" 200 -
2025-05-02 12:31:54,429 - werkzeug - INFO - 127.0.0.1 - - [02/May/2025 12:31:54] "GET /chatbot?topic=math HTTP/1.1" 200 -
2025-05-02 12:31:54,451 - werkzeug - INFO - 127.0.0.1 - - [02/May/2025 12:31:54] "[36mGET /static/css/style.css HTTP/1.1[0m" 304 -
2025-05-02 12:33:02,626 - app - ERROR - JSON parse error: Extra data: line 9 column 1 (char 252). Response: ```json
{
  "question": "What is the product of 2 and 3?",
  "options": ["1", "2", "3", "4"],
  "correct_answer": "4",
  "explanation": "To find the product of 2 and 3, we multiply the two numbers together. 2 times 3 equals 6, so the correct answer is 6."
}
```

The answer is: 6.
2025-05-02 12:33:02,627 - werkzeug - INFO - 127.0.0.1 - - [02/May/2025 12:33:02] "[35m[1mPOST /api/get_questions HTTP/1.1[0m" 502 -
2025-05-02 19:22:22,203 - app - INFO - Database initialized successfully
2025-05-02 19:22:22,203 - app - INFO - Model configured: mistral-7b-instruct
2025-05-02 19:22:22,203 - app - INFO - Model configured: dolphin-mistral:latest
2025-05-02 19:22:22,203 - app - INFO - Model configured: wizard-math:7b
2025-05-02 19:22:22,204 - app - INFO - Model configured: mistral-7b-openorca
2025-05-02 19:22:22,254 - werkzeug - INFO - [31m[1mWARNING: This is a development server. Do not use it in a production deployment. Use a production WSGI server instead.[0m
 * Running on http://127.0.0.1:5000
2025-05-02 19:22:22,254 - werkzeug - INFO - [33mPress CTRL+C to quit[0m
2025-05-02 19:22:29,419 - werkzeug - INFO - 127.0.0.1 - - [02/May/2025 19:22:29] "GET / HTTP/1.1" 200 -
2025-05-02 19:22:29,532 - werkzeug - INFO - 127.0.0.1 - - [02/May/2025 19:22:29] "[36mGET /static/css/style.css HTTP/1.1[0m" 304 -
2025-05-02 19:22:29,581 - werkzeug - INFO - 127.0.0.1 - - [02/May/2025 19:22:29] "[33mGET /favicon.ico HTTP/1.1[0m" 404 -
2025-05-02 19:22:31,050 - werkzeug - INFO - 127.0.0.1 - - [02/May/2025 19:22:31] "GET /login HTTP/1.1" 200 -
2025-05-02 19:22:31,082 - werkzeug - INFO - 127.0.0.1 - - [02/May/2025 19:22:31] "[36mGET /static/css/auth.css HTTP/1.1[0m" 304 -
2025-05-02 19:22:31,104 - werkzeug - INFO - 127.0.0.1 - - [02/May/2025 19:22:31] "[36mGET /static/js/auth.js HTTP/1.1[0m" 304 -
2025-05-02 19:22:32,432 - app - INFO - User logged in: ayush
2025-05-02 19:22:32,435 - werkzeug - INFO - 127.0.0.1 - - [02/May/2025 19:22:32] "POST /login HTTP/1.1" 200 -
2025-05-02 19:22:32,482 - werkzeug - INFO - 127.0.0.1 - - [02/May/2025 19:22:32] "GET /dashboard HTTP/1.1" 200 -
2025-05-02 19:22:32,510 - werkzeug - INFO - 127.0.0.1 - - [02/May/2025 19:22:32] "[36mGET /static/css/style.css HTTP/1.1[0m" 304 -
2025-05-02 19:22:32,542 - werkzeug - INFO - 127.0.0.1 - - [02/May/2025 19:22:32] "[36mGET /static/js/dashboard.js HTTP/1.1[0m" 304 -
2025-05-02 19:22:32,558 - werkzeug - INFO - 127.0.0.1 - - [02/May/2025 19:22:32] "GET /api/get_analytics HTTP/1.1" 200 -
2025-05-02 19:22:34,485 - werkzeug - INFO - 127.0.0.1 - - [02/May/2025 19:22:34] "GET /chatbot?topic=math HTTP/1.1" 200 -
2025-05-02 19:22:34,507 - werkzeug - INFO - 127.0.0.1 - - [02/May/2025 19:22:34] "[36mGET /static/css/style.css HTTP/1.1[0m" 304 -
2025-05-02 19:24:24,218 - app - ERROR - JSON parse error: Extra data: line 8 column 1 (char 360). Response: {
  "question": "Which of the following is the square root of 64?",
  "options": ["4", "8", "64", "None of the above"],
  "correct_answer": "8",
  "explanation": "The square root of 64 can be found by taking the number that, when multiplied by itself, equals 64. The number 8 satisfies this condition, as 8 * 8 = 64. Therefore, the square root of 64 is 8."
}

The answer is: {
  "question": "Which of the following is the square root of 64?",
  "options": ["4", "8", "64", "None of the above"],
  "correct_answer": "8",
  "explanation": "The square root of 64 can be found by taking the number that, when multiplied by itself, equals 64. The number 8 satisfies this condition, as 8 * 8 = 64. Therefore, the square root of 64 is 8."
}..
2025-05-02 19:24:24,219 - werkzeug - INFO - 127.0.0.1 - - [02/May/2025 19:24:24] "[35m[1mPOST /api/get_questions HTTP/1.1[0m" 502 -
2025-05-02 19:47:35,597 - app - INFO - Database initialized successfully
2025-05-02 19:47:35,598 - app - INFO - Model configured: mistral-7b-instruct
2025-05-02 19:47:35,598 - app - INFO - Model configured: dolphin-mistral:latest
2025-05-02 19:47:35,598 - app - INFO - Model configured: wizard-math:7b
2025-05-02 19:47:35,598 - app - INFO - Model configured: mistral-7b-openorca
2025-05-02 19:47:35,625 - werkzeug - INFO - [31m[1mWARNING: This is a development server. Do not use it in a production deployment. Use a production WSGI server instead.[0m
 * Running on http://127.0.0.1:5000
2025-05-02 19:47:35,626 - werkzeug - INFO - [33mPress CTRL+C to quit[0m
2025-05-02 19:47:39,843 - werkzeug - INFO - 127.0.0.1 - - [02/May/2025 19:47:39] "GET / HTTP/1.1" 200 -
2025-05-02 19:47:39,948 - werkzeug - INFO - 127.0.0.1 - - [02/May/2025 19:47:39] "[36mGET /static/css/style.css HTTP/1.1[0m" 304 -
2025-05-02 19:47:41,535 - werkzeug - INFO - 127.0.0.1 - - [02/May/2025 19:47:41] "GET /login HTTP/1.1" 200 -
2025-05-02 19:47:41,561 - werkzeug - INFO - 127.0.0.1 - - [02/May/2025 19:47:41] "[36mGET /static/css/auth.css HTTP/1.1[0m" 304 -
2025-05-02 19:47:41,566 - werkzeug - INFO - 127.0.0.1 - - [02/May/2025 19:47:41] "[36mGET /static/js/auth.js HTTP/1.1[0m" 304 -
2025-05-02 19:47:42,948 - app - INFO - User logged in: ayush
2025-05-02 19:47:42,949 - werkzeug - INFO - 127.0.0.1 - - [02/May/2025 19:47:42] "POST /login HTTP/1.1" 200 -
2025-05-02 19:47:42,972 - werkzeug - INFO - 127.0.0.1 - - [02/May/2025 19:47:42] "GET /dashboard HTTP/1.1" 200 -
2025-05-02 19:47:42,999 - werkzeug - INFO - 127.0.0.1 - - [02/May/2025 19:47:42] "[36mGET /static/css/style.css HTTP/1.1[0m" 304 -
2025-05-02 19:47:43,003 - werkzeug - INFO - 127.0.0.1 - - [02/May/2025 19:47:43] "[36mGET /static/js/dashboard.js HTTP/1.1[0m" 304 -
2025-05-02 19:47:43,050 - werkzeug - INFO - 127.0.0.1 - - [02/May/2025 19:47:43] "GET /api/get_analytics HTTP/1.1" 200 -
2025-05-02 19:47:44,612 - werkzeug - INFO - 127.0.0.1 - - [02/May/2025 19:47:44] "GET /chatbot?topic=math HTTP/1.1" 200 -
2025-05-02 19:47:44,638 - werkzeug - INFO - 127.0.0.1 - - [02/May/2025 19:47:44] "[36mGET /static/css/style.css HTTP/1.1[0m" 304 -
2025-05-02 19:47:44,663 - app - ERROR - Unexpected error in question generation: LLMHandler.format_prompt() got an unexpected keyword argument 'TOPIC'
2025-05-02 19:47:44,663 - werkzeug - INFO - 127.0.0.1 - - [02/May/2025 19:47:44] "[35m[1mPOST /api/get_questions HTTP/1.1[0m" 500 -
2025-05-02 19:51:10,358 - app - INFO - Database initialized successfully
2025-05-02 19:51:10,358 - app - INFO - Model configured: wizard-math:7b
2025-05-02 19:51:10,358 - app - INFO - Model configured: mistral-7b-openorca
2025-05-02 19:51:10,358 - app - INFO - Model configured: dolphin-mistral:latest
2025-05-02 19:51:10,359 - app - INFO - Model configured: mistral-7b-instruct
2025-05-02 19:51:10,371 - werkzeug - INFO - [31m[1mWARNING: This is a development server. Do not use it in a production deployment. Use a production WSGI server instead.[0m
 * Running on http://127.0.0.1:5000
2025-05-02 19:51:10,372 - werkzeug - INFO - [33mPress CTRL+C to quit[0m
2025-05-02 19:51:12,759 - werkzeug - INFO - 127.0.0.1 - - [02/May/2025 19:51:12] "GET / HTTP/1.1" 200 -
2025-05-02 19:51:12,870 - werkzeug - INFO - 127.0.0.1 - - [02/May/2025 19:51:12] "[36mGET /static/css/style.css HTTP/1.1[0m" 304 -
2025-05-02 19:51:14,110 - werkzeug - INFO - 127.0.0.1 - - [02/May/2025 19:51:14] "GET /login HTTP/1.1" 200 -
2025-05-02 19:51:14,133 - werkzeug - INFO - 127.0.0.1 - - [02/May/2025 19:51:14] "[36mGET /static/css/auth.css HTTP/1.1[0m" 304 -
2025-05-02 19:51:14,143 - werkzeug - INFO - 127.0.0.1 - - [02/May/2025 19:51:14] "[36mGET /static/js/auth.js HTTP/1.1[0m" 304 -
2025-05-02 19:51:15,527 - app - INFO - User logged in: ayush
2025-05-02 19:51:15,528 - werkzeug - INFO - 127.0.0.1 - - [02/May/2025 19:51:15] "POST /login HTTP/1.1" 200 -
2025-05-02 19:51:15,549 - werkzeug - INFO - 127.0.0.1 - - [02/May/2025 19:51:15] "GET /dashboard HTTP/1.1" 200 -
2025-05-02 19:51:15,569 - werkzeug - INFO - 127.0.0.1 - - [02/May/2025 19:51:15] "[36mGET /static/css/style.css HTTP/1.1[0m" 304 -
2025-05-02 19:51:15,574 - werkzeug - INFO - 127.0.0.1 - - [02/May/2025 19:51:15] "[36mGET /static/js/dashboard.js HTTP/1.1[0m" 304 -
2025-05-02 19:51:15,602 - werkzeug - INFO - 127.0.0.1 - - [02/May/2025 19:51:15] "GET /api/get_analytics HTTP/1.1" 200 -
2025-05-02 19:51:16,617 - werkzeug - INFO - 127.0.0.1 - - [02/May/2025 19:51:16] "GET /chatbot?topic=math HTTP/1.1" 200 -
2025-05-02 19:51:16,650 - werkzeug - INFO - 127.0.0.1 - - [02/May/2025 19:51:16] "[36mGET /static/css/style.css HTTP/1.1[0m" 304 -
2025-05-02 19:51:16,671 - app - ERROR - Unexpected error in question generation: LLMHandler.format_prompt() got an unexpected keyword argument 'TOPIC'
2025-05-02 19:51:16,671 - werkzeug - INFO - 127.0.0.1 - - [02/May/2025 19:51:16] "[35m[1mPOST /api/get_questions HTTP/1.1[0m" 500 -
2025-05-02 20:03:43,772 - app - INFO - Database initialized successfully
2025-05-02 20:03:43,772 - app - INFO - Model configured: dolphin-mistral:latest
2025-05-02 20:03:43,773 - app - INFO - Model configured: mistral-7b-openorca
2025-05-02 20:03:43,773 - app - INFO - Model configured: wizard-math:7b
2025-05-02 20:03:43,773 - app - INFO - Model configured: mistral-7b-instruct
2025-05-02 20:03:43,784 - werkzeug - INFO - [31m[1mWARNING: This is a development server. Do not use it in a production deployment. Use a production WSGI server instead.[0m
 * Running on http://127.0.0.1:5000
2025-05-02 20:03:43,785 - werkzeug - INFO - [33mPress CTRL+C to quit[0m
2025-05-02 20:03:46,019 - werkzeug - INFO - 127.0.0.1 - - [02/May/2025 20:03:46] "GET / HTTP/1.1" 200 -
2025-05-02 20:03:46,128 - werkzeug - INFO - 127.0.0.1 - - [02/May/2025 20:03:46] "[36mGET /static/css/style.css HTTP/1.1[0m" 304 -
2025-05-02 20:03:47,133 - werkzeug - INFO - 127.0.0.1 - - [02/May/2025 20:03:47] "GET /login HTTP/1.1" 200 -
2025-05-02 20:03:47,160 - werkzeug - INFO - 127.0.0.1 - - [02/May/2025 20:03:47] "[36mGET /static/css/auth.css HTTP/1.1[0m" 304 -
2025-05-02 20:03:47,165 - werkzeug - INFO - 127.0.0.1 - - [02/May/2025 20:03:47] "[36mGET /static/js/auth.js HTTP/1.1[0m" 304 -
2025-05-02 20:03:48,444 - app - INFO - User logged in: ayush
2025-05-02 20:03:48,445 - werkzeug - INFO - 127.0.0.1 - - [02/May/2025 20:03:48] "POST /login HTTP/1.1" 200 -
2025-05-02 20:03:48,468 - werkzeug - INFO - 127.0.0.1 - - [02/May/2025 20:03:48] "GET /dashboard HTTP/1.1" 200 -
2025-05-02 20:03:48,493 - werkzeug - INFO - 127.0.0.1 - - [02/May/2025 20:03:48] "[36mGET /static/css/style.css HTTP/1.1[0m" 304 -
2025-05-02 20:03:48,497 - werkzeug - INFO - 127.0.0.1 - - [02/May/2025 20:03:48] "[36mGET /static/js/dashboard.js HTTP/1.1[0m" 304 -
2025-05-02 20:03:48,540 - werkzeug - INFO - 127.0.0.1 - - [02/May/2025 20:03:48] "GET /api/get_analytics HTTP/1.1" 200 -
2025-05-02 20:03:49,357 - werkzeug - INFO - 127.0.0.1 - - [02/May/2025 20:03:49] "GET /chatbot?topic=math HTTP/1.1" 200 -
2025-05-02 20:03:49,392 - werkzeug - INFO - 127.0.0.1 - - [02/May/2025 20:03:49] "[36mGET /static/css/style.css HTTP/1.1[0m" 304 -
2025-05-02 20:05:27,856 - modules.llm_handler - ERROR - JSON decode failed: Invalid control character at: line 5 column 157 (char 425)
2025-05-02 20:05:27,857 - app - ERROR - JSON extraction failed: 'dict' object has no attribute 'strip'
2025-05-02 20:05:27,857 - app - ERROR - Unexpected parsing error: 'dict' object has no attribute 'strip'
2025-05-02 20:05:27,858 - werkzeug - INFO - 127.0.0.1 - - [02/May/2025 20:05:27] "[35m[1mPOST /api/get_questions HTTP/1.1[0m" 502 -
2025-05-02 20:07:48,334 - app - INFO - Database initialized successfully
2025-05-02 20:07:48,334 - app - INFO - Model configured: mistral-7b-instruct
2025-05-02 20:07:48,334 - app - INFO - Model configured: wizard-math:7b
2025-05-02 20:07:48,334 - app - INFO - Model configured: dolphin-mistral:latest
2025-05-02 20:07:48,335 - app - INFO - Model configured: mistral-7b-openorca
2025-05-02 20:07:48,370 - werkzeug - INFO - [31m[1mWARNING: This is a development server. Do not use it in a production deployment. Use a production WSGI server instead.[0m
 * Running on http://127.0.0.1:5000
2025-05-02 20:07:48,370 - werkzeug - INFO - [33mPress CTRL+C to quit[0m
2025-05-02 20:07:52,269 - werkzeug - INFO - 127.0.0.1 - - [02/May/2025 20:07:52] "GET / HTTP/1.1" 200 -
2025-05-02 20:07:52,367 - werkzeug - INFO - 127.0.0.1 - - [02/May/2025 20:07:52] "[36mGET /static/css/style.css HTTP/1.1[0m" 304 -
2025-05-02 20:07:53,635 - werkzeug - INFO - 127.0.0.1 - - [02/May/2025 20:07:53] "GET /login HTTP/1.1" 200 -
2025-05-02 20:07:53,663 - werkzeug - INFO - 127.0.0.1 - - [02/May/2025 20:07:53] "[36mGET /static/css/auth.css HTTP/1.1[0m" 304 -
2025-05-02 20:07:53,669 - werkzeug - INFO - 127.0.0.1 - - [02/May/2025 20:07:53] "[36mGET /static/js/auth.js HTTP/1.1[0m" 304 -
2025-05-02 20:07:55,021 - app - INFO - User logged in: ayush
2025-05-02 20:07:55,022 - werkzeug - INFO - 127.0.0.1 - - [02/May/2025 20:07:55] "POST /login HTTP/1.1" 200 -
2025-05-02 20:07:55,048 - werkzeug - INFO - 127.0.0.1 - - [02/May/2025 20:07:55] "GET /dashboard HTTP/1.1" 200 -
2025-05-02 20:07:55,071 - werkzeug - INFO - 127.0.0.1 - - [02/May/2025 20:07:55] "[36mGET /static/css/style.css HTTP/1.1[0m" 304 -
2025-05-02 20:07:55,076 - werkzeug - INFO - 127.0.0.1 - - [02/May/2025 20:07:55] "[36mGET /static/js/dashboard.js HTTP/1.1[0m" 304 -
2025-05-02 20:07:55,102 - werkzeug - INFO - 127.0.0.1 - - [02/May/2025 20:07:55] "GET /api/get_analytics HTTP/1.1" 200 -
2025-05-02 20:07:56,907 - werkzeug - INFO - 127.0.0.1 - - [02/May/2025 20:07:56] "GET /chatbot?topic=history HTTP/1.1" 200 -
2025-05-02 20:07:56,929 - werkzeug - INFO - 127.0.0.1 - - [02/May/2025 20:07:56] "[36mGET /static/css/style.css HTTP/1.1[0m" 304 -
2025-05-02 20:07:58,998 - modules.llm_handler - ERROR - LLM generation failed: Model mistral-7b-openorca not available
2025-05-02 20:07:58,998 - app - ERROR - JSON extraction failed: No valid JSON found in response
2025-05-02 20:07:58,999 - app - ERROR - Response validation failed: No valid JSON found in response
2025-05-02 20:07:59,000 - werkzeug - INFO - 127.0.0.1 - - [02/May/2025 20:07:59] "[35m[1mPOST /api/get_questions HTTP/1.1[0m" 502 -
2025-05-02 20:08:11,708 - werkzeug - INFO - 127.0.0.1 - - [02/May/2025 20:08:11] "GET /chatbot?topic=english HTTP/1.1" 200 -
2025-05-02 20:08:11,728 - werkzeug - INFO - 127.0.0.1 - - [02/May/2025 20:08:11] "[36mGET /static/css/style.css HTTP/1.1[0m" 304 -
2025-05-02 20:08:13,794 - modules.llm_handler - ERROR - LLM generation failed: Model mistral-7b-instruct not available
2025-05-02 20:08:13,794 - app - ERROR - JSON extraction failed: No valid JSON found in response
2025-05-02 20:08:13,795 - app - ERROR - Response validation failed: No valid JSON found in response
2025-05-02 20:08:13,795 - werkzeug - INFO - 127.0.0.1 - - [02/May/2025 20:08:13] "[35m[1mPOST /api/get_questions HTTP/1.1[0m" 502 -
2025-05-02 20:08:21,927 - werkzeug - INFO - 127.0.0.1 - - [02/May/2025 20:08:21] "GET /chatbot?topic=gk HTTP/1.1" 200 -
2025-05-02 20:08:21,949 - werkzeug - INFO - 127.0.0.1 - - [02/May/2025 20:08:21] "[36mGET /static/css/style.css HTTP/1.1[0m" 304 -
2025-05-02 20:08:24,006 - modules.llm_handler - ERROR - LLM generation failed: Model mistral-7b-instruct not available
2025-05-02 20:08:24,007 - app - ERROR - JSON extraction failed: No valid JSON found in response
2025-05-02 20:08:24,007 - app - ERROR - Response validation failed: No valid JSON found in response
2025-05-02 20:08:24,008 - werkzeug - INFO - 127.0.0.1 - - [02/May/2025 20:08:24] "[35m[1mPOST /api/get_questions HTTP/1.1[0m" 502 -
2025-05-02 20:08:26,529 - werkzeug - INFO - 127.0.0.1 - - [02/May/2025 20:08:26] "GET /chatbot?topic=science HTTP/1.1" 200 -
2025-05-02 20:08:26,552 - werkzeug - INFO - 127.0.0.1 - - [02/May/2025 20:08:26] "[36mGET /static/css/style.css HTTP/1.1[0m" 304 -
2025-05-02 20:09:49,903 - werkzeug - INFO - 127.0.0.1 - - [02/May/2025 20:09:49] "POST /api/get_questions HTTP/1.1" 200 -
2025-05-02 20:10:18,795 - werkzeug - INFO - 127.0.0.1 - - [02/May/2025 20:10:18] "GET /chatbot?topic=math HTTP/1.1" 200 -
2025-05-02 20:10:18,819 - werkzeug - INFO - 127.0.0.1 - - [02/May/2025 20:10:18] "[36mGET /static/css/style.css HTTP/1.1[0m" 304 -
2025-05-02 20:12:00,170 - modules.llm_handler - ERROR - LLM generation failed: name 're' is not defined
2025-05-02 20:12:00,175 - app - ERROR - JSON extraction failed: No valid JSON found in response
2025-05-02 20:12:00,175 - app - ERROR - Response validation failed: No valid JSON found in response
2025-05-02 20:12:00,176 - werkzeug - INFO - 127.0.0.1 - - [02/May/2025 20:12:00] "[35m[1mPOST /api/get_questions HTTP/1.1[0m" 502 -
2025-05-02 21:10:17,931 - app - INFO - Database initialized successfully
2025-05-02 21:10:17,932 - app - INFO - Model configured: dolphin-mistral:latest
2025-05-02 21:10:17,932 - app - INFO - Model configured: mistral-7b-instruct
2025-05-02 21:10:17,932 - app - INFO - Model configured: wizard-math:7b
2025-05-02 21:10:17,932 - app - INFO - Model configured: mistral-7b-openorca
2025-05-02 21:10:17,978 - werkzeug - INFO - [31m[1mWARNING: This is a development server. Do not use it in a production deployment. Use a production WSGI server instead.[0m
 * Running on http://127.0.0.1:5000
2025-05-02 21:10:17,979 - werkzeug - INFO - [33mPress CTRL+C to quit[0m
2025-05-02 21:10:23,925 - werkzeug - INFO - 127.0.0.1 - - [02/May/2025 21:10:23] "GET / HTTP/1.1" 200 -
2025-05-02 21:10:24,045 - werkzeug - INFO - 127.0.0.1 - - [02/May/2025 21:10:24] "[36mGET /static/css/style.css HTTP/1.1[0m" 304 -
2025-05-02 21:10:25,365 - werkzeug - INFO - 127.0.0.1 - - [02/May/2025 21:10:25] "GET /login HTTP/1.1" 200 -
2025-05-02 21:10:25,389 - werkzeug - INFO - 127.0.0.1 - - [02/May/2025 21:10:25] "[36mGET /static/css/auth.css HTTP/1.1[0m" 304 -
2025-05-02 21:10:25,393 - werkzeug - INFO - 127.0.0.1 - - [02/May/2025 21:10:25] "[36mGET /static/js/auth.js HTTP/1.1[0m" 304 -
2025-05-02 21:10:26,657 - app - INFO - User logged in: ayush
2025-05-02 21:10:26,658 - werkzeug - INFO - 127.0.0.1 - - [02/May/2025 21:10:26] "POST /login HTTP/1.1" 200 -
2025-05-02 21:10:26,679 - werkzeug - INFO - 127.0.0.1 - - [02/May/2025 21:10:26] "GET /dashboard HTTP/1.1" 200 -
2025-05-02 21:10:26,700 - werkzeug - INFO - 127.0.0.1 - - [02/May/2025 21:10:26] "[36mGET /static/css/style.css HTTP/1.1[0m" 304 -
2025-05-02 21:10:26,704 - werkzeug - INFO - 127.0.0.1 - - [02/May/2025 21:10:26] "[36mGET /static/js/dashboard.js HTTP/1.1[0m" 304 -
2025-05-02 21:10:26,729 - werkzeug - INFO - 127.0.0.1 - - [02/May/2025 21:10:26] "GET /api/get_analytics HTTP/1.1" 200 -
2025-05-02 21:10:28,007 - werkzeug - INFO - 127.0.0.1 - - [02/May/2025 21:10:28] "GET /chatbot?topic=science HTTP/1.1" 200 -
2025-05-02 21:10:28,047 - werkzeug - INFO - 127.0.0.1 - - [02/May/2025 21:10:28] "[36mGET /static/css/style.css HTTP/1.1[0m" 304 -
2025-05-02 21:11:41,246 - app - ERROR - Unexpected error in question generation: name 'requests' is not defined
2025-05-02 21:11:41,252 - werkzeug - INFO - 127.0.0.1 - - [02/May/2025 21:11:41] "[35m[1mPOST /api/get_questions HTTP/1.1[0m" 500 -
2025-05-02 21:14:20,375 - app - INFO - Database initialized successfully
2025-05-02 21:14:20,376 - app - INFO - Model configured: mistral-7b-instruct
2025-05-02 21:14:20,376 - app - INFO - Model configured: mistral-7b-openorca
2025-05-02 21:14:20,377 - app - INFO - Model configured: dolphin-mistral:latest
2025-05-02 21:14:20,377 - app - INFO - Model configured: wizard-math:7b
2025-05-02 21:14:20,424 - werkzeug - INFO - [31m[1mWARNING: This is a development server. Do not use it in a production deployment. Use a production WSGI server instead.[0m
 * Running on http://127.0.0.1:5000
2025-05-02 21:14:20,424 - werkzeug - INFO - [33mPress CTRL+C to quit[0m
2025-05-02 21:14:23,270 - werkzeug - INFO - 127.0.0.1 - - [02/May/2025 21:14:23] "GET / HTTP/1.1" 200 -
2025-05-02 21:14:23,364 - werkzeug - INFO - 127.0.0.1 - - [02/May/2025 21:14:23] "[36mGET /static/css/style.css HTTP/1.1[0m" 304 -
2025-05-02 21:14:24,859 - werkzeug - INFO - 127.0.0.1 - - [02/May/2025 21:14:24] "GET /login HTTP/1.1" 200 -
2025-05-02 21:14:24,881 - werkzeug - INFO - 127.0.0.1 - - [02/May/2025 21:14:24] "[36mGET /static/css/auth.css HTTP/1.1[0m" 304 -
2025-05-02 21:14:24,884 - werkzeug - INFO - 127.0.0.1 - - [02/May/2025 21:14:24] "[36mGET /static/js/auth.js HTTP/1.1[0m" 304 -
2025-05-02 21:14:26,667 - app - INFO - User logged in: ayush
2025-05-02 21:14:26,667 - werkzeug - INFO - 127.0.0.1 - - [02/May/2025 21:14:26] "POST /login HTTP/1.1" 200 -
2025-05-02 21:14:26,692 - werkzeug - INFO - 127.0.0.1 - - [02/May/2025 21:14:26] "GET /dashboard HTTP/1.1" 200 -
2025-05-02 21:14:26,713 - werkzeug - INFO - 127.0.0.1 - - [02/May/2025 21:14:26] "[36mGET /static/css/style.css HTTP/1.1[0m" 304 -
2025-05-02 21:14:26,722 - werkzeug - INFO - 127.0.0.1 - - [02/May/2025 21:14:26] "[36mGET /static/js/dashboard.js HTTP/1.1[0m" 304 -
2025-05-02 21:14:26,760 - werkzeug - INFO - 127.0.0.1 - - [02/May/2025 21:14:26] "GET /api/get_analytics HTTP/1.1" 200 -
2025-05-02 21:14:29,980 - werkzeug - INFO - 127.0.0.1 - - [02/May/2025 21:14:29] "GET /chatbot?topic=math HTTP/1.1" 200 -
2025-05-02 21:14:30,000 - werkzeug - INFO - 127.0.0.1 - - [02/May/2025 21:14:30] "[36mGET /static/css/style.css HTTP/1.1[0m" 304 -
2025-05-02 21:16:23,082 - app - ERROR - JSON parse error: Extra data: line 9 column 1 (char 337). Response: ```json
{
  "question": "What is the sum of the first three natural numbers?",
  "options": ["1 + 2 + 3 = 6", "1 + 2 + 3 = 7", "1 + 2 + 3 = 8", "1 + 2 + 3 = 9"],
  "correct_answer": "1 + 2 + 3 = 6",
  "explanation": "The first three natural numbers are 1, 2, and 3. When we add them together, we get 1 + 2 + 3 = 6. The correct answer is 6."
}
```

The answer is: {"question": "What is the sum of the first three natural numbers?", "options": ["1 + 2 + 3 = 6", "1 + 2 + 3 = 7", "1 + 2 + 3 = 8", "1 + 2 + 3 = 9"], "correct_answer": "1 + 2 + 3 = 6", "explanation": "The first three natural numbers are 1, 2, and 3. When we add them together, we get 1 + 2 + 3 = 6. The correct answer is 6."}.
2025-05-02 21:16:23,083 - werkzeug - INFO - 127.0.0.1 - - [02/May/2025 21:16:23] "[35m[1mPOST /api/get_questions HTTP/1.1[0m" 502 -
2025-05-02 21:24:40,609 - app - INFO - Database initialized successfully
2025-05-02 21:24:40,609 - app - INFO - Model configured: mistral-7b-openorca
2025-05-02 21:24:40,609 - app - INFO - Model configured: dolphin-mistral:latest
2025-05-02 21:24:40,609 - app - INFO - Model configured: mistral-7b-instruct
2025-05-02 21:24:40,610 - app - INFO - Model configured: wizard-math:7b
2025-05-02 21:24:40,637 - werkzeug - INFO - [31m[1mWARNING: This is a development server. Do not use it in a production deployment. Use a production WSGI server instead.[0m
 * Running on http://127.0.0.1:5000
2025-05-02 21:24:40,637 - werkzeug - INFO - [33mPress CTRL+C to quit[0m
2025-05-02 21:24:43,122 - werkzeug - INFO - 127.0.0.1 - - [02/May/2025 21:24:43] "GET / HTTP/1.1" 200 -
2025-05-02 21:24:43,235 - werkzeug - INFO - 127.0.0.1 - - [02/May/2025 21:24:43] "[36mGET /static/css/style.css HTTP/1.1[0m" 304 -
2025-05-02 21:24:47,066 - werkzeug - INFO - 127.0.0.1 - - [02/May/2025 21:24:47] "GET /login HTTP/1.1" 200 -
2025-05-02 21:24:47,090 - werkzeug - INFO - 127.0.0.1 - - [02/May/2025 21:24:47] "[36mGET /static/css/auth.css HTTP/1.1[0m" 304 -
2025-05-02 21:24:47,096 - werkzeug - INFO - 127.0.0.1 - - [02/May/2025 21:24:47] "[36mGET /static/js/auth.js HTTP/1.1[0m" 304 -
2025-05-02 21:24:48,332 - app - INFO - User logged in: ayush
2025-05-02 21:24:48,332 - werkzeug - INFO - 127.0.0.1 - - [02/May/2025 21:24:48] "POST /login HTTP/1.1" 200 -
2025-05-02 21:24:48,351 - werkzeug - INFO - 127.0.0.1 - - [02/May/2025 21:24:48] "GET /dashboard HTTP/1.1" 200 -
2025-05-02 21:24:48,372 - werkzeug - INFO - 127.0.0.1 - - [02/May/2025 21:24:48] "[36mGET /static/css/style.css HTTP/1.1[0m" 304 -
2025-05-02 21:24:48,376 - werkzeug - INFO - 127.0.0.1 - - [02/May/2025 21:24:48] "[36mGET /static/js/dashboard.js HTTP/1.1[0m" 304 -
2025-05-02 21:24:48,419 - werkzeug - INFO - 127.0.0.1 - - [02/May/2025 21:24:48] "GET /api/get_analytics HTTP/1.1" 200 -
2025-05-02 21:24:49,412 - werkzeug - INFO - 127.0.0.1 - - [02/May/2025 21:24:49] "GET /chatbot?topic=math HTTP/1.1" 200 -
2025-05-02 21:24:49,439 - werkzeug - INFO - 127.0.0.1 - - [02/May/2025 21:24:49] "[36mGET /static/css/style.css HTTP/1.1[0m" 304 -
2025-05-02 21:25:50,127 - app - ERROR - JSON parse error: Extra data: line 9 column 1 (char 240). Response: ```json
{
  "question": "What is the next number in the sequence: 1, 3, 5, 7, 9, ...?",
  "options": ["2", "4", "6", "8"],
  "correct_answer": "9",
  "explanation": "The sequence is increasing by 2 each time. So, the next number is 7 + 2 = 9."
}
```

The answer is: 9.
2025-05-02 21:25:50,127 - werkzeug - INFO - 127.0.0.1 - - [02/May/2025 21:25:50] "[35m[1mPOST /api/get_questions HTTP/1.1[0m" 502 -
2025-05-02 21:27:52,260 - werkzeug - INFO - 127.0.0.1 - - [02/May/2025 21:27:52] "GET /chatbot?topic=math HTTP/1.1" 200 -
2025-05-02 21:27:52,296 - werkzeug - INFO - 127.0.0.1 - - [02/May/2025 21:27:52] "[36mGET /static/css/style.css HTTP/1.1[0m" 304 -
2025-05-02 21:28:36,015 - app - ERROR - JSON parse error: Extra data: line 13 column 1 (char 246). Response: {
  "question": "What is the product of 3 and 4?",
  "options": [
    "10",
    "12",
    "3",
    "4"
  ],
  "correct_answer": "10",
  "explanation": "To find the product of 3 and 4, we multiply these two numbers together. The result is 10."
}

The answer is: {
  "question": "What is the product of 3 and 4?",
  "options": [
    "10",
    "12",
    "3",
    "4"
  ],
  "correct_answer": "10",
  "explanation": "To find the product of 3 and 4, we multiply these two numbers together. The result is 10."
}
2025-05-02 21:28:36,015 - werkzeug - INFO - 127.0.0.1 - - [02/May/2025 21:28:36] "[35m[1mPOST /api/get_questions HTTP/1.1[0m" 502 -
2025-05-02 21:41:21,784 - app - INFO - Database initialized successfully
2025-05-02 21:41:21,784 - app - INFO - Model configured: mistral-7b-openorca
2025-05-02 21:41:21,784 - app - INFO - Model configured: mistral-7b-instruct
2025-05-02 21:41:21,785 - app - INFO - Model configured: wizard-math:7b
2025-05-02 21:41:21,785 - app - INFO - Model configured: dolphin-mistral:latest
2025-05-02 21:41:21,820 - werkzeug - INFO - [31m[1mWARNING: This is a development server. Do not use it in a production deployment. Use a production WSGI server instead.[0m
 * Running on http://127.0.0.1:5000
2025-05-02 21:41:21,820 - werkzeug - INFO - [33mPress CTRL+C to quit[0m
2025-05-02 21:41:25,371 - werkzeug - INFO - 127.0.0.1 - - [02/May/2025 21:41:25] "GET / HTTP/1.1" 200 -
2025-05-02 21:41:25,471 - werkzeug - INFO - 127.0.0.1 - - [02/May/2025 21:41:25] "[36mGET /static/css/style.css HTTP/1.1[0m" 304 -
2025-05-02 21:41:28,456 - werkzeug - INFO - 127.0.0.1 - - [02/May/2025 21:41:28] "GET /login HTTP/1.1" 200 -
2025-05-02 21:41:28,480 - werkzeug - INFO - 127.0.0.1 - - [02/May/2025 21:41:28] "[36mGET /static/css/auth.css HTTP/1.1[0m" 304 -
2025-05-02 21:41:28,485 - werkzeug - INFO - 127.0.0.1 - - [02/May/2025 21:41:28] "[36mGET /static/js/auth.js HTTP/1.1[0m" 304 -
2025-05-02 21:41:31,823 - app - INFO - User logged in: ayush
2025-05-02 21:41:31,824 - werkzeug - INFO - 127.0.0.1 - - [02/May/2025 21:41:31] "POST /login HTTP/1.1" 200 -
2025-05-02 21:41:31,844 - werkzeug - INFO - 127.0.0.1 - - [02/May/2025 21:41:31] "GET /dashboard HTTP/1.1" 200 -
2025-05-02 21:41:31,865 - werkzeug - INFO - 127.0.0.1 - - [02/May/2025 21:41:31] "[36mGET /static/css/style.css HTTP/1.1[0m" 304 -
2025-05-02 21:41:31,869 - werkzeug - INFO - 127.0.0.1 - - [02/May/2025 21:41:31] "[36mGET /static/js/dashboard.js HTTP/1.1[0m" 304 -
2025-05-02 21:41:31,897 - werkzeug - INFO - 127.0.0.1 - - [02/May/2025 21:41:31] "GET /api/get_analytics HTTP/1.1" 200 -
2025-05-02 21:41:33,673 - werkzeug - INFO - 127.0.0.1 - - [02/May/2025 21:41:33] "GET /chatbot?topic=math HTTP/1.1" 200 -
2025-05-02 21:41:33,701 - werkzeug - INFO - 127.0.0.1 - - [02/May/2025 21:41:33] "[36mGET /static/css/style.css HTTP/1.1[0m" 304 -
2025-05-02 21:43:01,236 - modules.llm_handler - ERROR - Response formatting failed: name 're' is not defined
2025-05-02 21:43:01,237 - werkzeug - INFO - 127.0.0.1 - - [02/May/2025 21:43:01] "POST /api/get_questions HTTP/1.1" 200 -
2025-05-02 21:45:07,716 - modules.llm_handler - ERROR - Response formatting failed: name 're' is not defined
2025-05-02 21:45:07,731 - werkzeug - INFO - 127.0.0.1 - - [02/May/2025 21:45:07] "POST /api/chat HTTP/1.1" 200 -
2025-05-02 21:45:41,823 - werkzeug - INFO - 127.0.0.1 - - [02/May/2025 21:45:41] "GET /dashboard HTTP/1.1" 200 -
2025-05-02 21:45:41,871 - werkzeug - INFO - 127.0.0.1 - - [02/May/2025 21:45:41] "[36mGET /static/css/style.css HTTP/1.1[0m" 304 -
2025-05-02 21:45:41,875 - werkzeug - INFO - 127.0.0.1 - - [02/May/2025 21:45:41] "[36mGET /static/js/dashboard.js HTTP/1.1[0m" 304 -
2025-05-02 21:45:41,924 - werkzeug - INFO - 127.0.0.1 - - [02/May/2025 21:45:41] "GET /api/get_analytics HTTP/1.1" 200 -
2025-05-02 21:46:06,423 - modules.llm_handler - ERROR - Response formatting failed: name 're' is not defined
2025-05-02 21:46:06,424 - app - ERROR - Unexpected error in question generation: name 'requests' is not defined
2025-05-02 21:46:06,424 - werkzeug - INFO - 127.0.0.1 - - [02/May/2025 21:46:06] "[35m[1mPOST /api/get_questions HTTP/1.1[0m" 500 -
2025-05-02 21:59:26,137 - app - INFO - Database initialized successfully
2025-05-02 21:59:26,137 - app - INFO - Model configured: mistral:7b-instruct
2025-05-02 21:59:26,138 - app - INFO - Model configured: dolphin-mistral:latest
2025-05-02 21:59:26,138 - app - INFO - Model configured: mistral-openorca:latest
2025-05-02 21:59:26,138 - app - INFO - Model configured: wizard-math:7b
2025-05-02 21:59:26,195 - werkzeug - INFO - [31m[1mWARNING: This is a development server. Do not use it in a production deployment. Use a production WSGI server instead.[0m
 * Running on http://127.0.0.1:5000
2025-05-02 21:59:26,195 - werkzeug - INFO - [33mPress CTRL+C to quit[0m
2025-05-02 21:59:34,037 - werkzeug - INFO - 127.0.0.1 - - [02/May/2025 21:59:34] "GET / HTTP/1.1" 200 -
2025-05-02 21:59:34,172 - werkzeug - INFO - 127.0.0.1 - - [02/May/2025 21:59:34] "[36mGET /static/css/style.css HTTP/1.1[0m" 304 -
2025-05-02 21:59:45,698 - werkzeug - INFO - 127.0.0.1 - - [02/May/2025 21:59:45] "GET /login HTTP/1.1" 200 -
2025-05-02 21:59:45,725 - werkzeug - INFO - 127.0.0.1 - - [02/May/2025 21:59:45] "[36mGET /static/js/auth.js HTTP/1.1[0m" 304 -
2025-05-02 21:59:45,736 - werkzeug - INFO - 127.0.0.1 - - [02/May/2025 21:59:45] "[36mGET /static/css/auth.css HTTP/1.1[0m" 304 -
2025-05-02 21:59:47,035 - app - INFO - User logged in: ayush
2025-05-02 21:59:47,036 - werkzeug - INFO - 127.0.0.1 - - [02/May/2025 21:59:47] "POST /login HTTP/1.1" 200 -
2025-05-02 21:59:47,072 - werkzeug - INFO - 127.0.0.1 - - [02/May/2025 21:59:47] "GET /dashboard HTTP/1.1" 200 -
2025-05-02 21:59:47,091 - werkzeug - INFO - 127.0.0.1 - - [02/May/2025 21:59:47] "[36mGET /static/css/style.css HTTP/1.1[0m" 304 -
2025-05-02 21:59:47,095 - werkzeug - INFO - 127.0.0.1 - - [02/May/2025 21:59:47] "[36mGET /static/js/dashboard.js HTTP/1.1[0m" 304 -
2025-05-02 21:59:47,133 - werkzeug - INFO - 127.0.0.1 - - [02/May/2025 21:59:47] "GET /api/get_analytics HTTP/1.1" 200 -
2025-05-02 21:59:50,042 - werkzeug - INFO - 127.0.0.1 - - [02/May/2025 21:59:50] "GET /chatbot?topic=english HTTP/1.1" 200 -
2025-05-02 21:59:50,064 - werkzeug - INFO - 127.0.0.1 - - [02/May/2025 21:59:50] "[36mGET /static/css/style.css HTTP/1.1[0m" 304 -
2025-05-02 22:01:09,187 - modules.llm_handler - ERROR - Response formatting failed: name 're' is not defined
2025-05-02 22:01:09,188 - app - ERROR - Unexpected error in question generation: name 'requests' is not defined
2025-05-02 22:01:09,189 - werkzeug - INFO - 127.0.0.1 - - [02/May/2025 22:01:09] "[35m[1mPOST /api/get_questions HTTP/1.1[0m" 500 -
2025-05-02 22:01:28,279 - werkzeug - INFO - 127.0.0.1 - - [02/May/2025 22:01:28] "GET /chatbot?topic=math HTTP/1.1" 200 -
2025-05-02 22:01:28,307 - werkzeug - INFO - 127.0.0.1 - - [02/May/2025 22:01:28] "[36mGET /static/css/style.css HTTP/1.1[0m" 304 -
2025-05-02 22:03:11,118 - modules.llm_handler - ERROR - Response formatting failed: name 're' is not defined
2025-05-02 22:03:11,119 - werkzeug - INFO - 127.0.0.1 - - [02/May/2025 22:03:11] "POST /api/get_questions HTTP/1.1" 200 -
2025-05-02 22:07:35,570 - modules.llm_handler - ERROR - Response formatting failed: name 're' is not defined
2025-05-02 22:07:35,589 - werkzeug - INFO - 127.0.0.1 - - [02/May/2025 22:07:35] "POST /api/chat HTTP/1.1" 200 -
2025-05-02 22:08:43,237 - modules.llm_handler - ERROR - Response formatting failed: name 're' is not defined
2025-05-02 22:08:43,238 - werkzeug - INFO - 127.0.0.1 - - [02/May/2025 22:08:43] "POST /api/get_questions HTTP/1.1" 200 -
2025-05-02 22:09:14,145 - werkzeug - INFO - 127.0.0.1 - - [02/May/2025 22:09:14] "GET /dashboard HTTP/1.1" 200 -
2025-05-02 22:09:14,174 - werkzeug - INFO - 127.0.0.1 - - [02/May/2025 22:09:14] "[36mGET /static/css/style.css HTTP/1.1[0m" 304 -
2025-05-02 22:09:14,176 - werkzeug - INFO - 127.0.0.1 - - [02/May/2025 22:09:14] "[36mGET /static/js/dashboard.js HTTP/1.1[0m" 304 -
2025-05-02 22:09:14,209 - werkzeug - INFO - 127.0.0.1 - - [02/May/2025 22:09:14] "GET /api/get_analytics HTTP/1.1" 200 -
2025-05-02 22:15:47,129 - app - INFO - Database initialized successfully
2025-05-02 22:15:47,130 - app - INFO - Model configured: dolphin-mistral:latest
2025-05-02 22:15:47,130 - app - INFO - Model configured: mistral-openorca:latest
2025-05-02 22:15:47,130 - app - INFO - Model configured: wizard-math:7b
2025-05-02 22:15:47,130 - app - INFO - Model configured: mistral:7b-instruct
2025-05-02 22:15:47,164 - werkzeug - INFO - [31m[1mWARNING: This is a development server. Do not use it in a production deployment. Use a production WSGI server instead.[0m
 * Running on http://127.0.0.1:5000
2025-05-02 22:15:47,164 - werkzeug - INFO - [33mPress CTRL+C to quit[0m
2025-05-02 22:15:50,319 - werkzeug - INFO - 127.0.0.1 - - [02/May/2025 22:15:50] "GET / HTTP/1.1" 200 -
2025-05-02 22:15:50,566 - werkzeug - INFO - 127.0.0.1 - - [02/May/2025 22:15:50] "[36mGET /static/css/style.css HTTP/1.1[0m" 304 -
2025-05-02 22:15:51,695 - werkzeug - INFO - 127.0.0.1 - - [02/May/2025 22:15:51] "GET /login HTTP/1.1" 200 -
2025-05-02 22:15:51,722 - werkzeug - INFO - 127.0.0.1 - - [02/May/2025 22:15:51] "[36mGET /static/css/auth.css HTTP/1.1[0m" 304 -
2025-05-02 22:15:51,741 - werkzeug - INFO - 127.0.0.1 - - [02/May/2025 22:15:51] "[36mGET /static/js/auth.js HTTP/1.1[0m" 304 -
2025-05-02 22:15:53,125 - app - INFO - User logged in: ayush
2025-05-02 22:15:53,125 - werkzeug - INFO - 127.0.0.1 - - [02/May/2025 22:15:53] "POST /login HTTP/1.1" 200 -
2025-05-02 22:15:53,146 - werkzeug - INFO - 127.0.0.1 - - [02/May/2025 22:15:53] "GET /dashboard HTTP/1.1" 200 -
2025-05-02 22:15:53,168 - werkzeug - INFO - 127.0.0.1 - - [02/May/2025 22:15:53] "[36mGET /static/css/style.css HTTP/1.1[0m" 304 -
2025-05-02 22:15:53,172 - werkzeug - INFO - 127.0.0.1 - - [02/May/2025 22:15:53] "[36mGET /static/js/dashboard.js HTTP/1.1[0m" 304 -
2025-05-02 22:15:53,236 - werkzeug - INFO - 127.0.0.1 - - [02/May/2025 22:15:53] "GET /api/get_analytics HTTP/1.1" 200 -
2025-05-02 22:15:54,354 - werkzeug - INFO - 127.0.0.1 - - [02/May/2025 22:15:54] "GET /chatbot?topic=math HTTP/1.1" 200 -
2025-05-02 22:15:54,378 - werkzeug - INFO - 127.0.0.1 - - [02/May/2025 22:15:54] "[36mGET /static/css/style.css HTTP/1.1[0m" 304 -
2025-05-02 22:17:17,646 - modules.llm_handler - ERROR - Response formatting failed: name 're' is not defined
2025-05-02 22:17:17,647 - werkzeug - INFO - 127.0.0.1 - - [02/May/2025 22:17:17] "POST /api/get_questions HTTP/1.1" 200 -
2025-05-02 22:19:28,039 - modules.llm_handler - WARNING - Attempt 1 failed, retrying in 5 seconds...
2025-05-02 22:19:39,208 - modules.llm_handler - ERROR - Response formatting failed: name 're' is not defined
2025-05-02 22:19:39,235 - werkzeug - INFO - 127.0.0.1 - - [02/May/2025 22:19:39] "POST /api/chat HTTP/1.1" 200 -
2025-05-02 22:21:30,444 - modules.llm_handler - ERROR - Response formatting failed: name 're' is not defined
2025-05-02 22:21:30,445 - werkzeug - INFO - 127.0.0.1 - - [02/May/2025 22:21:30] "POST /api/get_questions HTTP/1.1" 200 -
2025-05-03 10:28:11,168 - app - INFO - Database initialized successfully
2025-05-03 10:28:11,170 - app - INFO - Model configured: mistral:7b-instruct
2025-05-03 10:28:11,170 - app - INFO - Model configured: dolphin-mistral:latest
2025-05-03 10:28:11,170 - app - INFO - Model configured: mistral-openorca:latest
2025-05-03 10:28:11,170 - app - INFO - Model configured: wizard-math:7b
2025-05-03 10:28:11,216 - werkzeug - INFO - [31m[1mWARNING: This is a development server. Do not use it in a production deployment. Use a production WSGI server instead.[0m
 * Running on http://127.0.0.1:5000
2025-05-03 10:28:11,216 - werkzeug - INFO - [33mPress CTRL+C to quit[0m
2025-05-03 10:28:14,111 - werkzeug - INFO - 127.0.0.1 - - [03/May/2025 10:28:14] "GET / HTTP/1.1" 200 -
2025-05-03 10:28:14,213 - werkzeug - INFO - 127.0.0.1 - - [03/May/2025 10:28:14] "[36mGET /static/css/style.css HTTP/1.1[0m" 304 -
2025-05-03 10:28:14,263 - werkzeug - INFO - 127.0.0.1 - - [03/May/2025 10:28:14] "[33mGET /favicon.ico HTTP/1.1[0m" 404 -
2025-05-03 10:28:15,497 - werkzeug - INFO - 127.0.0.1 - - [03/May/2025 10:28:15] "GET /login HTTP/1.1" 200 -
2025-05-03 10:28:15,534 - werkzeug - INFO - 127.0.0.1 - - [03/May/2025 10:28:15] "[36mGET /static/css/auth.css HTTP/1.1[0m" 304 -
2025-05-03 10:28:15,546 - werkzeug - INFO - 127.0.0.1 - - [03/May/2025 10:28:15] "[36mGET /static/js/auth.js HTTP/1.1[0m" 304 -
2025-05-03 10:28:17,079 - app - INFO - User logged in: ayush
2025-05-03 10:28:17,083 - werkzeug - INFO - 127.0.0.1 - - [03/May/2025 10:28:17] "POST /login HTTP/1.1" 200 -
2025-05-03 10:28:17,128 - werkzeug - INFO - 127.0.0.1 - - [03/May/2025 10:28:17] "GET /dashboard HTTP/1.1" 200 -
2025-05-03 10:28:17,152 - werkzeug - INFO - 127.0.0.1 - - [03/May/2025 10:28:17] "[36mGET /static/css/style.css HTTP/1.1[0m" 304 -
2025-05-03 10:28:17,182 - werkzeug - INFO - 127.0.0.1 - - [03/May/2025 10:28:17] "[36mGET /static/js/dashboard.js HTTP/1.1[0m" 304 -
2025-05-03 10:28:17,205 - werkzeug - INFO - 127.0.0.1 - - [03/May/2025 10:28:17] "GET /api/get_analytics HTTP/1.1" 200 -
2025-05-03 10:28:19,190 - werkzeug - INFO - 127.0.0.1 - - [03/May/2025 10:28:19] "GET /chatbot?topic=science HTTP/1.1" 200 -
2025-05-03 10:28:19,216 - werkzeug - INFO - 127.0.0.1 - - [03/May/2025 10:28:19] "[36mGET /static/css/style.css HTTP/1.1[0m" 304 -
2025-05-03 10:29:38,914 - modules.llm_handler - ERROR - Response formatting failed: name 're' is not defined
2025-05-03 10:29:38,915 - werkzeug - INFO - 127.0.0.1 - - [03/May/2025 10:29:38] "POST /api/get_questions HTTP/1.1" 200 -
2025-05-03 10:32:04,814 - modules.llm_handler - WARNING - Attempt 1 failed, retrying in 5 seconds...
2025-05-03 10:32:50,017 - modules.llm_handler - ERROR - Response formatting failed: name 're' is not defined
2025-05-03 10:32:50,035 - werkzeug - INFO - 127.0.0.1 - - [03/May/2025 10:32:50] "POST /api/chat HTTP/1.1" 200 -
2025-05-03 10:33:58,998 - modules.llm_handler - ERROR - Response formatting failed: name 're' is not defined
2025-05-03 10:33:58,999 - app - ERROR - Unexpected error in question generation: name 'requests' is not defined
2025-05-03 10:33:58,999 - werkzeug - INFO - 127.0.0.1 - - [03/May/2025 10:33:58] "[35m[1mPOST /api/get_questions HTTP/1.1[0m" 500 -
2025-05-03 10:47:31,968 - app - INFO - Database initialized successfully
2025-05-03 10:47:31,968 - app - INFO - Model configured: dolphin-mistral:latest
2025-05-03 10:47:31,968 - app - INFO - Model configured: wizard-math:7b
2025-05-03 10:47:31,969 - app - INFO - Model configured: mistral-openorca:latest
2025-05-03 10:47:31,969 - app - INFO - Model configured: mistral:7b-instruct
2025-05-03 10:47:31,997 - werkzeug - INFO - [31m[1mWARNING: This is a development server. Do not use it in a production deployment. Use a production WSGI server instead.[0m
 * Running on http://127.0.0.1:5000
2025-05-03 10:47:31,998 - werkzeug - INFO - [33mPress CTRL+C to quit[0m
2025-05-03 10:47:35,052 - werkzeug - INFO - 127.0.0.1 - - [03/May/2025 10:47:35] "GET / HTTP/1.1" 200 -
2025-05-03 10:47:35,191 - werkzeug - INFO - 127.0.0.1 - - [03/May/2025 10:47:35] "[36mGET /static/css/style.css HTTP/1.1[0m" 304 -
2025-05-03 10:47:36,628 - werkzeug - INFO - 127.0.0.1 - - [03/May/2025 10:47:36] "GET /login HTTP/1.1" 200 -
2025-05-03 10:47:36,654 - werkzeug - INFO - 127.0.0.1 - - [03/May/2025 10:47:36] "[36mGET /static/css/auth.css HTTP/1.1[0m" 304 -
2025-05-03 10:47:36,659 - werkzeug - INFO - 127.0.0.1 - - [03/May/2025 10:47:36] "[36mGET /static/js/auth.js HTTP/1.1[0m" 304 -
2025-05-03 10:47:38,043 - app - INFO - User logged in: ayush
2025-05-03 10:47:38,044 - werkzeug - INFO - 127.0.0.1 - - [03/May/2025 10:47:38] "POST /login HTTP/1.1" 200 -
2025-05-03 10:47:38,073 - werkzeug - INFO - 127.0.0.1 - - [03/May/2025 10:47:38] "GET /dashboard HTTP/1.1" 200 -
2025-05-03 10:47:38,097 - werkzeug - INFO - 127.0.0.1 - - [03/May/2025 10:47:38] "[36mGET /static/css/style.css HTTP/1.1[0m" 304 -
2025-05-03 10:47:38,101 - werkzeug - INFO - 127.0.0.1 - - [03/May/2025 10:47:38] "[36mGET /static/js/dashboard.js HTTP/1.1[0m" 304 -
2025-05-03 10:47:38,147 - werkzeug - INFO - 127.0.0.1 - - [03/May/2025 10:47:38] "GET /api/get_analytics HTTP/1.1" 200 -
2025-05-03 10:47:39,128 - werkzeug - INFO - 127.0.0.1 - - [03/May/2025 10:47:39] "GET /chatbot?topic=science HTTP/1.1" 200 -
2025-05-03 10:47:39,154 - werkzeug - INFO - 127.0.0.1 - - [03/May/2025 10:47:39] "[36mGET /static/css/style.css HTTP/1.1[0m" 304 -
2025-05-03 10:48:51,979 - app - ERROR - LLM request failed: Correct answer must be one of the options
2025-05-03 10:48:51,980 - werkzeug - INFO - 127.0.0.1 - - [03/May/2025 10:48:51] "[35m[1mPOST /api/get_questions HTTP/1.1[0m" 500 -
2025-05-03 10:50:34,628 - werkzeug - INFO - 127.0.0.1 - - [03/May/2025 10:50:34] "GET /chatbot?topic=science HTTP/1.1" 200 -
2025-05-03 10:50:34,657 - werkzeug - INFO - 127.0.0.1 - - [03/May/2025 10:50:34] "[36mGET /static/css/style.css HTTP/1.1[0m" 304 -
2025-05-03 10:51:13,421 - app - ERROR - LLM request failed: Correct answer must be one of the options
2025-05-03 10:51:13,421 - werkzeug - INFO - 127.0.0.1 - - [03/May/2025 10:51:13] "[35m[1mPOST /api/get_questions HTTP/1.1[0m" 500 -
2025-05-03 10:51:57,310 - app - INFO - Database initialized successfully
2025-05-03 10:51:57,311 - app - INFO - Model configured: dolphin-mistral:latest
2025-05-03 10:51:57,311 - app - INFO - Model configured: mistral-openorca:latest
2025-05-03 10:51:57,311 - app - INFO - Model configured: mistral:7b-instruct
2025-05-03 10:51:57,312 - app - INFO - Model configured: wizard-math:7b
2025-05-03 10:51:57,350 - werkzeug - INFO - [31m[1mWARNING: This is a development server. Do not use it in a production deployment. Use a production WSGI server instead.[0m
 * Running on http://127.0.0.1:5000
2025-05-03 10:51:57,350 - werkzeug - INFO - [33mPress CTRL+C to quit[0m
2025-05-03 10:52:00,755 - werkzeug - INFO - 127.0.0.1 - - [03/May/2025 10:52:00] "GET / HTTP/1.1" 200 -
2025-05-03 10:52:00,872 - werkzeug - INFO - 127.0.0.1 - - [03/May/2025 10:52:00] "[36mGET /static/css/style.css HTTP/1.1[0m" 304 -
2025-05-03 10:52:02,187 - werkzeug - INFO - 127.0.0.1 - - [03/May/2025 10:52:02] "GET /login HTTP/1.1" 200 -
2025-05-03 10:52:02,213 - werkzeug - INFO - 127.0.0.1 - - [03/May/2025 10:52:02] "[36mGET /static/css/auth.css HTTP/1.1[0m" 304 -
2025-05-03 10:52:02,217 - werkzeug - INFO - 127.0.0.1 - - [03/May/2025 10:52:02] "[36mGET /static/js/auth.js HTTP/1.1[0m" 304 -
2025-05-03 10:52:03,240 - app - INFO - User logged in: ayush
2025-05-03 10:52:03,241 - werkzeug - INFO - 127.0.0.1 - - [03/May/2025 10:52:03] "POST /login HTTP/1.1" 200 -
2025-05-03 10:52:03,268 - werkzeug - INFO - 127.0.0.1 - - [03/May/2025 10:52:03] "GET /dashboard HTTP/1.1" 200 -
2025-05-03 10:52:03,291 - werkzeug - INFO - 127.0.0.1 - - [03/May/2025 10:52:03] "[36mGET /static/css/style.css HTTP/1.1[0m" 304 -
2025-05-03 10:52:03,301 - werkzeug - INFO - 127.0.0.1 - - [03/May/2025 10:52:03] "[36mGET /static/js/dashboard.js HTTP/1.1[0m" 304 -
2025-05-03 10:52:03,338 - werkzeug - INFO - 127.0.0.1 - - [03/May/2025 10:52:03] "GET /api/get_analytics HTTP/1.1" 200 -
2025-05-03 10:52:05,650 - werkzeug - INFO - 127.0.0.1 - - [03/May/2025 10:52:05] "GET /chatbot?topic=history HTTP/1.1" 200 -
2025-05-03 10:52:05,674 - werkzeug - INFO - 127.0.0.1 - - [03/May/2025 10:52:05] "[36mGET /static/css/style.css HTTP/1.1[0m" 304 -
2025-05-03 10:53:29,076 - werkzeug - INFO - 127.0.0.1 - - [03/May/2025 10:53:29] "POST /api/get_questions HTTP/1.1" 200 -
2025-05-03 10:54:01,901 - werkzeug - INFO - 127.0.0.1 - - [03/May/2025 10:54:01] "GET /chatbot?topic=math HTTP/1.1" 200 -
2025-05-03 10:54:01,925 - werkzeug - INFO - 127.0.0.1 - - [03/May/2025 10:54:01] "[36mGET /static/css/style.css HTTP/1.1[0m" 304 -
2025-05-03 10:55:46,899 - app - ERROR - JSON parse error: Invalid control character at: line 5 column 143 (char 270). Response: {
  "question": "Which of the following is not a multiple of 7?",
  "options": ["14", "21", "28", "35"],
  "correct_answer": 1,
  "explanation": "To check if a number is a multiple of 7, we can divide it by 7 and see if the remainder is 0. Let's do this for each option:
- 14: 14  7 = 2, remainder 0, so 14 is a multiple of 7.
- 21: 21  7 = 3, remainder 0, so 21 is a multiple of 7.
- 28: 28  7 = 4, remainder 0, so 28 is a multiple of 7.
- 35: 35  7 = 5, remainder 0, so 35 is a multiple of 7.
The only number that is not a multiple of 7 is 21, so the correct answer is 1."
}
2025-05-03 10:55:46,904 - werkzeug - INFO - 127.0.0.1 - - [03/May/2025 10:55:46] "[35m[1mPOST /api/get_questions HTTP/1.1[0m" 502 -
2025-05-03 10:58:13,017 - app - INFO - Database initialized successfully
2025-05-03 10:58:13,017 - app - INFO - Model configured: wizard-math:7b
2025-05-03 10:58:13,018 - app - INFO - Model configured: mistral-openorca:latest
2025-05-03 10:58:13,018 - app - INFO - Model configured: dolphin-mistral:latest
2025-05-03 10:58:13,018 - app - INFO - Model configured: mistral:7b-instruct
2025-05-03 10:58:13,056 - werkzeug - INFO - [31m[1mWARNING: This is a development server. Do not use it in a production deployment. Use a production WSGI server instead.[0m
 * Running on http://127.0.0.1:5000
2025-05-03 10:58:13,057 - werkzeug - INFO - [33mPress CTRL+C to quit[0m
2025-05-03 10:58:14,466 - werkzeug - INFO - 127.0.0.1 - - [03/May/2025 10:58:14] "[32mGET /chatbot?topic=math HTTP/1.1[0m" 302 -
2025-05-03 10:58:14,491 - werkzeug - INFO - 127.0.0.1 - - [03/May/2025 10:58:14] "GET /login HTTP/1.1" 200 -
2025-05-03 10:58:14,630 - werkzeug - INFO - 127.0.0.1 - - [03/May/2025 10:58:14] "[36mGET /static/js/auth.js HTTP/1.1[0m" 304 -
2025-05-03 10:58:14,631 - werkzeug - INFO - 127.0.0.1 - - [03/May/2025 10:58:14] "[36mGET /static/css/auth.css HTTP/1.1[0m" 304 -
2025-05-03 10:58:15,865 - werkzeug - INFO - 127.0.0.1 - - [03/May/2025 10:58:15] "GET /login HTTP/1.1" 200 -
2025-05-03 10:58:15,889 - werkzeug - INFO - 127.0.0.1 - - [03/May/2025 10:58:15] "[36mGET /static/css/auth.css HTTP/1.1[0m" 304 -
2025-05-03 10:58:15,889 - werkzeug - INFO - 127.0.0.1 - - [03/May/2025 10:58:15] "[36mGET /static/js/auth.js HTTP/1.1[0m" 304 -
2025-05-03 10:58:17,315 - app - INFO - User logged in: ayush
2025-05-03 10:58:17,316 - werkzeug - INFO - 127.0.0.1 - - [03/May/2025 10:58:17] "POST /login HTTP/1.1" 200 -
2025-05-03 10:58:17,339 - werkzeug - INFO - 127.0.0.1 - - [03/May/2025 10:58:17] "GET /dashboard HTTP/1.1" 200 -
2025-05-03 10:58:17,366 - werkzeug - INFO - 127.0.0.1 - - [03/May/2025 10:58:17] "[36mGET /static/css/style.css HTTP/1.1[0m" 304 -
2025-05-03 10:58:17,369 - werkzeug - INFO - 127.0.0.1 - - [03/May/2025 10:58:17] "[36mGET /static/js/dashboard.js HTTP/1.1[0m" 304 -
2025-05-03 10:58:17,389 - werkzeug - INFO - 127.0.0.1 - - [03/May/2025 10:58:17] "GET /api/get_analytics HTTP/1.1" 200 -
2025-05-03 10:58:22,380 - werkzeug - INFO - 127.0.0.1 - - [03/May/2025 10:58:22] "GET /chatbot?topic=math HTTP/1.1" 200 -
2025-05-03 10:58:22,400 - werkzeug - INFO - 127.0.0.1 - - [03/May/2025 10:58:22] "[36mGET /static/css/style.css HTTP/1.1[0m" 304 -
2025-05-03 10:58:55,179 - werkzeug - INFO - 127.0.0.1 - - [03/May/2025 10:58:55] "POST /api/get_questions HTTP/1.1" 200 -
2025-05-03 10:59:25,926 - werkzeug - INFO - 127.0.0.1 - - [03/May/2025 10:59:25] "GET /chatbot?topic=science HTTP/1.1" 200 -
2025-05-03 10:59:25,951 - werkzeug - INFO - 127.0.0.1 - - [03/May/2025 10:59:25] "[36mGET /static/css/style.css HTTP/1.1[0m" 304 -
2025-05-03 11:00:46,998 - werkzeug - INFO - 127.0.0.1 - - [03/May/2025 11:00:46] "POST /api/get_questions HTTP/1.1" 200 -
2025-05-03 11:02:42,551 - werkzeug - INFO - 127.0.0.1 - - [03/May/2025 11:02:42] "GET /chatbot?topic=science HTTP/1.1" 200 -
2025-05-03 11:02:42,579 - werkzeug - INFO - 127.0.0.1 - - [03/May/2025 11:02:42] "[36mGET /static/css/style.css HTTP/1.1[0m" 304 -
2025-05-03 11:02:45,648 - werkzeug - INFO - 127.0.0.1 - - [03/May/2025 11:02:45] "GET /chatbot?topic=math HTTP/1.1" 200 -
2025-05-03 11:02:45,675 - werkzeug - INFO - 127.0.0.1 - - [03/May/2025 11:02:45] "[36mGET /static/css/style.css HTTP/1.1[0m" 304 -
2025-05-03 11:03:12,530 - werkzeug - INFO - 127.0.0.1 - - [03/May/2025 11:03:12] "POST /api/get_questions HTTP/1.1" 200 -
2025-05-03 11:04:49,774 - modules.llm_handler - WARNING - Attempt 1 failed, retrying in 5 seconds...
2025-05-03 11:05:51,626 - app - ERROR - LLM response validation failed: Correct answer '35' not in options ['30', '40', '25', '65']
2025-05-03 11:05:51,626 - app - ERROR - LLM request failed: Correct answer must be one of the options
2025-05-03 11:05:51,627 - werkzeug - INFO - 127.0.0.1 - - [03/May/2025 11:05:51] "[35m[1mPOST /api/get_questions HTTP/1.1[0m" 500 -
2025-05-03 11:10:06,003 - app - INFO - Database initialized successfully
2025-05-03 11:10:06,003 - app - INFO - Model configured: dolphin-mistral:latest
2025-05-03 11:10:06,004 - app - INFO - Model configured: mistral:7b-instruct
2025-05-03 11:10:06,004 - app - INFO - Model configured: mistral-openorca:latest
2025-05-03 11:10:06,004 - app - INFO - Model configured: wizard-math:7b
2025-05-03 11:10:06,044 - werkzeug - INFO - [31m[1mWARNING: This is a development server. Do not use it in a production deployment. Use a production WSGI server instead.[0m
 * Running on http://127.0.0.1:5000
2025-05-03 11:10:06,044 - werkzeug - INFO - [33mPress CTRL+C to quit[0m
2025-05-03 11:10:09,805 - werkzeug - INFO - 127.0.0.1 - - [03/May/2025 11:10:09] "GET / HTTP/1.1" 200 -
2025-05-03 11:10:09,925 - werkzeug - INFO - 127.0.0.1 - - [03/May/2025 11:10:09] "[36mGET /static/css/style.css HTTP/1.1[0m" 304 -
2025-05-03 11:10:12,225 - werkzeug - INFO - 127.0.0.1 - - [03/May/2025 11:10:12] "GET /login HTTP/1.1" 200 -
2025-05-03 11:10:12,254 - werkzeug - INFO - 127.0.0.1 - - [03/May/2025 11:10:12] "[36mGET /static/css/auth.css HTTP/1.1[0m" 304 -
2025-05-03 11:10:12,259 - werkzeug - INFO - 127.0.0.1 - - [03/May/2025 11:10:12] "[36mGET /static/js/auth.js HTTP/1.1[0m" 304 -
2025-05-03 11:10:13,609 - app - INFO - User logged in: ayush
2025-05-03 11:10:13,610 - werkzeug - INFO - 127.0.0.1 - - [03/May/2025 11:10:13] "POST /login HTTP/1.1" 200 -
2025-05-03 11:10:13,637 - werkzeug - INFO - 127.0.0.1 - - [03/May/2025 11:10:13] "GET /dashboard HTTP/1.1" 200 -
2025-05-03 11:10:13,664 - werkzeug - INFO - 127.0.0.1 - - [03/May/2025 11:10:13] "[36mGET /static/css/style.css HTTP/1.1[0m" 304 -
2025-05-03 11:10:13,668 - werkzeug - INFO - 127.0.0.1 - - [03/May/2025 11:10:13] "[36mGET /static/js/dashboard.js HTTP/1.1[0m" 304 -
2025-05-03 11:10:13,714 - werkzeug - INFO - 127.0.0.1 - - [03/May/2025 11:10:13] "GET /api/get_analytics HTTP/1.1" 200 -
2025-05-03 11:10:14,882 - werkzeug - INFO - 127.0.0.1 - - [03/May/2025 11:10:14] "GET /chatbot?topic=gk HTTP/1.1" 200 -
2025-05-03 11:10:14,904 - werkzeug - INFO - 127.0.0.1 - - [03/May/2025 11:10:14] "[36mGET /static/css/style.css HTTP/1.1[0m" 304 -
2025-05-03 11:11:25,750 - werkzeug - INFO - 127.0.0.1 - - [03/May/2025 11:11:25] "POST /api/get_questions HTTP/1.1" 200 -
2025-05-03 13:45:45,096 - app - INFO - Database initialized successfully
2025-05-03 13:45:45,104 - app - INFO - Model configured: mistral:7b-instruct
2025-05-03 13:45:45,111 - app - INFO - Model configured: wizard-math:7b
2025-05-03 13:45:45,121 - app - INFO - Model configured: mistral-openorca:latest
2025-05-03 13:45:45,140 - app - INFO - Model configured: dolphin-mistral:latest
2025-05-03 13:45:45,317 - werkzeug - INFO - [31m[1mWARNING: This is a development server. Do not use it in a production deployment. Use a production WSGI server instead.[0m
 * Running on http://127.0.0.1:5000
2025-05-03 13:45:45,380 - werkzeug - INFO - [33mPress CTRL+C to quit[0m
2025-05-03 13:46:02,736 - werkzeug - INFO - 127.0.0.1 - - [03/May/2025 13:46:02] "GET / HTTP/1.1" 200 -
2025-05-03 13:46:03,518 - werkzeug - INFO - 127.0.0.1 - - [03/May/2025 13:46:03] "[36mGET /static/css/style.css HTTP/1.1[0m" 304 -
2025-05-03 13:46:03,718 - werkzeug - INFO - 127.0.0.1 - - [03/May/2025 13:46:03] "[33mGET /favicon.ico HTTP/1.1[0m" 404 -
2025-05-03 13:46:07,282 - werkzeug - INFO - 127.0.0.1 - - [03/May/2025 13:46:07] "GET /login HTTP/1.1" 200 -
2025-05-03 13:46:07,401 - werkzeug - INFO - 127.0.0.1 - - [03/May/2025 13:46:07] "[36mGET /static/js/auth.js HTTP/1.1[0m" 304 -
2025-05-03 13:46:07,402 - werkzeug - INFO - 127.0.0.1 - - [03/May/2025 13:46:07] "[36mGET /static/css/auth.css HTTP/1.1[0m" 304 -
2025-05-03 13:46:09,660 - app - INFO - User logged in: ayush
2025-05-03 13:46:09,665 - werkzeug - INFO - 127.0.0.1 - - [03/May/2025 13:46:09] "POST /login HTTP/1.1" 200 -
2025-05-03 13:46:09,735 - werkzeug - INFO - 127.0.0.1 - - [03/May/2025 13:46:09] "GET /dashboard HTTP/1.1" 200 -
2025-05-03 13:46:09,779 - werkzeug - INFO - 127.0.0.1 - - [03/May/2025 13:46:09] "[36mGET /static/css/style.css HTTP/1.1[0m" 304 -
2025-05-03 13:46:09,851 - werkzeug - INFO - 127.0.0.1 - - [03/May/2025 13:46:09] "[36mGET /static/js/dashboard.js HTTP/1.1[0m" 304 -
2025-05-03 13:46:09,891 - werkzeug - INFO - 127.0.0.1 - - [03/May/2025 13:46:09] "GET /api/get_analytics HTTP/1.1" 200 -
2025-05-03 13:46:12,685 - werkzeug - INFO - 127.0.0.1 - - [03/May/2025 13:46:12] "GET /chatbot?topic=math HTTP/1.1" 200 -
2025-05-03 13:46:12,732 - werkzeug - INFO - 127.0.0.1 - - [03/May/2025 13:46:12] "[36mGET /static/css/style.css HTTP/1.1[0m" 304 -
2025-05-03 13:48:16,890 - modules.llm_handler - WARNING - Attempt 1 failed, retrying in 5 seconds...
2025-05-03 13:48:45,097 - werkzeug - INFO - 127.0.0.1 - - [03/May/2025 13:48:45] "GET /chatbot?topic=math HTTP/1.1" 200 -
2025-05-03 13:48:45,167 - werkzeug - INFO - 127.0.0.1 - - [03/May/2025 13:48:45] "[36mGET /static/css/style.css HTTP/1.1[0m" 304 -
2025-05-03 13:48:48,303 - werkzeug - INFO - 127.0.0.1 - - [03/May/2025 13:48:48] "GET /chatbot?topic=math HTTP/1.1" 200 -
2025-05-03 13:48:48,357 - werkzeug - INFO - 127.0.0.1 - - [03/May/2025 13:48:48] "[36mGET /static/css/style.css HTTP/1.1[0m" 304 -
2025-05-03 13:49:39,551 - modules.llm_handler - ERROR - Response formatting failed: name 're' is not defined
2025-05-03 13:49:39,552 - werkzeug - INFO - 127.0.0.1 - - [03/May/2025 13:49:39] "POST /api/get_questions HTTP/1.1" 200 -
2025-05-03 13:50:44,057 - app - INFO - Database initialized successfully
2025-05-03 13:50:44,058 - app - INFO - Model configured: mistral:7b-instruct
2025-05-03 13:50:44,058 - app - INFO - Model configured: mistral-openorca:latest
2025-05-03 13:50:44,059 - app - INFO - Model configured: dolphin-mistral:latest
2025-05-03 13:50:44,059 - app - INFO - Model configured: wizard-math:7b
2025-05-03 13:50:44,089 - werkzeug - INFO - [31m[1mWARNING: This is a development server. Do not use it in a production deployment. Use a production WSGI server instead.[0m
 * Running on http://127.0.0.1:5000
2025-05-03 13:50:44,090 - werkzeug - INFO - [33mPress CTRL+C to quit[0m
2025-05-03 13:51:22,998 - werkzeug - INFO - 127.0.0.1 - - [03/May/2025 13:51:22] "[32mGET /chatbot?topic=math HTTP/1.1[0m" 302 -
2025-05-03 13:51:23,014 - werkzeug - INFO - 127.0.0.1 - - [03/May/2025 13:51:23] "GET /login HTTP/1.1" 200 -
2025-05-03 13:51:23,208 - werkzeug - INFO - 127.0.0.1 - - [03/May/2025 13:51:23] "[36mGET /static/css/auth.css HTTP/1.1[0m" 304 -
2025-05-03 13:51:23,209 - werkzeug - INFO - 127.0.0.1 - - [03/May/2025 13:51:23] "[36mGET /static/js/auth.js HTTP/1.1[0m" 304 -
2025-05-03 13:51:25,103 - app - INFO - User logged in: ayush
2025-05-03 13:51:25,104 - werkzeug - INFO - 127.0.0.1 - - [03/May/2025 13:51:25] "POST /login HTTP/1.1" 200 -
2025-05-03 13:51:25,127 - werkzeug - INFO - 127.0.0.1 - - [03/May/2025 13:51:25] "GET /dashboard HTTP/1.1" 200 -
2025-05-03 13:51:25,156 - werkzeug - INFO - 127.0.0.1 - - [03/May/2025 13:51:25] "[36mGET /static/css/style.css HTTP/1.1[0m" 304 -
2025-05-03 13:51:25,164 - werkzeug - INFO - 127.0.0.1 - - [03/May/2025 13:51:25] "[36mGET /static/js/dashboard.js HTTP/1.1[0m" 304 -
2025-05-03 13:51:25,190 - werkzeug - INFO - 127.0.0.1 - - [03/May/2025 13:51:25] "GET /api/get_analytics HTTP/1.1" 200 -
2025-05-03 13:51:27,801 - werkzeug - INFO - 127.0.0.1 - - [03/May/2025 13:51:27] "GET /chatbot?topic=math HTTP/1.1" 200 -
2025-05-03 13:51:27,822 - werkzeug - INFO - 127.0.0.1 - - [03/May/2025 13:51:27] "[36mGET /static/css/style.css HTTP/1.1[0m" 304 -
2025-05-03 13:52:23,243 - modules.llm_handler - ERROR - Response formatting failed: name 're' is not defined
2025-05-03 13:52:23,244 - werkzeug - INFO - 127.0.0.1 - - [03/May/2025 13:52:23] "POST /api/get_questions HTTP/1.1" 200 -
2025-05-03 13:55:22,425 - modules.llm_handler - WARNING - Attempt 1 failed, retrying in 5 seconds...
2025-05-03 13:56:33,563 - modules.llm_handler - ERROR - Response formatting failed: name 're' is not defined
2025-05-03 13:56:33,590 - werkzeug - INFO - 127.0.0.1 - - [03/May/2025 13:56:33] "POST /api/chat HTTP/1.1" 200 -
2025-05-03 13:57:55,337 - modules.llm_handler - ERROR - Response formatting failed: name 're' is not defined
2025-05-03 13:57:55,338 - werkzeug - INFO - 127.0.0.1 - - [03/May/2025 13:57:55] "POST /api/get_questions HTTP/1.1" 200 -
2025-05-03 16:45:19,932 - app - INFO - Database initialized successfully
2025-05-03 16:45:19,933 - app - INFO - Model configured: dolphin-mistral:latest
2025-05-03 16:45:19,933 - app - INFO - Model configured: wizard-math:7b
2025-05-03 16:45:19,933 - app - INFO - Model configured: mistral:7b-instruct
2025-05-03 16:45:19,933 - app - INFO - Model configured: mistral-openorca:latest
2025-05-03 16:45:19,981 - werkzeug - INFO - [31m[1mWARNING: This is a development server. Do not use it in a production deployment. Use a production WSGI server instead.[0m
 * Running on http://127.0.0.1:5000
2025-05-03 16:45:19,981 - werkzeug - INFO - [33mPress CTRL+C to quit[0m
2025-05-03 16:45:25,926 - werkzeug - INFO - 127.0.0.1 - - [03/May/2025 16:45:25] "GET / HTTP/1.1" 200 -
2025-05-03 16:45:26,141 - werkzeug - INFO - 127.0.0.1 - - [03/May/2025 16:45:26] "GET /static/css/style.css HTTP/1.1" 200 -
2025-05-03 16:45:26,206 - werkzeug - INFO - 127.0.0.1 - - [03/May/2025 16:45:26] "[33mGET /favicon.ico HTTP/1.1[0m" 404 -
2025-05-03 16:45:27,600 - werkzeug - INFO - 127.0.0.1 - - [03/May/2025 16:45:27] "GET /login HTTP/1.1" 200 -
2025-05-03 16:45:27,633 - werkzeug - INFO - 127.0.0.1 - - [03/May/2025 16:45:27] "GET /static/css/auth.css HTTP/1.1" 200 -
2025-05-03 16:45:27,634 - werkzeug - INFO - 127.0.0.1 - - [03/May/2025 16:45:27] "GET /static/js/auth.js HTTP/1.1" 200 -
2025-05-03 16:45:29,574 - app - INFO - User logged in: ayush
2025-05-03 16:45:29,579 - werkzeug - INFO - 127.0.0.1 - - [03/May/2025 16:45:29] "POST /login HTTP/1.1" 200 -
2025-05-03 16:45:29,604 - werkzeug - INFO - 127.0.0.1 - - [03/May/2025 16:45:29] "GET /dashboard HTTP/1.1" 200 -
2025-05-03 16:45:29,630 - werkzeug - INFO - 127.0.0.1 - - [03/May/2025 16:45:29] "[36mGET /static/css/style.css HTTP/1.1[0m" 304 -
2025-05-03 16:45:29,634 - werkzeug - INFO - 127.0.0.1 - - [03/May/2025 16:45:29] "GET /static/js/dashboard.js HTTP/1.1" 200 -
2025-05-03 16:45:29,936 - werkzeug - INFO - 127.0.0.1 - - [03/May/2025 16:45:29] "GET /api/get_analytics HTTP/1.1" 200 -
2025-05-03 16:45:33,738 - werkzeug - INFO - 127.0.0.1 - - [03/May/2025 16:45:33] "GET /chatbot?topic=english HTTP/1.1" 200 -
2025-05-03 16:45:33,758 - werkzeug - INFO - 127.0.0.1 - - [03/May/2025 16:45:33] "[36mGET /static/css/style.css HTTP/1.1[0m" 304 -
2025-05-03 16:46:41,191 - app - ERROR - Unexpected error in question generation: name 'requests' is not defined
2025-05-03 16:46:41,192 - werkzeug - INFO - 127.0.0.1 - - [03/May/2025 16:46:41] "[35m[1mPOST /api/get_questions HTTP/1.1[0m" 500 -
2025-05-03 16:47:10,421 - werkzeug - INFO - 127.0.0.1 - - [03/May/2025 16:47:10] "GET /chatbot?topic=math HTTP/1.1" 200 -
2025-05-03 16:47:10,444 - werkzeug - INFO - 127.0.0.1 - - [03/May/2025 16:47:10] "[36mGET /static/css/style.css HTTP/1.1[0m" 304 -
2025-05-03 16:48:28,592 - werkzeug - INFO - 127.0.0.1 - - [03/May/2025 16:48:28] "POST /api/get_questions HTTP/1.1" 200 -
2025-05-03 16:54:41,150 - modules.llm_handler - WARNING - Attempt 1 failed, retrying in 5 seconds...
2025-05-03 16:55:54,257 - modules.llm_handler - ERROR - Response formatting failed: No JSON block found in the response
2025-05-03 16:55:54,278 - werkzeug - INFO - 127.0.0.1 - - [03/May/2025 16:55:54] "POST /api/chat HTTP/1.1" 200 -
2025-05-03 16:57:23,971 - werkzeug - INFO - 127.0.0.1 - - [03/May/2025 16:57:23] "POST /api/get_questions HTTP/1.1" 200 -
2025-05-03 17:11:57,962 - app - INFO - Database initialized successfully
2025-05-03 17:11:57,962 - app - INFO - Model configured: mistral:7b-instruct
2025-05-03 17:11:57,963 - app - INFO - Model configured: wizard-math:7b
2025-05-03 17:11:57,963 - app - INFO - Model configured: mistral-openorca:latest
2025-05-03 17:11:57,963 - app - INFO - Model configured: dolphin-mistral:latest
2025-05-03 17:11:58,021 - werkzeug - INFO - [31m[1mWARNING: This is a development server. Do not use it in a production deployment. Use a production WSGI server instead.[0m
 * Running on http://127.0.0.1:5000
2025-05-03 17:11:58,021 - werkzeug - INFO - [33mPress CTRL+C to quit[0m
2025-05-03 17:12:00,893 - werkzeug - INFO - 127.0.0.1 - - [03/May/2025 17:12:00] "GET / HTTP/1.1" 200 -
2025-05-03 17:12:01,008 - werkzeug - INFO - 127.0.0.1 - - [03/May/2025 17:12:01] "[36mGET /static/css/style.css HTTP/1.1[0m" 304 -
2025-05-03 17:12:01,995 - werkzeug - INFO - 127.0.0.1 - - [03/May/2025 17:12:01] "GET /login HTTP/1.1" 200 -
2025-05-03 17:12:02,034 - werkzeug - INFO - 127.0.0.1 - - [03/May/2025 17:12:02] "[36mGET /static/css/auth.css HTTP/1.1[0m" 304 -
2025-05-03 17:12:02,072 - werkzeug - INFO - 127.0.0.1 - - [03/May/2025 17:12:02] "[36mGET /static/js/auth.js HTTP/1.1[0m" 304 -
2025-05-03 17:12:03,221 - app - INFO - User logged in: ayush
2025-05-03 17:12:03,222 - werkzeug - INFO - 127.0.0.1 - - [03/May/2025 17:12:03] "POST /login HTTP/1.1" 200 -
2025-05-03 17:12:03,261 - werkzeug - INFO - 127.0.0.1 - - [03/May/2025 17:12:03] "GET /dashboard HTTP/1.1" 200 -
2025-05-03 17:12:03,284 - werkzeug - INFO - 127.0.0.1 - - [03/May/2025 17:12:03] "[36mGET /static/css/style.css HTTP/1.1[0m" 304 -
2025-05-03 17:12:03,313 - werkzeug - INFO - 127.0.0.1 - - [03/May/2025 17:12:03] "[36mGET /static/js/dashboard.js HTTP/1.1[0m" 304 -
2025-05-03 17:12:03,334 - werkzeug - INFO - 127.0.0.1 - - [03/May/2025 17:12:03] "GET /api/get_analytics HTTP/1.1" 200 -
2025-05-03 17:12:06,342 - werkzeug - INFO - 127.0.0.1 - - [03/May/2025 17:12:06] "[36mGET /static/css/style.css HTTP/1.1[0m" 304 -
2025-05-03 17:12:06,376 - werkzeug - INFO - 127.0.0.1 - - [03/May/2025 17:12:06] "[33mGET /.well-known/appspecific/com.chrome.devtools.json HTTP/1.1[0m" 404 -
2025-05-03 17:13:30,958 - werkzeug - INFO - 127.0.0.1 - - [03/May/2025 17:13:30] "GET /chatbot?topic=math HTTP/1.1" 200 -
2025-05-03 17:13:30,982 - werkzeug - INFO - 127.0.0.1 - - [03/May/2025 17:13:30] "[36mGET /static/css/style.css HTTP/1.1[0m" 304 -
2025-05-03 17:14:44,703 - app - ERROR - LLM request failed: Correct answer must be one of the options
2025-05-03 17:14:44,705 - werkzeug - INFO - 127.0.0.1 - - [03/May/2025 17:14:44] "[35m[1mPOST /api/get_questions HTTP/1.1[0m" 500 -
2025-05-03 17:16:05,423 - app - INFO - Database initialized successfully
2025-05-03 17:16:05,424 - app - INFO - Model configured: wizard-math:7b
2025-05-03 17:16:05,424 - app - INFO - Model configured: mistral-openorca:latest
2025-05-03 17:16:05,424 - app - INFO - Model configured: dolphin-mistral:latest
2025-05-03 17:16:05,424 - app - INFO - Model configured: mistral:7b-instruct
2025-05-03 17:16:05,511 - werkzeug - INFO - [31m[1mWARNING: This is a development server. Do not use it in a production deployment. Use a production WSGI server instead.[0m
 * Running on http://127.0.0.1:5000
2025-05-03 17:16:05,511 - werkzeug - INFO - [33mPress CTRL+C to quit[0m
2025-05-03 17:16:16,780 - werkzeug - INFO - 127.0.0.1 - - [03/May/2025 17:16:16] "GET / HTTP/1.1" 200 -
2025-05-03 17:16:16,865 - werkzeug - INFO - 127.0.0.1 - - [03/May/2025 17:16:16] "[36mGET /static/css/style.css HTTP/1.1[0m" 304 -
2025-05-03 17:16:18,306 - werkzeug - INFO - 127.0.0.1 - - [03/May/2025 17:16:18] "GET /login HTTP/1.1" 200 -
2025-05-03 17:16:18,328 - werkzeug - INFO - 127.0.0.1 - - [03/May/2025 17:16:18] "[36mGET /static/css/auth.css HTTP/1.1[0m" 304 -
2025-05-03 17:16:18,332 - werkzeug - INFO - 127.0.0.1 - - [03/May/2025 17:16:18] "[36mGET /static/js/auth.js HTTP/1.1[0m" 304 -
2025-05-03 17:16:19,483 - app - INFO - User logged in: ayush
2025-05-03 17:16:19,483 - werkzeug - INFO - 127.0.0.1 - - [03/May/2025 17:16:19] "POST /login HTTP/1.1" 200 -
2025-05-03 17:16:19,509 - werkzeug - INFO - 127.0.0.1 - - [03/May/2025 17:16:19] "GET /dashboard HTTP/1.1" 200 -
2025-05-03 17:16:19,530 - werkzeug - INFO - 127.0.0.1 - - [03/May/2025 17:16:19] "[36mGET /static/css/style.css HTTP/1.1[0m" 304 -
2025-05-03 17:16:19,534 - werkzeug - INFO - 127.0.0.1 - - [03/May/2025 17:16:19] "[36mGET /static/js/dashboard.js HTTP/1.1[0m" 304 -
2025-05-03 17:16:19,551 - werkzeug - INFO - 127.0.0.1 - - [03/May/2025 17:16:19] "GET /api/get_analytics HTTP/1.1" 200 -
2025-05-03 17:16:22,825 - werkzeug - INFO - 127.0.0.1 - - [03/May/2025 17:16:22] "GET /chatbot?topic=gk HTTP/1.1" 200 -
2025-05-03 17:16:22,846 - werkzeug - INFO - 127.0.0.1 - - [03/May/2025 17:16:22] "[36mGET /static/css/style.css HTTP/1.1[0m" 304 -
2025-05-03 17:17:34,141 - app - ERROR - LLM request failed: Correct answer must be one of the options
2025-05-03 17:17:34,142 - werkzeug - INFO - 127.0.0.1 - - [03/May/2025 17:17:34] "[35m[1mPOST /api/get_questions HTTP/1.1[0m" 500 -
2025-05-03 17:20:10,817 - werkzeug - INFO - 127.0.0.1 - - [03/May/2025 17:20:10] "GET /chatbot?topic=math HTTP/1.1" 200 -
2025-05-03 17:20:10,839 - werkzeug - INFO - 127.0.0.1 - - [03/May/2025 17:20:10] "[36mGET /static/css/style.css HTTP/1.1[0m" 304 -
2025-05-03 17:21:27,205 - werkzeug - INFO - 127.0.0.1 - - [03/May/2025 17:21:27] "POST /api/get_questions HTTP/1.1" 200 -
2025-05-03 17:24:29,968 - modules.llm_handler - WARNING - Attempt 1 failed, retrying in 5 seconds...
2025-05-03 17:25:37,798 - modules.llm_handler - ERROR - Response formatting failed: No JSON block found in the response
2025-05-03 17:25:37,817 - werkzeug - INFO - 127.0.0.1 - - [03/May/2025 17:25:37] "POST /api/chat HTTP/1.1" 200 -
2025-05-03 17:26:56,705 - werkzeug - INFO - 127.0.0.1 - - [03/May/2025 17:26:56] "GET /dashboard HTTP/1.1" 200 -
2025-05-03 17:26:56,745 - werkzeug - INFO - 127.0.0.1 - - [03/May/2025 17:26:56] "[36mGET /static/css/style.css HTTP/1.1[0m" 304 -
2025-05-03 17:26:56,747 - werkzeug - INFO - 127.0.0.1 - - [03/May/2025 17:26:56] "[36mGET /static/js/dashboard.js HTTP/1.1[0m" 304 -
2025-05-03 17:26:56,771 - werkzeug - INFO - 127.0.0.1 - - [03/May/2025 17:26:56] "GET /api/get_analytics HTTP/1.1" 200 -
2025-05-03 17:27:03,633 - werkzeug - INFO - 127.0.0.1 - - [03/May/2025 17:27:03] "POST /api/get_questions HTTP/1.1" 200 -
2025-05-03 17:39:13,688 - app - INFO - Database initialized successfully
2025-05-03 17:39:13,689 - app - INFO - Model configured: mistral-openorca:latest
2025-05-03 17:39:13,689 - app - INFO - Model configured: wizard-math:7b
2025-05-03 17:39:13,689 - app - INFO - Model configured: mistral:7b-instruct
2025-05-03 17:39:13,689 - app - INFO - Model configured: dolphin-mistral:latest
2025-05-03 17:39:13,733 - werkzeug - INFO - [31m[1mWARNING: This is a development server. Do not use it in a production deployment. Use a production WSGI server instead.[0m
 * Running on http://127.0.0.1:5000
2025-05-03 17:39:13,734 - werkzeug - INFO - [33mPress CTRL+C to quit[0m
2025-05-03 17:39:32,565 - werkzeug - INFO - 127.0.0.1 - - [03/May/2025 17:39:32] "GET / HTTP/1.1" 200 -
2025-05-03 17:39:32,741 - werkzeug - INFO - 127.0.0.1 - - [03/May/2025 17:39:32] "[36mGET /static/css/style.css HTTP/1.1[0m" 304 -
2025-05-03 17:39:32,818 - werkzeug - INFO - 127.0.0.1 - - [03/May/2025 17:39:32] "[33mGET /favicon.ico HTTP/1.1[0m" 404 -
2025-05-03 17:39:33,980 - werkzeug - INFO - 127.0.0.1 - - [03/May/2025 17:39:33] "GET /login HTTP/1.1" 200 -
2025-05-03 17:39:34,006 - werkzeug - INFO - 127.0.0.1 - - [03/May/2025 17:39:34] "[36mGET /static/css/auth.css HTTP/1.1[0m" 304 -
2025-05-03 17:39:34,010 - werkzeug - INFO - 127.0.0.1 - - [03/May/2025 17:39:34] "[36mGET /static/js/auth.js HTTP/1.1[0m" 304 -
2025-05-03 17:39:35,494 - app - INFO - User logged in: ayush
2025-05-03 17:39:35,495 - werkzeug - INFO - 127.0.0.1 - - [03/May/2025 17:39:35] "POST /login HTTP/1.1" 200 -
2025-05-03 17:39:35,520 - werkzeug - INFO - 127.0.0.1 - - [03/May/2025 17:39:35] "GET /dashboard HTTP/1.1" 200 -
2025-05-03 17:39:35,551 - werkzeug - INFO - 127.0.0.1 - - [03/May/2025 17:39:35] "[36mGET /static/css/style.css HTTP/1.1[0m" 304 -
2025-05-03 17:39:35,566 - werkzeug - INFO - 127.0.0.1 - - [03/May/2025 17:39:35] "[36mGET /static/js/dashboard.js HTTP/1.1[0m" 304 -
2025-05-03 17:39:35,605 - werkzeug - INFO - 127.0.0.1 - - [03/May/2025 17:39:35] "GET /api/get_analytics HTTP/1.1" 200 -
2025-05-03 17:39:43,324 - werkzeug - INFO - 127.0.0.1 - - [03/May/2025 17:39:43] "GET /chatbot?topic=english HTTP/1.1" 200 -
2025-05-03 17:39:43,351 - werkzeug - INFO - 127.0.0.1 - - [03/May/2025 17:39:43] "[36mGET /static/css/style.css HTTP/1.1[0m" 304 -
2025-05-03 17:40:43,312 - werkzeug - INFO - 127.0.0.1 - - [03/May/2025 17:40:43] "POST /api/get_questions HTTP/1.1" 200 -
2025-05-03 17:42:58,176 - modules.llm_handler - ERROR - Response formatting failed: No JSON block found in the response
2025-05-03 17:42:58,196 - werkzeug - INFO - 127.0.0.1 - - [03/May/2025 17:42:58] "POST /api/chat HTTP/1.1" 200 -
2025-05-03 17:43:16,412 - werkzeug - INFO - 127.0.0.1 - - [03/May/2025 17:43:16] "GET /dashboard HTTP/1.1" 200 -
2025-05-03 17:43:16,447 - werkzeug - INFO - 127.0.0.1 - - [03/May/2025 17:43:16] "[36mGET /static/css/style.css HTTP/1.1[0m" 304 -
2025-05-03 17:43:16,456 - werkzeug - INFO - 127.0.0.1 - - [03/May/2025 17:43:16] "[36mGET /static/js/dashboard.js HTTP/1.1[0m" 304 -
2025-05-03 17:43:16,471 - werkzeug - INFO - 127.0.0.1 - - [03/May/2025 17:43:16] "GET /api/get_analytics HTTP/1.1" 200 -
2025-05-03 17:44:08,727 - app - WARNING - Correct answer not in options. Adjusting response.
2025-05-03 17:44:08,728 - werkzeug - INFO - 127.0.0.1 - - [03/May/2025 17:44:08] "POST /api/get_questions HTTP/1.1" 200 -
2025-05-03 19:28:06,534 - app - INFO - Database initialized successfully
2025-05-03 19:28:06,534 - app - INFO - Model configured: dolphin-mistral:latest
2025-05-03 19:28:06,534 - app - INFO - Model configured: mistral-openorca:latest
2025-05-03 19:28:06,534 - app - INFO - Model configured: wizard-math:7b
2025-05-03 19:28:06,535 - app - INFO - Model configured: mistral:7b-instruct
2025-05-03 19:28:06,559 - werkzeug - INFO - [31m[1mWARNING: This is a development server. Do not use it in a production deployment. Use a production WSGI server instead.[0m
 * Running on http://127.0.0.1:5000
2025-05-03 19:28:06,560 - werkzeug - INFO - [33mPress CTRL+C to quit[0m
2025-05-03 19:28:10,068 - werkzeug - INFO - 127.0.0.1 - - [03/May/2025 19:28:10] "GET / HTTP/1.1" 200 -
2025-05-03 19:28:10,167 - werkzeug - INFO - 127.0.0.1 - - [03/May/2025 19:28:10] "GET /static/css/style.css HTTP/1.1" 200 -
2025-05-03 19:28:10,318 - werkzeug - INFO - 127.0.0.1 - - [03/May/2025 19:28:10] "[33mGET /favicon.ico HTTP/1.1[0m" 404 -
2025-05-03 19:28:12,455 - werkzeug - INFO - 127.0.0.1 - - [03/May/2025 19:28:12] "GET /login HTTP/1.1" 200 -
2025-05-03 19:28:12,487 - werkzeug - INFO - 127.0.0.1 - - [03/May/2025 19:28:12] "GET /static/css/auth.css HTTP/1.1" 200 -
2025-05-03 19:28:12,541 - werkzeug - INFO - 127.0.0.1 - - [03/May/2025 19:28:12] "GET /static/js/auth.js HTTP/1.1" 200 -
2025-05-03 19:28:17,175 - app - INFO - User logged in: ayush
2025-05-03 19:28:17,176 - werkzeug - INFO - 127.0.0.1 - - [03/May/2025 19:28:17] "POST /login HTTP/1.1" 200 -
2025-05-03 19:28:17,214 - werkzeug - INFO - 127.0.0.1 - - [03/May/2025 19:28:17] "GET /dashboard HTTP/1.1" 200 -
2025-05-03 19:28:17,233 - werkzeug - INFO - 127.0.0.1 - - [03/May/2025 19:28:17] "[36mGET /static/css/style.css HTTP/1.1[0m" 304 -
2025-05-03 19:28:17,266 - werkzeug - INFO - 127.0.0.1 - - [03/May/2025 19:28:17] "GET /static/js/dashboard.js HTTP/1.1" 200 -
2025-05-03 19:28:17,276 - werkzeug - INFO - 127.0.0.1 - - [03/May/2025 19:28:17] "GET /api/get_analytics HTTP/1.1" 200 -
2025-05-03 19:28:33,982 - werkzeug - INFO - 127.0.0.1 - - [03/May/2025 19:28:33] "GET /chatbot?topic=math HTTP/1.1" 200 -
2025-05-03 19:28:34,002 - werkzeug - INFO - 127.0.0.1 - - [03/May/2025 19:28:34] "[36mGET /static/css/style.css HTTP/1.1[0m" 304 -
2025-05-03 19:31:46,392 - app - INFO - Database initialized successfully
2025-05-03 19:31:46,393 - app - INFO - Model configured: dolphin-mistral:latest
2025-05-03 19:31:46,393 - app - INFO - Model configured: wizard-math:7b
2025-05-03 19:31:46,393 - app - INFO - Model configured: mistral:7b-instruct
2025-05-03 19:31:46,394 - app - INFO - Model configured: mistral-openorca:latest
2025-05-03 19:31:46,433 - werkzeug - INFO - [31m[1mWARNING: This is a development server. Do not use it in a production deployment. Use a production WSGI server instead.[0m
 * Running on http://127.0.0.1:5000
2025-05-03 19:31:46,433 - werkzeug - INFO - [33mPress CTRL+C to quit[0m
2025-05-03 19:31:48,785 - werkzeug - INFO - 127.0.0.1 - - [03/May/2025 19:31:48] "GET / HTTP/1.1" 200 -
2025-05-03 19:31:48,890 - werkzeug - INFO - 127.0.0.1 - - [03/May/2025 19:31:48] "GET /static/css/style.css HTTP/1.1" 200 -
2025-05-03 19:31:51,447 - werkzeug - INFO - 127.0.0.1 - - [03/May/2025 19:31:51] "GET /login HTTP/1.1" 200 -
2025-05-03 19:31:51,471 - werkzeug - INFO - 127.0.0.1 - - [03/May/2025 19:31:51] "[36mGET /static/css/auth.css HTTP/1.1[0m" 304 -
2025-05-03 19:31:51,480 - werkzeug - INFO - 127.0.0.1 - - [03/May/2025 19:31:51] "[36mGET /static/js/auth.js HTTP/1.1[0m" 304 -
2025-05-03 19:31:52,722 - app - INFO - User logged in: ayush
2025-05-03 19:31:52,723 - werkzeug - INFO - 127.0.0.1 - - [03/May/2025 19:31:52] "POST /login HTTP/1.1" 200 -
2025-05-03 19:31:52,754 - werkzeug - INFO - 127.0.0.1 - - [03/May/2025 19:31:52] "GET /dashboard HTTP/1.1" 200 -
2025-05-03 19:31:52,779 - werkzeug - INFO - 127.0.0.1 - - [03/May/2025 19:31:52] "[36mGET /static/css/style.css HTTP/1.1[0m" 304 -
2025-05-03 19:31:52,788 - werkzeug - INFO - 127.0.0.1 - - [03/May/2025 19:31:52] "[36mGET /static/js/dashboard.js HTTP/1.1[0m" 304 -
2025-05-03 19:31:52,806 - werkzeug - INFO - 127.0.0.1 - - [03/May/2025 19:31:52] "GET /api/get_analytics HTTP/1.1" 200 -
2025-05-03 19:32:38,849 - app - INFO - Database initialized successfully
2025-05-03 19:32:38,850 - app - INFO - Model configured: mistral-openorca:latest
2025-05-03 19:32:38,850 - app - INFO - Model configured: mistral:7b-instruct
2025-05-03 19:32:38,850 - app - INFO - Model configured: dolphin-mistral:latest
2025-05-03 19:32:38,850 - app - INFO - Model configured: wizard-math:7b
2025-05-03 19:32:38,861 - werkzeug - INFO - [31m[1mWARNING: This is a development server. Do not use it in a production deployment. Use a production WSGI server instead.[0m
 * Running on http://127.0.0.1:5000
2025-05-03 19:32:38,861 - werkzeug - INFO - [33mPress CTRL+C to quit[0m
2025-05-03 19:32:41,274 - werkzeug - INFO - 127.0.0.1 - - [03/May/2025 19:32:41] "GET / HTTP/1.1" 200 -
2025-05-03 19:32:41,384 - werkzeug - INFO - 127.0.0.1 - - [03/May/2025 19:32:41] "GET /static/css/style.css HTTP/1.1" 200 -
2025-05-03 19:32:42,479 - werkzeug - INFO - 127.0.0.1 - - [03/May/2025 19:32:42] "GET /login HTTP/1.1" 200 -
2025-05-03 19:32:42,507 - werkzeug - INFO - 127.0.0.1 - - [03/May/2025 19:32:42] "GET /static/css/auth.css HTTP/1.1" 200 -
2025-05-03 19:32:42,513 - werkzeug - INFO - 127.0.0.1 - - [03/May/2025 19:32:42] "[36mGET /static/js/auth.js HTTP/1.1[0m" 304 -
2025-05-03 19:32:44,452 - app - INFO - User logged in: ayush
2025-05-03 19:32:44,453 - werkzeug - INFO - 127.0.0.1 - - [03/May/2025 19:32:44] "POST /login HTTP/1.1" 200 -
2025-05-03 19:32:44,479 - werkzeug - INFO - 127.0.0.1 - - [03/May/2025 19:32:44] "GET /dashboard HTTP/1.1" 200 -
2025-05-03 19:32:44,503 - werkzeug - INFO - 127.0.0.1 - - [03/May/2025 19:32:44] "[36mGET /static/css/style.css HTTP/1.1[0m" 304 -
2025-05-03 19:32:44,508 - werkzeug - INFO - 127.0.0.1 - - [03/May/2025 19:32:44] "[36mGET /static/js/dashboard.js HTTP/1.1[0m" 304 -
2025-05-03 19:32:44,547 - werkzeug - INFO - 127.0.0.1 - - [03/May/2025 19:32:44] "GET /api/get_analytics HTTP/1.1" 200 -
2025-05-03 19:32:49,711 - werkzeug - INFO - 127.0.0.1 - - [03/May/2025 19:32:49] "GET /chatbot?topic=math HTTP/1.1" 200 -
2025-05-03 19:32:49,735 - werkzeug - INFO - 127.0.0.1 - - [03/May/2025 19:32:49] "[36mGET /static/css/style.css HTTP/1.1[0m" 304 -
2025-05-03 19:43:11,495 - app - INFO - Database initialized successfully
2025-05-03 19:43:11,495 - app - INFO - Model configured: mistral-openorca:latest
2025-05-03 19:43:11,495 - app - INFO - Model configured: dolphin-mistral:latest
2025-05-03 19:43:11,495 - app - INFO - Model configured: mistral:7b-instruct
2025-05-03 19:43:11,496 - app - INFO - Model configured: wizard-math:7b
2025-05-03 19:43:11,508 - werkzeug - INFO - [31m[1mWARNING: This is a development server. Do not use it in a production deployment. Use a production WSGI server instead.[0m
 * Running on http://127.0.0.1:5000
2025-05-03 19:43:11,508 - werkzeug - INFO - [33mPress CTRL+C to quit[0m
2025-05-03 19:43:16,253 - werkzeug - INFO - 127.0.0.1 - - [03/May/2025 19:43:16] "GET / HTTP/1.1" 200 -
2025-05-03 19:43:16,368 - werkzeug - INFO - 127.0.0.1 - - [03/May/2025 19:43:16] "GET /static/css/style.css HTTP/1.1" 200 -
2025-05-03 19:43:17,734 - werkzeug - INFO - 127.0.0.1 - - [03/May/2025 19:43:17] "GET /login HTTP/1.1" 200 -
2025-05-03 19:43:17,762 - werkzeug - INFO - 127.0.0.1 - - [03/May/2025 19:43:17] "[36mGET /static/css/auth.css HTTP/1.1[0m" 304 -
2025-05-03 19:43:17,768 - werkzeug - INFO - 127.0.0.1 - - [03/May/2025 19:43:17] "[36mGET /static/js/auth.js HTTP/1.1[0m" 304 -
2025-05-03 19:43:20,770 - app - INFO - User logged in: ayush
2025-05-03 19:43:20,770 - werkzeug - INFO - 127.0.0.1 - - [03/May/2025 19:43:20] "POST /login HTTP/1.1" 200 -
2025-05-03 19:43:20,793 - werkzeug - INFO - 127.0.0.1 - - [03/May/2025 19:43:20] "GET /dashboard HTTP/1.1" 200 -
2025-05-03 19:43:20,815 - werkzeug - INFO - 127.0.0.1 - - [03/May/2025 19:43:20] "[36mGET /static/css/style.css HTTP/1.1[0m" 304 -
2025-05-03 19:43:20,819 - werkzeug - INFO - 127.0.0.1 - - [03/May/2025 19:43:20] "[36mGET /static/js/dashboard.js HTTP/1.1[0m" 304 -
2025-05-03 19:43:20,836 - werkzeug - INFO - 127.0.0.1 - - [03/May/2025 19:43:20] "GET /api/get_analytics HTTP/1.1" 200 -
2025-05-03 19:43:27,692 - werkzeug - INFO - 127.0.0.1 - - [03/May/2025 19:43:27] "GET /chatbot?topic=math HTTP/1.1" 200 -
2025-05-03 19:43:27,717 - werkzeug - INFO - 127.0.0.1 - - [03/May/2025 19:43:27] "[36mGET /static/css/style.css HTTP/1.1[0m" 304 -
2025-05-03 19:44:52,132 - werkzeug - INFO - 127.0.0.1 - - [03/May/2025 19:44:52] "POST /api/get_questions HTTP/1.1" 200 -
2025-05-03 19:46:37,192 - app - INFO - User logged out: ayush
2025-05-03 19:46:37,193 - werkzeug - INFO - 127.0.0.1 - - [03/May/2025 19:46:37] "[32mGET /logout HTTP/1.1[0m" 302 -
2025-05-03 19:46:37,208 - werkzeug - INFO - 127.0.0.1 - - [03/May/2025 19:46:37] "GET /login HTTP/1.1" 200 -
2025-05-03 19:46:37,247 - werkzeug - INFO - 127.0.0.1 - - [03/May/2025 19:46:37] "[36mGET /static/css/auth.css HTTP/1.1[0m" 304 -
2025-05-03 19:46:37,256 - werkzeug - INFO - 127.0.0.1 - - [03/May/2025 19:46:37] "[36mGET /static/js/auth.js HTTP/1.1[0m" 304 -
2025-05-03 19:46:43,645 - werkzeug - INFO - 127.0.0.1 - - [03/May/2025 19:46:43] "GET /signup HTTP/1.1" 200 -
2025-05-03 19:46:43,682 - werkzeug - INFO - 127.0.0.1 - - [03/May/2025 19:46:43] "[36mGET /static/css/auth.css HTTP/1.1[0m" 304 -
2025-05-03 19:46:43,685 - werkzeug - INFO - 127.0.0.1 - - [03/May/2025 19:46:43] "[36mGET /static/js/auth.js HTTP/1.1[0m" 304 -
2025-05-03 19:46:47,077 - werkzeug - INFO - 127.0.0.1 - - [03/May/2025 19:46:47] "GET /login HTTP/1.1" 200 -
2025-05-03 19:46:47,119 - werkzeug - INFO - 127.0.0.1 - - [03/May/2025 19:46:47] "[36mGET /static/css/auth.css HTTP/1.1[0m" 304 -
2025-05-03 19:46:47,127 - werkzeug - INFO - 127.0.0.1 - - [03/May/2025 19:46:47] "[36mGET /static/js/auth.js HTTP/1.1[0m" 304 -
2025-05-03 19:46:49,130 - app - INFO - User logged in: ayush
2025-05-03 19:46:49,132 - werkzeug - INFO - 127.0.0.1 - - [03/May/2025 19:46:49] "POST /login HTTP/1.1" 200 -
2025-05-03 19:46:49,163 - werkzeug - INFO - 127.0.0.1 - - [03/May/2025 19:46:49] "GET /dashboard HTTP/1.1" 200 -
2025-05-03 19:46:49,203 - werkzeug - INFO - 127.0.0.1 - - [03/May/2025 19:46:49] "[36mGET /static/css/style.css HTTP/1.1[0m" 304 -
2025-05-03 19:46:49,212 - werkzeug - INFO - 127.0.0.1 - - [03/May/2025 19:46:49] "[36mGET /static/js/dashboard.js HTTP/1.1[0m" 304 -
2025-05-03 19:46:49,250 - werkzeug - INFO - 127.0.0.1 - - [03/May/2025 19:46:49] "GET /api/get_analytics HTTP/1.1" 200 -
2025-05-03 19:48:32,392 - app - INFO - Database initialized successfully
2025-05-03 19:48:32,392 - app - INFO - Model configured: dolphin-mistral:latest
2025-05-03 19:48:32,393 - app - INFO - Model configured: mistral:7b-instruct
2025-05-03 19:48:32,393 - app - INFO - Model configured: mistral-openorca:latest
2025-05-03 19:48:32,393 - app - INFO - Model configured: wizard-math:7b
2025-05-03 19:48:32,436 - werkzeug - INFO - [31m[1mWARNING: This is a development server. Do not use it in a production deployment. Use a production WSGI server instead.[0m
 * Running on http://127.0.0.1:5000
2025-05-03 19:48:32,437 - werkzeug - INFO - [33mPress CTRL+C to quit[0m
2025-05-03 19:48:34,957 - werkzeug - INFO - 127.0.0.1 - - [03/May/2025 19:48:34] "GET / HTTP/1.1" 200 -
2025-05-03 19:48:35,049 - werkzeug - INFO - 127.0.0.1 - - [03/May/2025 19:48:35] "[36mGET /static/css/style.css HTTP/1.1[0m" 304 -
2025-05-03 19:48:36,747 - werkzeug - INFO - 127.0.0.1 - - [03/May/2025 19:48:36] "GET /login HTTP/1.1" 200 -
2025-05-03 19:48:36,774 - werkzeug - INFO - 127.0.0.1 - - [03/May/2025 19:48:36] "[36mGET /static/css/auth.css HTTP/1.1[0m" 304 -
2025-05-03 19:48:36,779 - werkzeug - INFO - 127.0.0.1 - - [03/May/2025 19:48:36] "[36mGET /static/js/auth.js HTTP/1.1[0m" 304 -
2025-05-03 19:48:38,634 - app - INFO - User logged in: ayush
2025-05-03 19:48:38,635 - werkzeug - INFO - 127.0.0.1 - - [03/May/2025 19:48:38] "POST /login HTTP/1.1" 200 -
2025-05-03 19:48:38,720 - werkzeug - INFO - 127.0.0.1 - - [03/May/2025 19:48:38] "GET /dashboard HTTP/1.1" 200 -
2025-05-03 19:48:38,743 - werkzeug - INFO - 127.0.0.1 - - [03/May/2025 19:48:38] "[36mGET /static/css/style.css HTTP/1.1[0m" 304 -
2025-05-03 19:48:38,748 - werkzeug - INFO - 127.0.0.1 - - [03/May/2025 19:48:38] "[36mGET /static/js/dashboard.js HTTP/1.1[0m" 304 -
2025-05-03 19:48:38,790 - werkzeug - INFO - 127.0.0.1 - - [03/May/2025 19:48:38] "GET /api/get_analytics HTTP/1.1" 200 -
2025-05-03 21:18:19,043 - app - INFO - Database initialized successfully
2025-05-03 21:18:19,045 - app - INFO - Model configured: mistral:7b-instruct
2025-05-03 21:18:19,045 - app - INFO - Model configured: dolphin-mistral:latest
2025-05-03 21:18:19,045 - app - INFO - Model configured: wizard-math:7b
2025-05-03 21:18:19,046 - app - INFO - Model configured: mistral-openorca:latest
2025-05-03 21:18:19,107 - werkzeug - INFO - [31m[1mWARNING: This is a development server. Do not use it in a production deployment. Use a production WSGI server instead.[0m
 * Running on http://127.0.0.1:5000
2025-05-03 21:18:19,107 - werkzeug - INFO - [33mPress CTRL+C to quit[0m
2025-05-03 21:18:29,027 - werkzeug - INFO - 127.0.0.1 - - [03/May/2025 21:18:29] "GET / HTTP/1.1" 200 -
2025-05-03 21:18:29,370 - werkzeug - INFO - 127.0.0.1 - - [03/May/2025 21:18:29] "[36mGET /static/css/style.css HTTP/1.1[0m" 304 -
2025-05-03 21:18:29,546 - werkzeug - INFO - 127.0.0.1 - - [03/May/2025 21:18:29] "[33mGET /favicon.ico HTTP/1.1[0m" 404 -
2025-05-03 21:18:54,112 - werkzeug - INFO - 127.0.0.1 - - [03/May/2025 21:18:54] "GET /login HTTP/1.1" 200 -
2025-05-03 21:18:54,159 - werkzeug - INFO - 127.0.0.1 - - [03/May/2025 21:18:54] "[36mGET /static/css/auth.css HTTP/1.1[0m" 304 -
2025-05-03 21:18:54,180 - werkzeug - INFO - 127.0.0.1 - - [03/May/2025 21:18:54] "[36mGET /static/js/auth.js HTTP/1.1[0m" 304 -
2025-05-03 21:18:58,099 - werkzeug - INFO - 127.0.0.1 - - [03/May/2025 21:18:58] "GET /signup HTTP/1.1" 200 -
2025-05-03 21:18:58,148 - werkzeug - INFO - 127.0.0.1 - - [03/May/2025 21:18:58] "[36mGET /static/css/auth.css HTTP/1.1[0m" 304 -
2025-05-03 21:18:58,159 - werkzeug - INFO - 127.0.0.1 - - [03/May/2025 21:18:58] "[36mGET /static/js/auth.js HTTP/1.1[0m" 304 -
2025-05-03 21:20:00,776 - app - INFO - New user registered: Kunal
2025-05-03 21:20:00,781 - werkzeug - INFO - 127.0.0.1 - - [03/May/2025 21:20:00] "POST /signup HTTP/1.1" 200 -
2025-05-03 21:20:00,824 - werkzeug - INFO - 127.0.0.1 - - [03/May/2025 21:20:00] "GET /dashboard HTTP/1.1" 200 -
2025-05-03 21:20:00,861 - werkzeug - INFO - 127.0.0.1 - - [03/May/2025 21:20:00] "[36mGET /static/css/style.css HTTP/1.1[0m" 304 -
2025-05-03 21:20:00,910 - werkzeug - INFO - 127.0.0.1 - - [03/May/2025 21:20:00] "[36mGET /static/js/dashboard.js HTTP/1.1[0m" 304 -
2025-05-03 21:20:00,953 - werkzeug - INFO - 127.0.0.1 - - [03/May/2025 21:20:00] "GET /api/get_analytics HTTP/1.1" 200 -
2025-05-03 21:20:40,125 - werkzeug - INFO - 127.0.0.1 - - [03/May/2025 21:20:40] "GET /chatbot?topic=math HTTP/1.1" 200 -
2025-05-03 21:20:40,160 - werkzeug - INFO - 127.0.0.1 - - [03/May/2025 21:20:40] "[36mGET /static/css/style.css HTTP/1.1[0m" 304 -
2025-05-03 21:22:18,421 - werkzeug - INFO - 127.0.0.1 - - [03/May/2025 21:22:18] "POST /api/get_questions HTTP/1.1" 200 -
2025-05-03 21:24:32,855 - modules.llm_handler - WARNING - Attempt 1 failed, retrying in 5 seconds...
2025-05-04 11:00:07,122 - app - INFO - Database initialized successfully
2025-05-04 11:00:07,123 - app - INFO - Model configured: mistral:7b-instruct
2025-05-04 11:00:07,123 - app - INFO - Model configured: mistral-openorca:latest
2025-05-04 11:00:07,123 - app - INFO - Model configured: dolphin-mistral:latest
2025-05-04 11:00:07,123 - app - INFO - Model configured: wizard-math:7b
2025-05-04 11:00:07,175 - werkzeug - INFO - [31m[1mWARNING: This is a development server. Do not use it in a production deployment. Use a production WSGI server instead.[0m
 * Running on http://127.0.0.1:5000
2025-05-04 11:00:07,175 - werkzeug - INFO - [33mPress CTRL+C to quit[0m
2025-05-04 11:00:11,315 - werkzeug - INFO - 127.0.0.1 - - [04/May/2025 11:00:11] "GET / HTTP/1.1" 200 -
2025-05-04 11:00:11,415 - werkzeug - INFO - 127.0.0.1 - - [04/May/2025 11:00:11] "GET /static/css/style.css HTTP/1.1" 200 -
2025-05-04 11:00:12,100 - werkzeug - INFO - 127.0.0.1 - - [04/May/2025 11:00:12] "[33mGET /favicon.ico HTTP/1.1[0m" 404 -
2025-05-04 11:00:14,295 - werkzeug - INFO - 127.0.0.1 - - [04/May/2025 11:00:14] "GET /login HTTP/1.1" 200 -
2025-05-04 11:00:14,336 - werkzeug - INFO - 127.0.0.1 - - [04/May/2025 11:00:14] "GET /static/js/auth.js HTTP/1.1" 200 -
2025-05-04 11:00:14,349 - werkzeug - INFO - 127.0.0.1 - - [04/May/2025 11:00:14] "GET /static/css/auth.css HTTP/1.1" 200 -
2025-05-04 11:00:19,335 - app - INFO - User logged in: ayush
2025-05-04 11:00:19,340 - werkzeug - INFO - 127.0.0.1 - - [04/May/2025 11:00:19] "POST /login HTTP/1.1" 200 -
2025-05-04 11:00:19,363 - werkzeug - INFO - 127.0.0.1 - - [04/May/2025 11:00:19] "GET /dashboard HTTP/1.1" 200 -
2025-05-04 11:00:19,384 - werkzeug - INFO - 127.0.0.1 - - [04/May/2025 11:00:19] "[36mGET /static/css/style.css HTTP/1.1[0m" 304 -
2025-05-04 11:00:19,429 - werkzeug - INFO - 127.0.0.1 - - [04/May/2025 11:00:19] "GET /static/js/dashboard.js HTTP/1.1" 200 -
2025-05-04 11:00:20,689 - werkzeug - INFO - 127.0.0.1 - - [04/May/2025 11:00:20] "GET /api/get_analytics HTTP/1.1" 200 -
2025-05-04 11:04:54,832 - werkzeug - INFO - 127.0.0.1 - - [04/May/2025 11:04:54] "POST /api/summarize HTTP/1.1" 200 -
2025-05-04 11:05:58,453 - app - INFO - Database initialized successfully
2025-05-04 11:05:58,454 - app - INFO - Model configured: wizard-math:7b
2025-05-04 11:05:58,454 - app - INFO - Model configured: dolphin-mistral:latest
2025-05-04 11:05:58,454 - app - INFO - Model configured: mistral-openorca:latest
2025-05-04 11:05:58,454 - app - INFO - Model configured: mistral:7b-instruct
2025-05-04 11:05:58,491 - werkzeug - INFO - [31m[1mWARNING: This is a development server. Do not use it in a production deployment. Use a production WSGI server instead.[0m
 * Running on http://127.0.0.1:5000
2025-05-04 11:05:58,492 - werkzeug - INFO - [33mPress CTRL+C to quit[0m
2025-05-04 11:06:01,773 - werkzeug - INFO - 127.0.0.1 - - [04/May/2025 11:06:01] "GET / HTTP/1.1" 200 -
2025-05-04 11:06:01,938 - werkzeug - INFO - 127.0.0.1 - - [04/May/2025 11:06:01] "GET /static/css/style.css HTTP/1.1" 200 -
2025-05-04 11:06:02,988 - werkzeug - INFO - 127.0.0.1 - - [04/May/2025 11:06:02] "GET /login HTTP/1.1" 200 -
2025-05-04 11:06:03,013 - werkzeug - INFO - 127.0.0.1 - - [04/May/2025 11:06:03] "[36mGET /static/css/auth.css HTTP/1.1[0m" 304 -
2025-05-04 11:06:03,032 - werkzeug - INFO - 127.0.0.1 - - [04/May/2025 11:06:03] "[36mGET /static/js/auth.js HTTP/1.1[0m" 304 -
2025-05-04 11:06:04,376 - app - INFO - User logged in: ayush
2025-05-04 11:06:04,377 - werkzeug - INFO - 127.0.0.1 - - [04/May/2025 11:06:04] "POST /login HTTP/1.1" 200 -
2025-05-04 11:06:04,401 - werkzeug - INFO - 127.0.0.1 - - [04/May/2025 11:06:04] "GET /dashboard HTTP/1.1" 200 -
2025-05-04 11:06:04,442 - werkzeug - INFO - 127.0.0.1 - - [04/May/2025 11:06:04] "[36mGET /static/css/style.css HTTP/1.1[0m" 304 -
2025-05-04 11:06:04,447 - werkzeug - INFO - 127.0.0.1 - - [04/May/2025 11:06:04] "[36mGET /static/js/dashboard.js HTTP/1.1[0m" 304 -
2025-05-04 11:06:04,539 - werkzeug - INFO - 127.0.0.1 - - [04/May/2025 11:06:04] "GET /api/get_analytics HTTP/1.1" 200 -
2025-05-04 11:08:24,771 - werkzeug - INFO - 127.0.0.1 - - [04/May/2025 11:08:24] "POST /api/summarize HTTP/1.1" 200 -
2025-05-04 11:11:08,824 - app - INFO - Database initialized successfully
2025-05-04 11:11:08,825 - app - INFO - Model configured: mistral:7b-instruct
2025-05-04 11:11:08,825 - app - INFO - Model configured: mistral-openorca:latest
2025-05-04 11:11:08,825 - app - INFO - Model configured: wizard-math:7b
2025-05-04 11:11:08,825 - app - INFO - Model configured: dolphin-mistral:latest
2025-05-04 11:11:08,836 - werkzeug - INFO - [31m[1mWARNING: This is a development server. Do not use it in a production deployment. Use a production WSGI server instead.[0m
 * Running on http://127.0.0.1:5000
2025-05-04 11:11:08,837 - werkzeug - INFO - [33mPress CTRL+C to quit[0m
2025-05-04 11:11:11,537 - werkzeug - INFO - 127.0.0.1 - - [04/May/2025 11:11:11] "GET / HTTP/1.1" 200 -
2025-05-04 11:11:11,696 - werkzeug - INFO - 127.0.0.1 - - [04/May/2025 11:11:11] "GET /static/css/style.css HTTP/1.1" 200 -
2025-05-04 11:11:13,263 - werkzeug - INFO - 127.0.0.1 - - [04/May/2025 11:11:13] "GET /login HTTP/1.1" 200 -
2025-05-04 11:11:13,294 - werkzeug - INFO - 127.0.0.1 - - [04/May/2025 11:11:13] "[36mGET /static/css/auth.css HTTP/1.1[0m" 304 -
2025-05-04 11:11:13,312 - werkzeug - INFO - 127.0.0.1 - - [04/May/2025 11:11:13] "[36mGET /static/js/auth.js HTTP/1.1[0m" 304 -
2025-05-04 11:11:14,807 - app - INFO - User logged in: ayush
2025-05-04 11:11:14,808 - werkzeug - INFO - 127.0.0.1 - - [04/May/2025 11:11:14] "POST /login HTTP/1.1" 200 -
2025-05-04 11:11:14,846 - werkzeug - INFO - 127.0.0.1 - - [04/May/2025 11:11:14] "GET /dashboard HTTP/1.1" 200 -
2025-05-04 11:11:14,876 - werkzeug - INFO - 127.0.0.1 - - [04/May/2025 11:11:14] "[36mGET /static/css/style.css HTTP/1.1[0m" 304 -
2025-05-04 11:11:14,894 - werkzeug - INFO - 127.0.0.1 - - [04/May/2025 11:11:14] "[36mGET /static/js/dashboard.js HTTP/1.1[0m" 304 -
2025-05-04 11:11:14,955 - werkzeug - INFO - 127.0.0.1 - - [04/May/2025 11:11:14] "GET /api/get_analytics HTTP/1.1" 200 -
2025-05-04 11:12:49,760 - app - INFO - Database initialized successfully
2025-05-04 11:12:49,760 - app - INFO - Model configured: dolphin-mistral:latest
2025-05-04 11:12:49,761 - app - INFO - Model configured: wizard-math:7b
2025-05-04 11:12:49,761 - app - INFO - Model configured: mistral:7b-instruct
2025-05-04 11:12:49,761 - app - INFO - Model configured: mistral-openorca:latest
2025-05-04 11:12:49,775 - werkzeug - INFO - [31m[1mWARNING: This is a development server. Do not use it in a production deployment. Use a production WSGI server instead.[0m
 * Running on http://127.0.0.1:5000
2025-05-04 11:12:49,775 - werkzeug - INFO - [33mPress CTRL+C to quit[0m
2025-05-04 11:12:52,953 - werkzeug - INFO - 127.0.0.1 - - [04/May/2025 11:12:52] "GET / HTTP/1.1" 200 -
2025-05-04 11:12:53,085 - werkzeug - INFO - 127.0.0.1 - - [04/May/2025 11:12:53] "GET /static/css/style.css HTTP/1.1" 200 -
2025-05-04 11:12:54,123 - werkzeug - INFO - 127.0.0.1 - - [04/May/2025 11:12:54] "GET /login HTTP/1.1" 200 -
2025-05-04 11:12:54,160 - werkzeug - INFO - 127.0.0.1 - - [04/May/2025 11:12:54] "[36mGET /static/css/auth.css HTTP/1.1[0m" 304 -
2025-05-04 11:12:54,170 - werkzeug - INFO - 127.0.0.1 - - [04/May/2025 11:12:54] "[36mGET /static/js/auth.js HTTP/1.1[0m" 304 -
2025-05-04 11:12:55,623 - app - INFO - User logged in: ayush
2025-05-04 11:12:55,624 - werkzeug - INFO - 127.0.0.1 - - [04/May/2025 11:12:55] "POST /login HTTP/1.1" 200 -
2025-05-04 11:12:55,645 - werkzeug - INFO - 127.0.0.1 - - [04/May/2025 11:12:55] "GET /dashboard HTTP/1.1" 200 -
2025-05-04 11:12:55,670 - werkzeug - INFO - 127.0.0.1 - - [04/May/2025 11:12:55] "[36mGET /static/css/style.css HTTP/1.1[0m" 304 -
2025-05-04 11:12:55,686 - werkzeug - INFO - 127.0.0.1 - - [04/May/2025 11:12:55] "[36mGET /static/js/dashboard.js HTTP/1.1[0m" 304 -
2025-05-04 11:12:55,746 - werkzeug - INFO - 127.0.0.1 - - [04/May/2025 11:12:55] "GET /api/get_analytics HTTP/1.1" 200 -
2025-05-04 11:15:38,939 - werkzeug - INFO - 127.0.0.1 - - [04/May/2025 11:15:38] "[32mGET / HTTP/1.1[0m" 302 -
2025-05-04 11:15:38,971 - werkzeug - INFO - 127.0.0.1 - - [04/May/2025 11:15:38] "GET /dashboard HTTP/1.1" 200 -
2025-05-04 11:15:39,019 - werkzeug - INFO - 127.0.0.1 - - [04/May/2025 11:15:39] "[36mGET /static/css/style.css HTTP/1.1[0m" 304 -
2025-05-04 11:15:39,023 - werkzeug - INFO - 127.0.0.1 - - [04/May/2025 11:15:39] "[36mGET /static/js/dashboard.js HTTP/1.1[0m" 304 -
2025-05-04 11:15:39,136 - werkzeug - INFO - 127.0.0.1 - - [04/May/2025 11:15:39] "GET /api/get_analytics HTTP/1.1" 200 -
2025-05-04 11:15:44,678 - werkzeug - INFO - 127.0.0.1 - - [04/May/2025 11:15:44] "GET /chatbot?topic=english HTTP/1.1" 200 -
2025-05-04 11:15:44,708 - werkzeug - INFO - 127.0.0.1 - - [04/May/2025 11:15:44] "[36mGET /static/css/style.css HTTP/1.1[0m" 304 -
2025-05-04 11:17:42,143 - app - WARNING - Correct answer not in options. Adjusting response.
2025-05-04 11:17:42,144 - werkzeug - INFO - 127.0.0.1 - - [04/May/2025 11:17:42] "POST /api/get_questions HTTP/1.1" 200 -
2025-05-04 11:20:26,349 - modules.llm_handler - ERROR - Response formatting failed: No JSON block found in the response
2025-05-04 11:20:26,366 - werkzeug - INFO - 127.0.0.1 - - [04/May/2025 11:20:26] "POST /api/chat HTTP/1.1" 200 -
2025-05-04 11:21:48,654 - app - WARNING - Correct answer not in options. Adjusting response.
2025-05-04 11:21:48,655 - werkzeug - INFO - 127.0.0.1 - - [04/May/2025 11:21:48] "POST /api/get_questions HTTP/1.1" 200 -
2025-05-04 11:25:18,858 - app - INFO - Database initialized successfully
2025-05-04 11:25:18,858 - app - INFO - Model configured: wizard-math:7b
2025-05-04 11:25:18,858 - app - INFO - Model configured: dolphin-mistral:latest
2025-05-04 11:25:18,858 - app - INFO - Model configured: mistral-openorca:latest
2025-05-04 11:25:18,859 - app - INFO - Model configured: mistral:7b-instruct
2025-05-04 11:25:18,900 - werkzeug - INFO - [31m[1mWARNING: This is a development server. Do not use it in a production deployment. Use a production WSGI server instead.[0m
 * Running on http://127.0.0.1:5000
2025-05-04 11:25:18,900 - werkzeug - INFO - [33mPress CTRL+C to quit[0m
2025-05-04 11:25:22,232 - werkzeug - INFO - 127.0.0.1 - - [04/May/2025 11:25:22] "GET / HTTP/1.1" 200 -
2025-05-04 11:25:22,453 - werkzeug - INFO - 127.0.0.1 - - [04/May/2025 11:25:22] "GET /static/css/style.css HTTP/1.1" 200 -
2025-05-04 11:25:23,508 - werkzeug - INFO - 127.0.0.1 - - [04/May/2025 11:25:23] "GET /login HTTP/1.1" 200 -
2025-05-04 11:25:23,537 - werkzeug - INFO - 127.0.0.1 - - [04/May/2025 11:25:23] "[36mGET /static/css/auth.css HTTP/1.1[0m" 304 -
2025-05-04 11:25:23,542 - werkzeug - INFO - 127.0.0.1 - - [04/May/2025 11:25:23] "[36mGET /static/js/auth.js HTTP/1.1[0m" 304 -
2025-05-04 11:25:24,773 - app - INFO - User logged in: ayush
2025-05-04 11:25:24,774 - werkzeug - INFO - 127.0.0.1 - - [04/May/2025 11:25:24] "POST /login HTTP/1.1" 200 -
2025-05-04 11:25:24,817 - werkzeug - INFO - 127.0.0.1 - - [04/May/2025 11:25:24] "GET /dashboard HTTP/1.1" 200 -
2025-05-04 11:25:24,846 - werkzeug - INFO - 127.0.0.1 - - [04/May/2025 11:25:24] "[36mGET /static/css/style.css HTTP/1.1[0m" 304 -
2025-05-04 11:25:24,862 - werkzeug - INFO - 127.0.0.1 - - [04/May/2025 11:25:24] "[36mGET /static/js/dashboard.js HTTP/1.1[0m" 304 -
2025-05-04 11:25:24,924 - werkzeug - INFO - 127.0.0.1 - - [04/May/2025 11:25:24] "GET /api/get_analytics HTTP/1.1" 200 -
2025-05-04 11:27:25,707 - app - INFO - Database initialized successfully
2025-05-04 11:27:25,707 - app - INFO - Model configured: mistral:7b-instruct
2025-05-04 11:27:25,707 - app - INFO - Model configured: wizard-math:7b
2025-05-04 11:27:25,708 - app - INFO - Model configured: dolphin-mistral:latest
2025-05-04 11:27:25,708 - app - INFO - Model configured: mistral-openorca:latest
2025-05-04 11:27:25,720 - werkzeug - INFO - [31m[1mWARNING: This is a development server. Do not use it in a production deployment. Use a production WSGI server instead.[0m
 * Running on http://127.0.0.1:5000
2025-05-04 11:27:25,720 - werkzeug - INFO - [33mPress CTRL+C to quit[0m
2025-05-04 11:27:29,795 - werkzeug - INFO - 127.0.0.1 - - [04/May/2025 11:27:29] "GET / HTTP/1.1" 200 -
2025-05-04 11:27:30,012 - werkzeug - INFO - 127.0.0.1 - - [04/May/2025 11:27:30] "GET /static/css/style.css HTTP/1.1" 200 -
2025-05-04 11:27:31,377 - werkzeug - INFO - 127.0.0.1 - - [04/May/2025 11:27:31] "GET /login HTTP/1.1" 200 -
2025-05-04 11:27:31,414 - werkzeug - INFO - 127.0.0.1 - - [04/May/2025 11:27:31] "[36mGET /static/css/auth.css HTTP/1.1[0m" 304 -
2025-05-04 11:27:31,424 - werkzeug - INFO - 127.0.0.1 - - [04/May/2025 11:27:31] "[36mGET /static/js/auth.js HTTP/1.1[0m" 304 -
2025-05-04 11:27:32,714 - app - INFO - User logged in: ayush
2025-05-04 11:27:32,715 - werkzeug - INFO - 127.0.0.1 - - [04/May/2025 11:27:32] "POST /login HTTP/1.1" 200 -
2025-05-04 11:27:32,739 - werkzeug - INFO - 127.0.0.1 - - [04/May/2025 11:27:32] "GET /dashboard HTTP/1.1" 200 -
2025-05-04 11:27:32,768 - werkzeug - INFO - 127.0.0.1 - - [04/May/2025 11:27:32] "[36mGET /static/css/style.css HTTP/1.1[0m" 304 -
2025-05-04 11:27:32,782 - werkzeug - INFO - 127.0.0.1 - - [04/May/2025 11:27:32] "[36mGET /static/js/dashboard.js HTTP/1.1[0m" 304 -
2025-05-04 11:27:32,848 - werkzeug - INFO - 127.0.0.1 - - [04/May/2025 11:27:32] "GET /api/get_analytics HTTP/1.1" 200 -
2025-05-04 11:51:15,881 - app - INFO - Database initialized successfully
2025-05-04 11:51:15,881 - app - INFO - Model configured: mistral-openorca:latest
2025-05-04 11:51:15,881 - app - INFO - Model configured: dolphin-mistral:latest
2025-05-04 11:51:15,881 - app - INFO - Model configured: wizard-math:7b
2025-05-04 11:51:15,882 - app - INFO - Model configured: mistral:7b-instruct
2025-05-04 11:51:15,948 - werkzeug - INFO - [31m[1mWARNING: This is a development server. Do not use it in a production deployment. Use a production WSGI server instead.[0m
 * Running on http://127.0.0.1:5000
2025-05-04 11:51:15,949 - werkzeug - INFO - [33mPress CTRL+C to quit[0m
2025-05-04 11:51:19,128 - werkzeug - INFO - 127.0.0.1 - - [04/May/2025 11:51:19] "GET / HTTP/1.1" 200 -
2025-05-04 11:51:19,410 - werkzeug - INFO - 127.0.0.1 - - [04/May/2025 11:51:19] "[36mGET /static/css/style.css HTTP/1.1[0m" 304 -
2025-05-04 11:51:20,513 - werkzeug - INFO - 127.0.0.1 - - [04/May/2025 11:51:20] "GET /login HTTP/1.1" 200 -
2025-05-04 11:51:20,550 - werkzeug - INFO - 127.0.0.1 - - [04/May/2025 11:51:20] "[36mGET /static/css/auth.css HTTP/1.1[0m" 304 -
2025-05-04 11:51:20,555 - werkzeug - INFO - 127.0.0.1 - - [04/May/2025 11:51:20] "[36mGET /static/js/auth.js HTTP/1.1[0m" 304 -
2025-05-04 11:51:22,045 - app - INFO - User logged in: ayush
2025-05-04 11:51:22,046 - werkzeug - INFO - 127.0.0.1 - - [04/May/2025 11:51:22] "POST /login HTTP/1.1" 200 -
2025-05-04 11:51:22,069 - werkzeug - INFO - 127.0.0.1 - - [04/May/2025 11:51:22] "GET /dashboard HTTP/1.1" 200 -
2025-05-04 11:51:22,112 - werkzeug - INFO - 127.0.0.1 - - [04/May/2025 11:51:22] "[36mGET /static/css/style.css HTTP/1.1[0m" 304 -
2025-05-04 11:51:22,116 - werkzeug - INFO - 127.0.0.1 - - [04/May/2025 11:51:22] "[36mGET /static/js/dashboard.js HTTP/1.1[0m" 304 -
2025-05-04 11:51:22,217 - werkzeug - INFO - 127.0.0.1 - - [04/May/2025 11:51:22] "GET /api/get_analytics HTTP/1.1" 200 -
2025-05-05 14:35:50,866 - app - INFO - Database initialized successfully
2025-05-05 14:35:50,870 - app - INFO - Model configured: wizard-math:7b
2025-05-05 14:35:50,870 - app - INFO - Model configured: mistral-openorca:latest
2025-05-05 14:35:50,870 - app - INFO - Model configured: dolphin-mistral:latest
2025-05-05 14:35:50,870 - app - INFO - Model configured: mistral:7b-instruct
2025-05-05 14:35:50,887 - werkzeug - INFO - [31m[1mWARNING: This is a development server. Do not use it in a production deployment. Use a production WSGI server instead.[0m
 * Running on http://127.0.0.1:5000
2025-05-05 14:35:50,887 - werkzeug - INFO - [33mPress CTRL+C to quit[0m
2025-05-05 14:35:54,672 - werkzeug - INFO - 127.0.0.1 - - [05/May/2025 14:35:54] "GET / HTTP/1.1" 200 -
2025-05-05 14:35:54,978 - werkzeug - INFO - 127.0.0.1 - - [05/May/2025 14:35:54] "GET /static/css/style.css HTTP/1.1" 200 -
2025-05-05 14:35:56,386 - werkzeug - INFO - 127.0.0.1 - - [05/May/2025 14:35:56] "GET /login HTTP/1.1" 200 -
2025-05-05 14:35:56,419 - werkzeug - INFO - 127.0.0.1 - - [05/May/2025 14:35:56] "GET /static/css/auth.css HTTP/1.1" 200 -
2025-05-05 14:35:56,420 - werkzeug - INFO - 127.0.0.1 - - [05/May/2025 14:35:56] "GET /static/js/auth.js HTTP/1.1" 200 -
2025-05-05 14:35:58,062 - app - INFO - User logged in: ayush
2025-05-05 14:35:58,063 - werkzeug - INFO - 127.0.0.1 - - [05/May/2025 14:35:58] "POST /login HTTP/1.1" 200 -
2025-05-05 14:35:58,093 - werkzeug - INFO - 127.0.0.1 - - [05/May/2025 14:35:58] "GET /dashboard HTTP/1.1" 200 -
2025-05-05 14:35:58,112 - werkzeug - INFO - 127.0.0.1 - - [05/May/2025 14:35:58] "[36mGET /static/css/style.css HTTP/1.1[0m" 304 -
2025-05-05 14:35:58,148 - werkzeug - INFO - 127.0.0.1 - - [05/May/2025 14:35:58] "GET /static/js/dashboard.js HTTP/1.1" 200 -
2025-05-05 14:35:58,185 - werkzeug - INFO - 127.0.0.1 - - [05/May/2025 14:35:58] "GET /api/get_analytics HTTP/1.1" 200 -
2025-05-05 14:36:00,485 - werkzeug - INFO - 127.0.0.1 - - [05/May/2025 14:36:00] "GET /chatbot?topic=math HTTP/1.1" 200 -
2025-05-05 14:36:00,504 - werkzeug - INFO - 127.0.0.1 - - [05/May/2025 14:36:00] "[36mGET /static/css/style.css HTTP/1.1[0m" 304 -
2025-05-05 14:37:12,453 - werkzeug - INFO - 127.0.0.1 - - [05/May/2025 14:37:12] "POST /api/get_questions HTTP/1.1" 200 -
2025-05-05 14:39:35,411 - modules.llm_handler - ERROR - Response formatting failed: No JSON block found in the response
2025-05-05 14:39:35,428 - werkzeug - INFO - 127.0.0.1 - - [05/May/2025 14:39:35] "POST /api/chat HTTP/1.1" 200 -
2025-05-05 14:41:01,216 - werkzeug - INFO - 127.0.0.1 - - [05/May/2025 14:41:01] "POST /api/get_questions HTTP/1.1" 200 -
2025-05-05 14:41:23,043 - werkzeug - INFO - 127.0.0.1 - - [05/May/2025 14:41:23] "GET /dashboard HTTP/1.1" 200 -
2025-05-05 14:41:23,064 - werkzeug - INFO - 127.0.0.1 - - [05/May/2025 14:41:23] "[36mGET /static/css/style.css HTTP/1.1[0m" 304 -
2025-05-05 14:41:23,067 - werkzeug - INFO - 127.0.0.1 - - [05/May/2025 14:41:23] "[36mGET /static/js/dashboard.js HTTP/1.1[0m" 304 -
2025-05-05 14:41:23,084 - werkzeug - INFO - 127.0.0.1 - - [05/May/2025 14:41:23] "GET /api/get_analytics HTTP/1.1" 200 -
2025-05-05 14:50:44,492 - app - INFO - Database initialized successfully
2025-05-05 14:50:44,492 - app - INFO - Model configured: mistral-openorca:latest
2025-05-05 14:50:44,492 - app - INFO - Model configured: mistral:7b-instruct
2025-05-05 14:50:44,493 - app - INFO - Model configured: dolphin-mistral:latest
2025-05-05 14:50:44,493 - app - INFO - Model configured: wizard-math:7b
2025-05-05 14:50:44,521 - werkzeug - INFO - [31m[1mWARNING: This is a development server. Do not use it in a production deployment. Use a production WSGI server instead.[0m
 * Running on http://127.0.0.1:5000
2025-05-05 14:50:44,521 - werkzeug - INFO - [33mPress CTRL+C to quit[0m
2025-05-05 14:50:47,128 - werkzeug - INFO - 127.0.0.1 - - [05/May/2025 14:50:47] "GET / HTTP/1.1" 200 -
2025-05-05 14:50:47,358 - werkzeug - INFO - 127.0.0.1 - - [05/May/2025 14:50:47] "[36mGET /static/css/style.css HTTP/1.1[0m" 304 -
2025-05-05 14:50:48,996 - werkzeug - INFO - 127.0.0.1 - - [05/May/2025 14:50:48] "GET /login HTTP/1.1" 200 -
2025-05-05 14:50:49,018 - werkzeug - INFO - 127.0.0.1 - - [05/May/2025 14:50:49] "[36mGET /static/css/auth.css HTTP/1.1[0m" 304 -
2025-05-05 14:50:49,022 - werkzeug - INFO - 127.0.0.1 - - [05/May/2025 14:50:49] "[36mGET /static/js/auth.js HTTP/1.1[0m" 304 -
2025-05-05 14:50:50,528 - app - INFO - User logged in: ayush
2025-05-05 14:50:50,529 - werkzeug - INFO - 127.0.0.1 - - [05/May/2025 14:50:50] "POST /login HTTP/1.1" 200 -
2025-05-05 14:50:50,556 - werkzeug - INFO - 127.0.0.1 - - [05/May/2025 14:50:50] "GET /dashboard HTTP/1.1" 200 -
2025-05-05 14:50:50,577 - werkzeug - INFO - 127.0.0.1 - - [05/May/2025 14:50:50] "[36mGET /static/css/style.css HTTP/1.1[0m" 304 -
2025-05-05 14:50:50,580 - werkzeug - INFO - 127.0.0.1 - - [05/May/2025 14:50:50] "[36mGET /static/js/dashboard.js HTTP/1.1[0m" 304 -
2025-05-05 14:50:50,647 - werkzeug - INFO - 127.0.0.1 - - [05/May/2025 14:50:50] "GET /api/get_analytics HTTP/1.1" 200 -
2025-05-05 14:50:56,449 - werkzeug - INFO - 127.0.0.1 - - [05/May/2025 14:50:56] "GET /chatbot?topic=english HTTP/1.1" 200 -
2025-05-05 14:50:56,468 - werkzeug - INFO - 127.0.0.1 - - [05/May/2025 14:50:56] "[36mGET /static/css/style.css HTTP/1.1[0m" 304 -
2025-05-05 14:52:18,761 - app - WARNING - Correct answer not in options. Adjusting response.
2025-05-05 14:52:18,762 - werkzeug - INFO - 127.0.0.1 - - [05/May/2025 14:52:18] "POST /api/get_questions HTTP/1.1" 200 -
2025-05-05 14:54:42,980 - modules.llm_handler - WARNING - Attempt 1 failed, retrying in 5 seconds...
2025-05-05 14:56:25,935 - modules.llm_handler - ERROR - Response formatting failed: No JSON block found in the response
2025-05-05 14:56:25,964 - werkzeug - INFO - 127.0.0.1 - - [05/May/2025 14:56:25] "POST /api/chat HTTP/1.1" 200 -
2025-05-05 14:57:35,614 - app - WARNING - Correct answer not in options. Adjusting response.
2025-05-05 14:57:35,615 - werkzeug - INFO - 127.0.0.1 - - [05/May/2025 14:57:35] "POST /api/get_questions HTTP/1.1" 200 -
2025-05-05 14:59:50,550 - modules.llm_handler - ERROR - Response formatting failed: No JSON block found in the response
2025-05-05 14:59:50,584 - werkzeug - INFO - 127.0.0.1 - - [05/May/2025 14:59:50] "POST /api/chat HTTP/1.1" 200 -
2025-05-05 15:00:50,663 - app - INFO - Database initialized successfully
2025-05-05 15:00:50,664 - app - INFO - Model configured: dolphin-mistral:latest
2025-05-05 15:00:50,664 - app - INFO - Model configured: wizard-math:7b
2025-05-05 15:00:50,664 - app - INFO - Model configured: mistral-openorca:latest
2025-05-05 15:00:50,665 - app - INFO - Model configured: mistral:7b-instruct
2025-05-05 15:00:50,707 - werkzeug - INFO - [31m[1mWARNING: This is a development server. Do not use it in a production deployment. Use a production WSGI server instead.[0m
 * Running on http://127.0.0.1:5000
2025-05-05 15:00:50,707 - werkzeug - INFO - [33mPress CTRL+C to quit[0m
2025-05-05 15:00:54,922 - werkzeug - INFO - 127.0.0.1 - - [05/May/2025 15:00:54] "GET / HTTP/1.1" 200 -
2025-05-05 15:00:55,054 - werkzeug - INFO - 127.0.0.1 - - [05/May/2025 15:00:55] "[36mGET /static/css/style.css HTTP/1.1[0m" 304 -
2025-05-05 15:00:57,848 - werkzeug - INFO - 127.0.0.1 - - [05/May/2025 15:00:57] "GET /login HTTP/1.1" 200 -
2025-05-05 15:00:57,872 - werkzeug - INFO - 127.0.0.1 - - [05/May/2025 15:00:57] "[36mGET /static/css/auth.css HTTP/1.1[0m" 304 -
2025-05-05 15:00:57,880 - werkzeug - INFO - 127.0.0.1 - - [05/May/2025 15:00:57] "[36mGET /static/js/auth.js HTTP/1.1[0m" 304 -
2025-05-05 15:00:59,379 - app - INFO - User logged in: ayush
2025-05-05 15:00:59,380 - werkzeug - INFO - 127.0.0.1 - - [05/May/2025 15:00:59] "POST /login HTTP/1.1" 200 -
2025-05-05 15:00:59,403 - werkzeug - INFO - 127.0.0.1 - - [05/May/2025 15:00:59] "GET /dashboard HTTP/1.1" 200 -
2025-05-05 15:00:59,429 - werkzeug - INFO - 127.0.0.1 - - [05/May/2025 15:00:59] "[36mGET /static/css/style.css HTTP/1.1[0m" 304 -
2025-05-05 15:00:59,445 - werkzeug - INFO - 127.0.0.1 - - [05/May/2025 15:00:59] "[36mGET /static/js/dashboard.js HTTP/1.1[0m" 304 -
2025-05-05 15:00:59,508 - werkzeug - INFO - 127.0.0.1 - - [05/May/2025 15:00:59] "GET /api/get_analytics HTTP/1.1" 200 -
2025-05-05 15:01:05,131 - werkzeug - INFO - 127.0.0.1 - - [05/May/2025 15:01:05] "GET /chatbot?topic=math HTTP/1.1" 200 -
2025-05-05 15:01:05,153 - werkzeug - INFO - 127.0.0.1 - - [05/May/2025 15:01:05] "[36mGET /static/css/style.css HTTP/1.1[0m" 304 -
2025-05-05 15:02:31,673 - werkzeug - INFO - 127.0.0.1 - - [05/May/2025 15:02:31] "POST /api/get_questions HTTP/1.1" 200 -
2025-05-05 15:04:39,808 - modules.llm_handler - ERROR - Response formatting failed: No JSON block found in the response
2025-05-05 15:04:39,832 - werkzeug - INFO - 127.0.0.1 - - [05/May/2025 15:04:39] "POST /api/chat HTTP/1.1" 200 -
2025-05-05 15:06:47,048 - modules.llm_handler - WARNING - Attempt 1 failed, retrying in 5 seconds...
2025-05-05 15:23:31,283 - app - INFO - Database initialized successfully
2025-05-05 15:23:31,284 - app - INFO - Model configured: mistral-openorca:latest
2025-05-05 15:23:31,285 - app - INFO - Model configured: dolphin-mistral:latest
2025-05-05 15:23:31,286 - app - INFO - Model configured: mistral:7b-instruct
2025-05-05 15:23:31,287 - app - INFO - Model configured: wizard-math:7b
2025-05-05 15:23:31,338 - werkzeug - INFO - [31m[1mWARNING: This is a development server. Do not use it in a production deployment. Use a production WSGI server instead.[0m
 * Running on http://127.0.0.1:5000
2025-05-05 15:23:31,338 - werkzeug - INFO - [33mPress CTRL+C to quit[0m
2025-05-05 15:23:35,752 - werkzeug - INFO - 127.0.0.1 - - [05/May/2025 15:23:35] "GET / HTTP/1.1" 200 -
2025-05-05 15:23:36,120 - werkzeug - INFO - 127.0.0.1 - - [05/May/2025 15:23:36] "[36mGET /static/css/style.css HTTP/1.1[0m" 304 -
2025-05-05 15:23:41,736 - werkzeug - INFO - 127.0.0.1 - - [05/May/2025 15:23:41] "GET /login HTTP/1.1" 200 -
2025-05-05 15:23:41,778 - werkzeug - INFO - 127.0.0.1 - - [05/May/2025 15:23:41] "[36mGET /static/css/auth.css HTTP/1.1[0m" 304 -
2025-05-05 15:23:41,787 - werkzeug - INFO - 127.0.0.1 - - [05/May/2025 15:23:41] "[36mGET /static/js/auth.js HTTP/1.1[0m" 304 -
2025-05-05 15:23:43,069 - app - INFO - User logged in: ayush
2025-05-05 15:23:43,070 - werkzeug - INFO - 127.0.0.1 - - [05/May/2025 15:23:43] "POST /login HTTP/1.1" 200 -
2025-05-05 15:23:43,095 - werkzeug - INFO - 127.0.0.1 - - [05/May/2025 15:23:43] "GET /dashboard HTTP/1.1" 200 -
2025-05-05 15:23:43,119 - werkzeug - INFO - 127.0.0.1 - - [05/May/2025 15:23:43] "[36mGET /static/css/style.css HTTP/1.1[0m" 304 -
2025-05-05 15:23:43,123 - werkzeug - INFO - 127.0.0.1 - - [05/May/2025 15:23:43] "[36mGET /static/js/dashboard.js HTTP/1.1[0m" 304 -
2025-05-05 15:23:43,142 - werkzeug - INFO - 127.0.0.1 - - [05/May/2025 15:23:43] "GET /api/get_analytics HTTP/1.1" 200 -
2025-05-05 15:23:43,924 - werkzeug - INFO - 127.0.0.1 - - [05/May/2025 15:23:43] "GET /chatbot?topic=math HTTP/1.1" 200 -
2025-05-05 15:23:43,970 - werkzeug - INFO - 127.0.0.1 - - [05/May/2025 15:23:43] "[36mGET /static/css/style.css HTTP/1.1[0m" 304 -
2025-05-05 15:25:39,944 - modules.llm_handler - ERROR - Failed to parse JSON: Invalid control character at: line 10 column 89 (char 224). Returning raw JSON block.
2025-05-05 15:25:39,945 - app - ERROR - JSON parse error: Invalid control character at: line 10 column 89 (char 224). Response: {
  "question": "What is the product of 3 and 4?",
  "options": [
    "11",
    "12",
    "13",
    "14"
  ],
  "correct_answer": "12",
  "explanation": "To find the product of 3 and 4, we multiply the two numbers together. 
3 * 4 = 12. The answer is 12."
}
2025-05-05 15:25:39,945 - werkzeug - INFO - 127.0.0.1 - - [05/May/2025 15:25:39] "[35m[1mPOST /api/get_questions HTTP/1.1[0m" 502 -
2025-05-05 15:26:21,816 - app - INFO - Database initialized successfully
2025-05-05 15:26:21,817 - app - INFO - Model configured: wizard-math:7b
2025-05-05 15:26:21,817 - app - INFO - Model configured: mistral-openorca:latest
2025-05-05 15:26:21,817 - app - INFO - Model configured: dolphin-mistral:latest
2025-05-05 15:26:21,818 - app - INFO - Model configured: mistral:7b-instruct
2025-05-05 15:26:21,857 - werkzeug - INFO - [31m[1mWARNING: This is a development server. Do not use it in a production deployment. Use a production WSGI server instead.[0m
 * Running on http://127.0.0.1:5000
2025-05-05 15:26:21,857 - werkzeug - INFO - [33mPress CTRL+C to quit[0m
2025-05-05 15:26:24,957 - werkzeug - INFO - 127.0.0.1 - - [05/May/2025 15:26:24] "GET / HTTP/1.1" 200 -
2025-05-05 15:26:25,060 - werkzeug - INFO - 127.0.0.1 - - [05/May/2025 15:26:25] "[36mGET /static/css/style.css HTTP/1.1[0m" 304 -
2025-05-05 15:26:26,910 - werkzeug - INFO - 127.0.0.1 - - [05/May/2025 15:26:26] "GET /login HTTP/1.1" 200 -
2025-05-05 15:26:26,932 - werkzeug - INFO - 127.0.0.1 - - [05/May/2025 15:26:26] "[36mGET /static/css/auth.css HTTP/1.1[0m" 304 -
2025-05-05 15:26:26,940 - werkzeug - INFO - 127.0.0.1 - - [05/May/2025 15:26:26] "[36mGET /static/js/auth.js HTTP/1.1[0m" 304 -
2025-05-05 15:26:29,819 - app - INFO - User logged in: ayush
2025-05-05 15:26:29,820 - werkzeug - INFO - 127.0.0.1 - - [05/May/2025 15:26:29] "POST /login HTTP/1.1" 200 -
2025-05-05 15:26:29,854 - werkzeug - INFO - 127.0.0.1 - - [05/May/2025 15:26:29] "GET /dashboard HTTP/1.1" 200 -
2025-05-05 15:26:29,878 - werkzeug - INFO - 127.0.0.1 - - [05/May/2025 15:26:29] "[36mGET /static/css/style.css HTTP/1.1[0m" 304 -
2025-05-05 15:26:29,882 - werkzeug - INFO - 127.0.0.1 - - [05/May/2025 15:26:29] "[36mGET /static/js/dashboard.js HTTP/1.1[0m" 304 -
2025-05-05 15:26:29,903 - werkzeug - INFO - 127.0.0.1 - - [05/May/2025 15:26:29] "GET /api/get_analytics HTTP/1.1" 200 -
2025-05-05 15:26:32,433 - werkzeug - INFO - 127.0.0.1 - - [05/May/2025 15:26:32] "GET /chatbot?topic=math HTTP/1.1" 200 -
2025-05-05 15:26:32,462 - werkzeug - INFO - 127.0.0.1 - - [05/May/2025 15:26:32] "[36mGET /static/css/style.css HTTP/1.1[0m" 304 -
2025-05-05 15:26:59,742 - werkzeug - INFO - 127.0.0.1 - - [05/May/2025 15:26:59] "POST /api/get_questions HTTP/1.1" 200 -
2025-05-05 15:28:54,162 - modules.llm_handler - WARNING - No JSON block found. Returning raw response.
2025-05-05 15:28:54,181 - werkzeug - INFO - 127.0.0.1 - - [05/May/2025 15:28:54] "POST /api/chat HTTP/1.1" 200 -
